<?xml version="1.0" encoding="UTF-8"?>
<!-- Generated by org.testng.reporters.JUnitXMLReporter -->
<testsuite hostname="Yaroslavs-MacBook-Air.local" ignored="0" name="Default test" tests="1" failures="1" timestamp="15 Feb 2018 06:18:06 GMT" time="12.709" errors="0">
  <testcase name="testProfile" time="12.191" classname="com.qtpselenium.facebook.pom.testCases.ProfileTest">
    <failure type="java.lang.StackOverflowError">
      <![CDATA[java.lang.StackOverflowError
	at com.qtpselenium.facebook.pom.pages.ProfilePage.takeScreenShot(ProfilePage.java:28)
	at com.qtpselenium.facebook.pom.pages.ProfilePage.takeScreenShot(ProfilePage.java:28)
	at com.qtpselenium.facebook.pom.pages.ProfilePage.takeScreenShot(ProfilePage.java:28)
	at com.qtpselenium.facebook.pom.pages.ProfilePage.takeScreenShot(ProfilePage.java:28)
	at com.qtpselenium.facebook.pom.pages.ProfilePage.takeScreenShot(ProfilePage.java:28)
	at com.qtpselenium.facebook.pom.pages.ProfilePage.takeScreenShot(ProfilePage.java:28)
	at com.qtpselenium.facebook.pom.pages.ProfilePage.takeScreenShot(ProfilePage.java:28)
	at com.qtpselenium.facebook.pom.pages.ProfilePage.takeScreenShot(ProfilePage.java:28)
	at com.qtpselenium.facebook.pom.pages.ProfilePage.takeScreenShot(ProfilePage.java:28)
	at com.qtpselenium.facebook.pom.pages.ProfilePage.takeScreenShot(ProfilePage.java:28)
	at com.qtpselenium.facebook.pom.pages.ProfilePage.takeScreenShot(ProfilePage.java:28)
	at com.qtpselenium.facebook.pom.pages.ProfilePage.takeScreenShot(ProfilePage.java:28)
	at com.qtpselenium.facebook.pom.pages.ProfilePage.takeScreenShot(ProfilePage.java:28)
	at com.qtpselenium.facebook.pom.pages.ProfilePage.takeScreenShot(ProfilePage.java:28)
	at com.qtpselenium.facebook.pom.pages.ProfilePage.takeScreenShot(ProfilePage.java:28)
	at com.qtpselenium.facebook.pom.pages.ProfilePage.takeScreenShot(ProfilePage.java:28)
	at com.qtpselenium.facebook.pom.pages.ProfilePage.takeScreenShot(ProfilePage.java:28)
	at com.qtpselenium.facebook.pom.pages.ProfilePage.takeScreenShot(ProfilePage.java:28)
	at com.qtpselenium.facebook.pom.pages.ProfilePage.takeScreenShot(ProfilePage.java:28)
	at com.qtpselenium.facebook.pom.pages.ProfilePage.takeScreenShot(ProfilePage.java:28)
	at com.qtpselenium.facebook.pom.pages.ProfilePage.takeScreenShot(ProfilePage.java:28)
	at com.qtpselenium.facebook.pom.pages.ProfilePage.takeScreenShot(ProfilePage.java:28)
	at com.qtpselenium.facebook.pom.pages.ProfilePage.takeScreenShot(ProfilePage.java:28)
	at com.qtpselenium.facebook.pom.pages.ProfilePage.takeScreenShot(ProfilePage.java:28)
	at com.qtpselenium.facebook.pom.pages.ProfilePage.takeScreenShot(ProfilePage.java:28)
	at com.qtpselenium.facebook.pom.pages.ProfilePage.takeScreenShot(ProfilePage.java:28)
	at com.qtpselenium.facebook.pom.pages.ProfilePage.takeScreenShot(ProfilePage.java:28)
	at com.qtpselenium.facebook.pom.pages.ProfilePage.takeScreenShot(ProfilePage.java:28)
	at com.qtpselenium.facebook.pom.pages.ProfilePage.takeScreenShot(ProfilePage.java:28)
	at com.qtpselenium.facebook.pom.pages.ProfilePage.takeScreenShot(ProfilePage.java:28)
	at com.qtpselenium.facebook.pom.pages.ProfilePage.takeScreenShot(ProfilePage.java:28)
	at com.qtpselenium.facebook.pom.pages.ProfilePage.takeScreenShot(ProfilePage.java:28)
	at com.qtpselenium.facebook.pom.pages.ProfilePage.takeScreenShot(ProfilePage.java:28)
	at com.qtpselenium.facebook.pom.pages.ProfilePage.takeScreenShot(ProfilePage.java:28)
	at com.qtpselenium.facebook.pom.pages.ProfilePage.takeScreenShot(ProfilePage.java:28)
	at com.qtpselenium.facebook.pom.pages.ProfilePage.takeScreenShot(ProfilePage.java:28)
	at com.qtpselenium.facebook.pom.pages.ProfilePage.takeScreenShot(ProfilePage.java:28)
	at com.qtpselenium.facebook.pom.pages.ProfilePage.takeScreenShot(ProfilePage.java:28)
	at com.qtpselenium.facebook.pom.pages.ProfilePage.takeScreenShot(ProfilePage.java:28)
	at com.qtpselenium.facebook.pom.pages.ProfilePage.takeScreenShot(ProfilePage.java:28)
	at com.qtpselenium.facebook.pom.pages.ProfilePage.takeScreenShot(ProfilePage.java:28)
	at com.qtpselenium.facebook.pom.pages.ProfilePage.takeScreenShot(ProfilePage.java:28)
	at com.qtpselenium.facebook.pom.pages.ProfilePage.takeScreenShot(ProfilePage.java:28)
	at com.qtpselenium.facebook.pom.pages.ProfilePage.takeScreenShot(ProfilePage.java:28)
	at com.qtpselenium.facebook.pom.pages.ProfilePage.takeScreenShot(ProfilePage.java:28)
	at com.qtpselenium.facebook.pom.pages.ProfilePage.takeScreenShot(ProfilePage.java:28)
	at com.qtpselenium.facebook.pom.pages.ProfilePage.takeScreenShot(ProfilePage.java:28)
	at com.qtpselenium.facebook.pom.pages.ProfilePage.takeScreenShot(ProfilePage.java:28)
	at com.qtpselenium.facebook.pom.pages.ProfilePage.takeScreenShot(ProfilePage.java:28)
	at com.qtpselenium.facebook.pom.pages.ProfilePage.takeScreenShot(ProfilePage.java:28)
	at com.qtpselenium.facebook.pom.pages.ProfilePage.takeScreenShot(ProfilePage.java:28)
	at com.qtpselenium.facebook.pom.pages.ProfilePage.takeScreenShot(ProfilePage.java:28)
	at com.qtpselenium.facebook.pom.pages.ProfilePage.takeScreenShot(ProfilePage.java:28)
	at com.qtpselenium.facebook.pom.pages.ProfilePage.takeScreenShot(ProfilePage.java:28)
	at com.qtpselenium.facebook.pom.pages.ProfilePage.takeScreenShot(ProfilePage.java:28)
	at com.qtpselenium.facebook.pom.pages.ProfilePage.takeScreenShot(ProfilePage.java:28)
	at com.qtpselenium.facebook.pom.pages.ProfilePage.takeScreenShot(ProfilePage.java:28)
	at com.qtpselenium.facebook.pom.pages.ProfilePage.takeScreenShot(ProfilePage.java:28)
	at com.qtpselenium.facebook.pom.pages.ProfilePage.takeScreenShot(ProfilePage.java:28)
	at com.qtpselenium.facebook.pom.pages.ProfilePage.takeScreenShot(ProfilePage.java:28)
	at com.qtpselenium.facebook.pom.pages.ProfilePage.takeScreenShot(ProfilePage.java:28)
	at com.qtpselenium.facebook.pom.pages.ProfilePage.takeScreenShot(ProfilePage.java:28)
	at com.qtpselenium.facebook.pom.pages.ProfilePage.takeScreenShot(ProfilePage.java:28)
	at com.qtpselenium.facebook.pom.pages.ProfilePage.takeScreenShot(ProfilePage.java:28)
	at com.qtpselenium.facebook.pom.pages.ProfilePage.takeScreenShot(ProfilePage.java:28)
	at com.qtpselenium.facebook.pom.pages.ProfilePage.takeScreenShot(ProfilePage.java:28)
	at com.qtpselenium.facebook.pom.pages.ProfilePage.takeScreenShot(ProfilePage.java:28)
	at com.qtpselenium.facebook.pom.pages.ProfilePage.takeScreenShot(ProfilePage.java:28)
	at com.qtpselenium.facebook.pom.pages.ProfilePage.takeScreenShot(ProfilePage.java:28)
	at com.qtpselenium.facebook.pom.pages.ProfilePage.takeScreenShot(ProfilePage.java:28)
	at com.qtpselenium.facebook.pom.pages.ProfilePage.takeScreenShot(ProfilePage.java:28)
	at com.qtpselenium.facebook.pom.pages.ProfilePage.takeScreenShot(ProfilePage.java:28)
	at com.qtpselenium.facebook.pom.pages.ProfilePage.takeScreenShot(ProfilePage.java:28)
	at com.qtpselenium.facebook.pom.pages.ProfilePage.takeScreenShot(ProfilePage.java:28)
	at com.qtpselenium.facebook.pom.pages.ProfilePage.takeScreenShot(ProfilePage.java:28)
	at com.qtpselenium.facebook.pom.pages.ProfilePage.takeScreenShot(ProfilePage.java:28)
	at com.qtpselenium.facebook.pom.pages.ProfilePage.takeScreenShot(ProfilePage.java:28)
	at com.qtpselenium.facebook.pom.pages.ProfilePage.takeScreenShot(ProfilePage.java:28)
	at com.qtpselenium.facebook.pom.pages.ProfilePage.takeScreenShot(ProfilePage.java:28)
	at com.qtpselenium.facebook.pom.pages.ProfilePage.takeScreenShot(ProfilePage.java:28)
	at com.qtpselenium.facebook.pom.pages.ProfilePage.takeScreenShot(ProfilePage.java:28)
	at com.qtpselenium.facebook.pom.pages.ProfilePage.takeScreenShot(ProfilePage.java:28)
	at com.qtpselenium.facebook.pom.pages.ProfilePage.takeScreenShot(ProfilePage.java:28)
	at com.qtpselenium.facebook.pom.pages.ProfilePage.takeScreenShot(ProfilePage.java:28)
	at com.qtpselenium.facebook.pom.pages.ProfilePage.takeScreenShot(ProfilePage.java:28)
	at com.qtpselenium.facebook.pom.pages.ProfilePage.takeScreenShot(ProfilePage.java:28)
	at com.qtpselenium.facebook.pom.pages.ProfilePage.takeScreenShot(ProfilePage.java:28)
	at com.qtpselenium.facebook.pom.pages.ProfilePage.takeScreenShot(ProfilePage.java:28)
	at com.qtpselenium.facebook.pom.pages.ProfilePage.takeScreenShot(ProfilePage.java:28)
	at com.qtpselenium.facebook.pom.pages.ProfilePage.takeScreenShot(ProfilePage.java:28)
	at com.qtpselenium.facebook.pom.pages.ProfilePage.takeScreenShot(ProfilePage.java:28)
	at com.qtpselenium.facebook.pom.pages.ProfilePage.takeScreenShot(ProfilePage.java:28)
	at com.qtpselenium.facebook.pom.pages.ProfilePage.takeScreenShot(ProfilePage.java:28)
	at com.qtpselenium.facebook.pom.pages.ProfilePage.takeScreenShot(ProfilePage.java:28)
	at com.qtpselenium.facebook.pom.pages.ProfilePage.takeScreenShot(ProfilePage.java:28)
	at com.qtpselenium.facebook.pom.pages.ProfilePage.takeScreenShot(ProfilePage.java:28)
	at com.qtpselenium.facebook.pom.pages.ProfilePage.takeScreenShot(ProfilePage.java:28)
	at com.qtpselenium.facebook.pom.pages.ProfilePage.takeScreenShot(ProfilePage.java:28)
	at com.qtpselenium.facebook.pom.pages.ProfilePage.takeScreenShot(ProfilePage.java:28)
	at com.qtpselenium.facebook.pom.pages.ProfilePage.takeScreenShot(ProfilePage.java:28)
	at com.qtpselenium.facebook.pom.pages.ProfilePage.takeScreenShot(ProfilePage.java:28)
	at com.qtpselenium.facebook.pom.pages.ProfilePage.takeScreenShot(ProfilePage.java:28)
	at com.qtpselenium.facebook.pom.pages.ProfilePage.takeScreenShot(ProfilePage.java:28)
	at com.qtpselenium.facebook.pom.pages.ProfilePage.takeScreenShot(ProfilePage.java:28)
	at com.qtpselenium.facebook.pom.pages.ProfilePage.takeScreenShot(ProfilePage.java:28)
	at com.qtpselenium.facebook.pom.pages.ProfilePage.takeScreenShot(ProfilePage.java:28)
	at com.qtpselenium.facebook.pom.pages.ProfilePage.takeScreenShot(ProfilePage.java:28)
	at com.qtpselenium.facebook.pom.pages.ProfilePage.takeScreenShot(ProfilePage.java:28)
	at com.qtpselenium.facebook.pom.pages.ProfilePage.takeScreenShot(ProfilePage.java:28)
	at com.qtpselenium.facebook.pom.pages.ProfilePage.takeScreenShot(ProfilePage.java:28)
	at com.qtpselenium.facebook.pom.pages.ProfilePage.takeScreenShot(ProfilePage.java:28)
	at com.qtpselenium.facebook.pom.pages.ProfilePage.takeScreenShot(ProfilePage.java:28)
	at com.qtpselenium.facebook.pom.pages.ProfilePage.takeScreenShot(ProfilePage.java:28)
	at com.qtpselenium.facebook.pom.pages.ProfilePage.takeScreenShot(ProfilePage.java:28)
	at com.qtpselenium.facebook.pom.pages.ProfilePage.takeScreenShot(ProfilePage.java:28)
	at com.qtpselenium.facebook.pom.pages.ProfilePage.takeScreenShot(ProfilePage.java:28)
	at com.qtpselenium.facebook.pom.pages.ProfilePage.takeScreenShot(ProfilePage.java:28)
	at com.qtpselenium.facebook.pom.pages.ProfilePage.takeScreenShot(ProfilePage.java:28)
	at com.qtpselenium.facebook.pom.pages.ProfilePage.takeScreenShot(ProfilePage.java:28)
	at com.qtpselenium.facebook.pom.pages.ProfilePage.takeScreenShot(ProfilePage.java:28)
	at com.qtpselenium.facebook.pom.pages.ProfilePage.takeScreenShot(ProfilePage.java:28)
	at com.qtpselenium.facebook.pom.pages.ProfilePage.takeScreenShot(ProfilePage.java:28)
	at com.qtpselenium.facebook.pom.pages.ProfilePage.takeScreenShot(ProfilePage.java:28)
	at com.qtpselenium.facebook.pom.pages.ProfilePage.takeScreenShot(ProfilePage.java:28)
	at com.qtpselenium.facebook.pom.pages.ProfilePage.takeScreenShot(ProfilePage.java:28)
	at com.qtpselenium.facebook.pom.pages.ProfilePage.takeScreenShot(ProfilePage.java:28)
	at com.qtpselenium.facebook.pom.pages.ProfilePage.takeScreenShot(ProfilePage.java:28)
	at com.qtpselenium.facebook.pom.pages.ProfilePage.takeScreenShot(ProfilePage.java:28)
	at com.qtpselenium.facebook.pom.pages.ProfilePage.takeScreenShot(ProfilePage.java:28)
	at com.qtpselenium.facebook.pom.pages.ProfilePage.takeScreenShot(ProfilePage.java:28)
	at com.qtpselenium.facebook.pom.pages.ProfilePage.takeScreenShot(ProfilePage.java:28)
	at com.qtpselenium.facebook.pom.pages.ProfilePage.takeScreenShot(ProfilePage.java:28)
	at com.qtpselenium.facebook.pom.pages.ProfilePage.takeScreenShot(ProfilePage.java:28)
	at com.qtpselenium.facebook.pom.pages.ProfilePage.takeScreenShot(ProfilePage.java:28)
	at com.qtpselenium.facebook.pom.pages.ProfilePage.takeScreenShot(ProfilePage.java:28)
	at com.qtpselenium.facebook.pom.pages.ProfilePage.takeScreenShot(ProfilePage.java:28)
	at com.qtpselenium.facebook.pom.pages.ProfilePage.takeScreenShot(ProfilePage.java:28)
	at com.qtpselenium.facebook.pom.pages.ProfilePage.takeScreenShot(ProfilePage.java:28)
	at com.qtpselenium.facebook.pom.pages.ProfilePage.takeScreenShot(ProfilePage.java:28)
	at com.qtpselenium.facebook.pom.pages.ProfilePage.takeScreenShot(ProfilePage.java:28)
	at com.qtpselenium.facebook.pom.pages.ProfilePage.takeScreenShot(ProfilePage.java:28)
	at com.qtpselenium.facebook.pom.pages.ProfilePage.takeScreenShot(ProfilePage.java:28)
	at com.qtpselenium.facebook.pom.pages.ProfilePage.takeScreenShot(ProfilePage.java:28)
	at com.qtpselenium.facebook.pom.pages.ProfilePage.takeScreenShot(ProfilePage.java:28)
	at com.qtpselenium.facebook.pom.pages.ProfilePage.takeScreenShot(ProfilePage.java:28)
	at com.qtpselenium.facebook.pom.pages.ProfilePage.takeScreenShot(ProfilePage.java:28)
	at com.qtpselenium.facebook.pom.pages.ProfilePage.takeScreenShot(ProfilePage.java:28)
	at com.qtpselenium.facebook.pom.pages.ProfilePage.takeScreenShot(ProfilePage.java:28)
	at com.qtpselenium.facebook.pom.pages.ProfilePage.takeScreenShot(ProfilePage.java:28)
	at com.qtpselenium.facebook.pom.pages.ProfilePage.takeScreenShot(ProfilePage.java:28)
	at com.qtpselenium.facebook.pom.pages.ProfilePage.takeScreenShot(ProfilePage.java:28)
	at com.qtpselenium.facebook.pom.pages.ProfilePage.takeScreenShot(ProfilePage.java:28)
	at com.qtpselenium.facebook.pom.pages.ProfilePage.takeScreenShot(ProfilePage.java:28)
	at com.qtpselenium.facebook.pom.pages.ProfilePage.takeScreenShot(ProfilePage.java:28)
	at com.qtpselenium.facebook.pom.pages.ProfilePage.takeScreenShot(ProfilePage.java:28)
	at com.qtpselenium.facebook.pom.pages.ProfilePage.takeScreenShot(ProfilePage.java:28)
	at com.qtpselenium.facebook.pom.pages.ProfilePage.takeScreenShot(ProfilePage.java:28)
	at com.qtpselenium.facebook.pom.pages.ProfilePage.takeScreenShot(ProfilePage.java:28)
	at com.qtpselenium.facebook.pom.pages.ProfilePage.takeScreenShot(ProfilePage.java:28)
	at com.qtpselenium.facebook.pom.pages.ProfilePage.takeScreenShot(ProfilePage.java:28)
	at com.qtpselenium.facebook.pom.pages.ProfilePage.takeScreenShot(ProfilePage.java:28)
	at com.qtpselenium.facebook.pom.pages.ProfilePage.takeScreenShot(ProfilePage.java:28)
	at com.qtpselenium.facebook.pom.pages.ProfilePage.takeScreenShot(ProfilePage.java:28)
	at com.qtpselenium.facebook.pom.pages.ProfilePage.takeScreenShot(ProfilePage.java:28)
	at com.qtpselenium.facebook.pom.pages.ProfilePage.takeScreenShot(ProfilePage.java:28)
	at com.qtpselenium.facebook.pom.pages.ProfilePage.takeScreenShot(ProfilePage.java:28)
	at com.qtpselenium.facebook.pom.pages.ProfilePage.takeScreenShot(ProfilePage.java:28)
	at com.qtpselenium.facebook.pom.pages.ProfilePage.takeScreenShot(ProfilePage.java:28)
	at com.qtpselenium.facebook.pom.pages.ProfilePage.takeScreenShot(ProfilePage.java:28)
	at com.qtpselenium.facebook.pom.pages.ProfilePage.takeScreenShot(ProfilePage.java:28)
	at com.qtpselenium.facebook.pom.pages.ProfilePage.takeScreenShot(ProfilePage.java:28)
	at com.qtpselenium.facebook.pom.pages.ProfilePage.takeScreenShot(ProfilePage.java:28)
	at com.qtpselenium.facebook.pom.pages.ProfilePage.takeScreenShot(ProfilePage.java:28)
	at com.qtpselenium.facebook.pom.pages.ProfilePage.takeScreenShot(ProfilePage.java:28)
	at com.qtpselenium.facebook.pom.pages.ProfilePage.takeScreenShot(ProfilePage.java:28)
	at com.qtpselenium.facebook.pom.pages.ProfilePage.takeScreenShot(ProfilePage.java:28)
	at com.qtpselenium.facebook.pom.pages.ProfilePage.takeScreenShot(ProfilePage.java:28)
	at com.qtpselenium.facebook.pom.pages.ProfilePage.takeScreenShot(ProfilePage.java:28)
	at com.qtpselenium.facebook.pom.pages.ProfilePage.takeScreenShot(ProfilePage.java:28)
	at com.qtpselenium.facebook.pom.pages.ProfilePage.takeScreenShot(ProfilePage.java:28)
	at com.qtpselenium.facebook.pom.pages.ProfilePage.takeScreenShot(ProfilePage.java:28)
	at com.qtpselenium.facebook.pom.pages.ProfilePage.takeScreenShot(ProfilePage.java:28)
	at com.qtpselenium.facebook.pom.pages.ProfilePage.takeScreenShot(ProfilePage.java:28)
	at com.qtpselenium.facebook.pom.pages.ProfilePage.takeScreenShot(ProfilePage.java:28)
	at com.qtpselenium.facebook.pom.pages.ProfilePage.takeScreenShot(ProfilePage.java:28)
	at com.qtpselenium.facebook.pom.pages.ProfilePage.takeScreenShot(ProfilePage.java:28)
	at com.qtpselenium.facebook.pom.pages.ProfilePage.takeScreenShot(ProfilePage.java:28)
	at com.qtpselenium.facebook.pom.pages.ProfilePage.takeScreenShot(ProfilePage.java:28)
	at com.qtpselenium.facebook.pom.pages.ProfilePage.takeScreenShot(ProfilePage.java:28)
	at com.qtpselenium.facebook.pom.pages.ProfilePage.takeScreenShot(ProfilePage.java:28)
	at com.qtpselenium.facebook.pom.pages.ProfilePage.takeScreenShot(ProfilePage.java:28)
	at com.qtpselenium.facebook.pom.pages.ProfilePage.takeScreenShot(ProfilePage.java:28)
	at com.qtpselenium.facebook.pom.pages.ProfilePage.takeScreenShot(ProfilePage.java:28)
	at com.qtpselenium.facebook.pom.pages.ProfilePage.takeScreenShot(ProfilePage.java:28)
	at com.qtpselenium.facebook.pom.pages.ProfilePage.takeScreenShot(ProfilePage.java:28)
	at com.qtpselenium.facebook.pom.pages.ProfilePage.takeScreenShot(ProfilePage.java:28)
	at com.qtpselenium.facebook.pom.pages.ProfilePage.takeScreenShot(ProfilePage.java:28)
	at com.qtpselenium.facebook.pom.pages.ProfilePage.takeScreenShot(ProfilePage.java:28)
	at com.qtpselenium.facebook.pom.pages.ProfilePage.takeScreenShot(ProfilePage.java:28)
	at com.qtpselenium.facebook.pom.pages.ProfilePage.takeScreenShot(ProfilePage.java:28)
	at com.qtpselenium.facebook.pom.pages.ProfilePage.takeScreenShot(ProfilePage.java:28)
	at com.qtpselenium.facebook.pom.pages.ProfilePage.takeScreenShot(ProfilePage.java:28)
	at com.qtpselenium.facebook.pom.pages.ProfilePage.takeScreenShot(ProfilePage.java:28)
	at com.qtpselenium.facebook.pom.pages.ProfilePage.takeScreenShot(ProfilePage.java:28)
	at com.qtpselenium.facebook.pom.pages.ProfilePage.takeScreenShot(ProfilePage.java:28)
	at com.qtpselenium.facebook.pom.pages.ProfilePage.takeScreenShot(ProfilePage.java:28)
	at com.qtpselenium.facebook.pom.pages.ProfilePage.takeScreenShot(ProfilePage.java:28)
	at com.qtpselenium.facebook.pom.pages.ProfilePage.takeScreenShot(ProfilePage.java:28)
	at com.qtpselenium.facebook.pom.pages.ProfilePage.takeScreenShot(ProfilePage.java:28)
	at com.qtpselenium.facebook.pom.pages.ProfilePage.takeScreenShot(ProfilePage.java:28)
	at com.qtpselenium.facebook.pom.pages.ProfilePage.takeScreenShot(ProfilePage.java:28)
	at com.qtpselenium.facebook.pom.pages.ProfilePage.takeScreenShot(ProfilePage.java:28)
	at com.qtpselenium.facebook.pom.pages.ProfilePage.takeScreenShot(ProfilePage.java:28)
	at com.qtpselenium.facebook.pom.pages.ProfilePage.takeScreenShot(ProfilePage.java:28)
	at com.qtpselenium.facebook.pom.pages.ProfilePage.takeScreenShot(ProfilePage.java:28)
	at com.qtpselenium.facebook.pom.pages.ProfilePage.takeScreenShot(ProfilePage.java:28)
	at com.qtpselenium.facebook.pom.pages.ProfilePage.takeScreenShot(ProfilePage.java:28)
	at com.qtpselenium.facebook.pom.pages.ProfilePage.takeScreenShot(ProfilePage.java:28)
	at com.qtpselenium.facebook.pom.pages.ProfilePage.takeScreenShot(ProfilePage.java:28)
	at com.qtpselenium.facebook.pom.pages.ProfilePage.takeScreenShot(ProfilePage.java:28)
	at com.qtpselenium.facebook.pom.pages.ProfilePage.takeScreenShot(ProfilePage.java:28)
	at com.qtpselenium.facebook.pom.pages.ProfilePage.takeScreenShot(ProfilePage.java:28)
	at com.qtpselenium.facebook.pom.pages.ProfilePage.takeScreenShot(ProfilePage.java:28)
	at com.qtpselenium.facebook.pom.pages.ProfilePage.takeScreenShot(ProfilePage.java:28)
	at com.qtpselenium.facebook.pom.pages.ProfilePage.takeScreenShot(ProfilePage.java:28)
	at com.qtpselenium.facebook.pom.pages.ProfilePage.takeScreenShot(ProfilePage.java:28)
	at com.qtpselenium.facebook.pom.pages.ProfilePage.takeScreenShot(ProfilePage.java:28)
	at com.qtpselenium.facebook.pom.pages.ProfilePage.takeScreenShot(ProfilePage.java:28)
	at com.qtpselenium.facebook.pom.pages.ProfilePage.takeScreenShot(ProfilePage.java:28)
	at com.qtpselenium.facebook.pom.pages.ProfilePage.takeScreenShot(ProfilePage.java:28)
	at com.qtpselenium.facebook.pom.pages.ProfilePage.takeScreenShot(ProfilePage.java:28)
	at com.qtpselenium.facebook.pom.pages.ProfilePage.takeScreenShot(ProfilePage.java:28)
	at com.qtpselenium.facebook.pom.pages.ProfilePage.takeScreenShot(ProfilePage.java:28)
	at com.qtpselenium.facebook.pom.pages.ProfilePage.takeScreenShot(ProfilePage.java:28)
	at com.qtpselenium.facebook.pom.pages.ProfilePage.takeScreenShot(ProfilePage.java:28)
	at com.qtpselenium.facebook.pom.pages.ProfilePage.takeScreenShot(ProfilePage.java:28)
	at com.qtpselenium.facebook.pom.pages.ProfilePage.takeScreenShot(ProfilePage.java:28)
	at com.qtpselenium.facebook.pom.pages.ProfilePage.takeScreenShot(ProfilePage.java:28)
	at com.qtpselenium.facebook.pom.pages.ProfilePage.takeScreenShot(ProfilePage.java:28)
	at com.qtpselenium.facebook.pom.pages.ProfilePage.takeScreenShot(ProfilePage.java:28)
	at com.qtpselenium.facebook.pom.pages.ProfilePage.takeScreenShot(ProfilePage.java:28)
	at com.qtpselenium.facebook.pom.pages.ProfilePage.takeScreenShot(ProfilePage.java:28)
	at com.qtpselenium.facebook.pom.pages.ProfilePage.takeScreenShot(ProfilePage.java:28)
	at com.qtpselenium.facebook.pom.pages.ProfilePage.takeScreenShot(ProfilePage.java:28)
	at com.qtpselenium.facebook.pom.pages.ProfilePage.takeScreenShot(ProfilePage.java:28)
	at com.qtpselenium.facebook.pom.pages.ProfilePage.takeScreenShot(ProfilePage.java:28)
	at com.qtpselenium.facebook.pom.pages.ProfilePage.takeScreenShot(ProfilePage.java:28)
	at com.qtpselenium.facebook.pom.pages.ProfilePage.takeScreenShot(ProfilePage.java:28)
	at com.qtpselenium.facebook.pom.pages.ProfilePage.takeScreenShot(ProfilePage.java:28)
	at com.qtpselenium.facebook.pom.pages.ProfilePage.takeScreenShot(ProfilePage.java:28)
	at com.qtpselenium.facebook.pom.pages.ProfilePage.takeScreenShot(ProfilePage.java:28)
	at com.qtpselenium.facebook.pom.pages.ProfilePage.takeScreenShot(ProfilePage.java:28)
	at com.qtpselenium.facebook.pom.pages.ProfilePage.takeScreenShot(ProfilePage.java:28)
	at com.qtpselenium.facebook.pom.pages.ProfilePage.takeScreenShot(ProfilePage.java:28)
	at com.qtpselenium.facebook.pom.pages.ProfilePage.takeScreenShot(ProfilePage.java:28)
	at com.qtpselenium.facebook.pom.pages.ProfilePage.takeScreenShot(ProfilePage.java:28)
	at com.qtpselenium.facebook.pom.pages.ProfilePage.takeScreenShot(ProfilePage.java:28)
	at com.qtpselenium.facebook.pom.pages.ProfilePage.takeScreenShot(ProfilePage.java:28)
	at com.qtpselenium.facebook.pom.pages.ProfilePage.takeScreenShot(ProfilePage.java:28)
	at com.qtpselenium.facebook.pom.pages.ProfilePage.takeScreenShot(ProfilePage.java:28)
	at com.qtpselenium.facebook.pom.pages.ProfilePage.takeScreenShot(ProfilePage.java:28)
	at com.qtpselenium.facebook.pom.pages.ProfilePage.takeScreenShot(ProfilePage.java:28)
	at com.qtpselenium.facebook.pom.pages.ProfilePage.takeScreenShot(ProfilePage.java:28)
	at com.qtpselenium.facebook.pom.pages.ProfilePage.takeScreenShot(ProfilePage.java:28)
	at com.qtpselenium.facebook.pom.pages.ProfilePage.takeScreenShot(ProfilePage.java:28)
	at com.qtpselenium.facebook.pom.pages.ProfilePage.takeScreenShot(ProfilePage.java:28)
	at com.qtpselenium.facebook.pom.pages.ProfilePage.takeScreenShot(ProfilePage.java:28)
	at com.qtpselenium.facebook.pom.pages.ProfilePage.takeScreenShot(ProfilePage.java:28)
	at com.qtpselenium.facebook.pom.pages.ProfilePage.takeScreenShot(ProfilePage.java:28)
	at com.qtpselenium.facebook.pom.pages.ProfilePage.takeScreenShot(ProfilePage.java:28)
	at com.qtpselenium.facebook.pom.pages.ProfilePage.takeScreenShot(ProfilePage.java:28)
	at com.qtpselenium.facebook.pom.pages.ProfilePage.takeScreenShot(ProfilePage.java:28)
	at com.qtpselenium.facebook.pom.pages.ProfilePage.takeScreenShot(ProfilePage.java:28)
	at com.qtpselenium.facebook.pom.pages.ProfilePage.takeScreenShot(ProfilePage.java:28)
	at com.qtpselenium.facebook.pom.pages.ProfilePage.takeScreenShot(ProfilePage.java:28)
	at com.qtpselenium.facebook.pom.pages.ProfilePage.takeScreenShot(ProfilePage.java:28)
	at com.qtpselenium.facebook.pom.pages.ProfilePage.takeScreenShot(ProfilePage.java:28)
	at com.qtpselenium.facebook.pom.pages.ProfilePage.takeScreenShot(ProfilePage.java:28)
	at com.qtpselenium.facebook.pom.pages.ProfilePage.takeScreenShot(ProfilePage.java:28)
	at com.qtpselenium.facebook.pom.pages.ProfilePage.takeScreenShot(ProfilePage.java:28)
	at com.qtpselenium.facebook.pom.pages.ProfilePage.takeScreenShot(ProfilePage.java:28)
	at com.qtpselenium.facebook.pom.pages.ProfilePage.takeScreenShot(ProfilePage.java:28)
	at com.qtpselenium.facebook.pom.pages.ProfilePage.takeScreenShot(ProfilePage.java:28)
	at com.qtpselenium.facebook.pom.pages.ProfilePage.takeScreenShot(ProfilePage.java:28)
	at com.qtpselenium.facebook.pom.pages.ProfilePage.takeScreenShot(ProfilePage.java:28)
	at com.qtpselenium.facebook.pom.pages.ProfilePage.takeScreenShot(ProfilePage.java:28)
	at com.qtpselenium.facebook.pom.pages.ProfilePage.takeScreenShot(ProfilePage.java:28)
	at com.qtpselenium.facebook.pom.pages.ProfilePage.takeScreenShot(ProfilePage.java:28)
	at com.qtpselenium.facebook.pom.pages.ProfilePage.takeScreenShot(ProfilePage.java:28)
	at com.qtpselenium.facebook.pom.pages.ProfilePage.takeScreenShot(ProfilePage.java:28)
	at com.qtpselenium.facebook.pom.pages.ProfilePage.takeScreenShot(ProfilePage.java:28)
	at com.qtpselenium.facebook.pom.pages.ProfilePage.takeScreenShot(ProfilePage.java:28)
	at com.qtpselenium.facebook.pom.pages.ProfilePage.takeScreenShot(ProfilePage.java:28)
	at com.qtpselenium.facebook.pom.pages.ProfilePage.takeScreenShot(ProfilePage.java:28)
	at com.qtpselenium.facebook.pom.pages.ProfilePage.takeScreenShot(ProfilePage.java:28)
	at com.qtpselenium.facebook.pom.pages.ProfilePage.takeScreenShot(ProfilePage.java:28)
	at com.qtpselenium.facebook.pom.pages.ProfilePage.takeScreenShot(ProfilePage.java:28)
	at com.qtpselenium.facebook.pom.pages.ProfilePage.takeScreenShot(ProfilePage.java:28)
	at com.qtpselenium.facebook.pom.pages.ProfilePage.takeScreenShot(ProfilePage.java:28)
	at com.qtpselenium.facebook.pom.pages.ProfilePage.takeScreenShot(ProfilePage.java:28)
	at com.qtpselenium.facebook.pom.pages.ProfilePage.takeScreenShot(ProfilePage.java:28)
	at com.qtpselenium.facebook.pom.pages.ProfilePage.takeScreenShot(ProfilePage.java:28)
	at com.qtpselenium.facebook.pom.pages.ProfilePage.takeScreenShot(ProfilePage.java:28)
	at com.qtpselenium.facebook.pom.pages.ProfilePage.takeScreenShot(ProfilePage.java:28)
	at com.qtpselenium.facebook.pom.pages.ProfilePage.takeScreenShot(ProfilePage.java:28)
	at com.qtpselenium.facebook.pom.pages.ProfilePage.takeScreenShot(ProfilePage.java:28)
	at com.qtpselenium.facebook.pom.pages.ProfilePage.takeScreenShot(ProfilePage.java:28)
	at com.qtpselenium.facebook.pom.pages.ProfilePage.takeScreenShot(ProfilePage.java:28)
	at com.qtpselenium.facebook.pom.pages.ProfilePage.takeScreenShot(ProfilePage.java:28)
	at com.qtpselenium.facebook.pom.pages.ProfilePage.takeScreenShot(ProfilePage.java:28)
	at com.qtpselenium.facebook.pom.pages.ProfilePage.takeScreenShot(ProfilePage.java:28)
	at com.qtpselenium.facebook.pom.pages.ProfilePage.takeScreenShot(ProfilePage.java:28)
	at com.qtpselenium.facebook.pom.pages.ProfilePage.takeScreenShot(ProfilePage.java:28)
	at com.qtpselenium.facebook.pom.pages.ProfilePage.takeScreenShot(ProfilePage.java:28)
	at com.qtpselenium.facebook.pom.pages.ProfilePage.takeScreenShot(ProfilePage.java:28)
	at com.qtpselenium.facebook.pom.pages.ProfilePage.takeScreenShot(ProfilePage.java:28)
	at com.qtpselenium.facebook.pom.pages.ProfilePage.takeScreenShot(ProfilePage.java:28)
	at com.qtpselenium.facebook.pom.pages.ProfilePage.takeScreenShot(ProfilePage.java:28)
	at com.qtpselenium.facebook.pom.pages.ProfilePage.takeScreenShot(ProfilePage.java:28)
	at com.qtpselenium.facebook.pom.pages.ProfilePage.takeScreenShot(ProfilePage.java:28)
	at com.qtpselenium.facebook.pom.pages.ProfilePage.takeScreenShot(ProfilePage.java:28)
	at com.qtpselenium.facebook.pom.pages.ProfilePage.takeScreenShot(ProfilePage.java:28)
	at com.qtpselenium.facebook.pom.pages.ProfilePage.takeScreenShot(ProfilePage.java:28)
	at com.qtpselenium.facebook.pom.pages.ProfilePage.takeScreenShot(ProfilePage.java:28)
	at com.qtpselenium.facebook.pom.pages.ProfilePage.takeScreenShot(ProfilePage.java:28)
	at com.qtpselenium.facebook.pom.pages.ProfilePage.takeScreenShot(ProfilePage.java:28)
	at com.qtpselenium.facebook.pom.pages.ProfilePage.takeScreenShot(ProfilePage.java:28)
	at com.qtpselenium.facebook.pom.pages.ProfilePage.takeScreenShot(ProfilePage.java:28)
	at com.qtpselenium.facebook.pom.pages.ProfilePage.takeScreenShot(ProfilePage.java:28)
	at com.qtpselenium.facebook.pom.pages.ProfilePage.takeScreenShot(ProfilePage.java:28)
	at com.qtpselenium.facebook.pom.pages.ProfilePage.takeScreenShot(ProfilePage.java:28)
	at com.qtpselenium.facebook.pom.pages.ProfilePage.takeScreenShot(ProfilePage.java:28)
	at com.qtpselenium.facebook.pom.pages.ProfilePage.takeScreenShot(ProfilePage.java:28)
	at com.qtpselenium.facebook.pom.pages.ProfilePage.takeScreenShot(ProfilePage.java:28)
	at com.qtpselenium.facebook.pom.pages.ProfilePage.takeScreenShot(ProfilePage.java:28)
	at com.qtpselenium.facebook.pom.pages.ProfilePage.takeScreenShot(ProfilePage.java:28)
	at com.qtpselenium.facebook.pom.pages.ProfilePage.takeScreenShot(ProfilePage.java:28)
	at com.qtpselenium.facebook.pom.pages.ProfilePage.takeScreenShot(ProfilePage.java:28)
	at com.qtpselenium.facebook.pom.pages.ProfilePage.takeScreenShot(ProfilePage.java:28)
	at com.qtpselenium.facebook.pom.pages.ProfilePage.takeScreenShot(ProfilePage.java:28)
	at com.qtpselenium.facebook.pom.pages.ProfilePage.takeScreenShot(ProfilePage.java:28)
	at com.qtpselenium.facebook.pom.pages.ProfilePage.takeScreenShot(ProfilePage.java:28)
	at com.qtpselenium.facebook.pom.pages.ProfilePage.takeScreenShot(ProfilePage.java:28)
	at com.qtpselenium.facebook.pom.pages.ProfilePage.takeScreenShot(ProfilePage.java:28)
	at com.qtpselenium.facebook.pom.pages.ProfilePage.takeScreenShot(ProfilePage.java:28)
	at com.qtpselenium.facebook.pom.pages.ProfilePage.takeScreenShot(ProfilePage.java:28)
	at com.qtpselenium.facebook.pom.pages.ProfilePage.takeScreenShot(ProfilePage.java:28)
	at com.qtpselenium.facebook.pom.pages.ProfilePage.takeScreenShot(ProfilePage.java:28)
	at com.qtpselenium.facebook.pom.pages.ProfilePage.takeScreenShot(ProfilePage.java:28)
	at com.qtpselenium.facebook.pom.pages.ProfilePage.takeScreenShot(ProfilePage.java:28)
	at com.qtpselenium.facebook.pom.pages.ProfilePage.takeScreenShot(ProfilePage.java:28)
	at com.qtpselenium.facebook.pom.pages.ProfilePage.takeScreenShot(ProfilePage.java:28)
	at com.qtpselenium.facebook.pom.pages.ProfilePage.takeScreenShot(ProfilePage.java:28)
	at com.qtpselenium.facebook.pom.pages.ProfilePage.takeScreenShot(ProfilePage.java:28)
	at com.qtpselenium.facebook.pom.pages.ProfilePage.takeScreenShot(ProfilePage.java:28)
	at com.qtpselenium.facebook.pom.pages.ProfilePage.takeScreenShot(ProfilePage.java:28)
	at com.qtpselenium.facebook.pom.pages.ProfilePage.takeScreenShot(ProfilePage.java:28)
	at com.qtpselenium.facebook.pom.pages.ProfilePage.takeScreenShot(ProfilePage.java:28)
	at com.qtpselenium.facebook.pom.pages.ProfilePage.takeScreenShot(ProfilePage.java:28)
	at com.qtpselenium.facebook.pom.pages.ProfilePage.takeScreenShot(ProfilePage.java:28)
	at com.qtpselenium.facebook.pom.pages.ProfilePage.takeScreenShot(ProfilePage.java:28)
	at com.qtpselenium.facebook.pom.pages.ProfilePage.takeScreenShot(ProfilePage.java:28)
	at com.qtpselenium.facebook.pom.pages.ProfilePage.takeScreenShot(ProfilePage.java:28)
	at com.qtpselenium.facebook.pom.pages.ProfilePage.takeScreenShot(ProfilePage.java:28)
	at com.qtpselenium.facebook.pom.pages.ProfilePage.takeScreenShot(ProfilePage.java:28)
	at com.qtpselenium.facebook.pom.pages.ProfilePage.takeScreenShot(ProfilePage.java:28)
	at com.qtpselenium.facebook.pom.pages.ProfilePage.takeScreenShot(ProfilePage.java:28)
	at com.qtpselenium.facebook.pom.pages.ProfilePage.takeScreenShot(ProfilePage.java:28)
	at com.qtpselenium.facebook.pom.pages.ProfilePage.takeScreenShot(ProfilePage.java:28)
	at com.qtpselenium.facebook.pom.pages.ProfilePage.takeScreenShot(ProfilePage.java:28)
	at com.qtpselenium.facebook.pom.pages.ProfilePage.takeScreenShot(ProfilePage.java:28)
	at com.qtpselenium.facebook.pom.pages.ProfilePage.takeScreenShot(ProfilePage.java:28)
	at com.qtpselenium.facebook.pom.pages.ProfilePage.takeScreenShot(ProfilePage.java:28)
	at com.qtpselenium.facebook.pom.pages.ProfilePage.takeScreenShot(ProfilePage.java:28)
	at com.qtpselenium.facebook.pom.pages.ProfilePage.takeScreenShot(ProfilePage.java:28)
	at com.qtpselenium.facebook.pom.pages.ProfilePage.takeScreenShot(ProfilePage.java:28)
	at com.qtpselenium.facebook.pom.pages.ProfilePage.takeScreenShot(ProfilePage.java:28)
	at com.qtpselenium.facebook.pom.pages.ProfilePage.takeScreenShot(ProfilePage.java:28)
	at com.qtpselenium.facebook.pom.pages.ProfilePage.takeScreenShot(ProfilePage.java:28)
	at com.qtpselenium.facebook.pom.pages.ProfilePage.takeScreenShot(ProfilePage.java:28)
	at com.qtpselenium.facebook.pom.pages.ProfilePage.takeScreenShot(ProfilePage.java:28)
	at com.qtpselenium.facebook.pom.pages.ProfilePage.takeScreenShot(ProfilePage.java:28)
	at com.qtpselenium.facebook.pom.pages.ProfilePage.takeScreenShot(ProfilePage.java:28)
	at com.qtpselenium.facebook.pom.pages.ProfilePage.takeScreenShot(ProfilePage.java:28)
	at com.qtpselenium.facebook.pom.pages.ProfilePage.takeScreenShot(ProfilePage.java:28)
	at com.qtpselenium.facebook.pom.pages.ProfilePage.takeScreenShot(ProfilePage.java:28)
	at com.qtpselenium.facebook.pom.pages.ProfilePage.takeScreenShot(ProfilePage.java:28)
	at com.qtpselenium.facebook.pom.pages.ProfilePage.takeScreenShot(ProfilePage.java:28)
	at com.qtpselenium.facebook.pom.pages.ProfilePage.takeScreenShot(ProfilePage.java:28)
	at com.qtpselenium.facebook.pom.pages.ProfilePage.takeScreenShot(ProfilePage.java:28)
	at com.qtpselenium.facebook.pom.pages.ProfilePage.takeScreenShot(ProfilePage.java:28)
	at com.qtpselenium.facebook.pom.pages.ProfilePage.takeScreenShot(ProfilePage.java:28)
	at com.qtpselenium.facebook.pom.pages.ProfilePage.takeScreenShot(ProfilePage.java:28)
	at com.qtpselenium.facebook.pom.pages.ProfilePage.takeScreenShot(ProfilePage.java:28)
	at com.qtpselenium.facebook.pom.pages.ProfilePage.takeScreenShot(ProfilePage.java:28)
	at com.qtpselenium.facebook.pom.pages.ProfilePage.takeScreenShot(ProfilePage.java:28)
	at com.qtpselenium.facebook.pom.pages.ProfilePage.takeScreenShot(ProfilePage.java:28)
	at com.qtpselenium.facebook.pom.pages.ProfilePage.takeScreenShot(ProfilePage.java:28)
	at com.qtpselenium.facebook.pom.pages.ProfilePage.takeScreenShot(ProfilePage.java:28)
	at com.qtpselenium.facebook.pom.pages.ProfilePage.takeScreenShot(ProfilePage.java:28)
	at com.qtpselenium.facebook.pom.pages.ProfilePage.takeScreenShot(ProfilePage.java:28)
	at com.qtpselenium.facebook.pom.pages.ProfilePage.takeScreenShot(ProfilePage.java:28)
	at com.qtpselenium.facebook.pom.pages.ProfilePage.takeScreenShot(ProfilePage.java:28)
	at com.qtpselenium.facebook.pom.pages.ProfilePage.takeScreenShot(ProfilePage.java:28)
	at com.qtpselenium.facebook.pom.pages.ProfilePage.takeScreenShot(ProfilePage.java:28)
	at com.qtpselenium.facebook.pom.pages.ProfilePage.takeScreenShot(ProfilePage.java:28)
	at com.qtpselenium.facebook.pom.pages.ProfilePage.takeScreenShot(ProfilePage.java:28)
	at com.qtpselenium.facebook.pom.pages.ProfilePage.takeScreenShot(ProfilePage.java:28)
	at com.qtpselenium.facebook.pom.pages.ProfilePage.takeScreenShot(ProfilePage.java:28)
	at com.qtpselenium.facebook.pom.pages.ProfilePage.takeScreenShot(ProfilePage.java:28)
	at com.qtpselenium.facebook.pom.pages.ProfilePage.takeScreenShot(ProfilePage.java:28)
	at com.qtpselenium.facebook.pom.pages.ProfilePage.takeScreenShot(ProfilePage.java:28)
	at com.qtpselenium.facebook.pom.pages.ProfilePage.takeScreenShot(ProfilePage.java:28)
	at com.qtpselenium.facebook.pom.pages.ProfilePage.takeScreenShot(ProfilePage.java:28)
	at com.qtpselenium.facebook.pom.pages.ProfilePage.takeScreenShot(ProfilePage.java:28)
	at com.qtpselenium.facebook.pom.pages.ProfilePage.takeScreenShot(ProfilePage.java:28)
	at com.qtpselenium.facebook.pom.pages.ProfilePage.takeScreenShot(ProfilePage.java:28)
	at com.qtpselenium.facebook.pom.pages.ProfilePage.takeScreenShot(ProfilePage.java:28)
	at com.qtpselenium.facebook.pom.pages.ProfilePage.takeScreenShot(ProfilePage.java:28)
	at com.qtpselenium.facebook.pom.pages.ProfilePage.takeScreenShot(ProfilePage.java:28)
	at com.qtpselenium.facebook.pom.pages.ProfilePage.takeScreenShot(ProfilePage.java:28)
	at com.qtpselenium.facebook.pom.pages.ProfilePage.takeScreenShot(ProfilePage.java:28)
	at com.qtpselenium.facebook.pom.pages.ProfilePage.takeScreenShot(ProfilePage.java:28)
	at com.qtpselenium.facebook.pom.pages.ProfilePage.takeScreenShot(ProfilePage.java:28)
	at com.qtpselenium.facebook.pom.pages.ProfilePage.takeScreenShot(ProfilePage.java:28)
	at com.qtpselenium.facebook.pom.pages.ProfilePage.takeScreenShot(ProfilePage.java:28)
	at com.qtpselenium.facebook.pom.pages.ProfilePage.takeScreenShot(ProfilePage.java:28)
	at com.qtpselenium.facebook.pom.pages.ProfilePage.takeScreenShot(ProfilePage.java:28)
	at com.qtpselenium.facebook.pom.pages.ProfilePage.takeScreenShot(ProfilePage.java:28)
	at com.qtpselenium.facebook.pom.pages.ProfilePage.takeScreenShot(ProfilePage.java:28)
	at com.qtpselenium.facebook.pom.pages.ProfilePage.takeScreenShot(ProfilePage.java:28)
	at com.qtpselenium.facebook.pom.pages.ProfilePage.takeScreenShot(ProfilePage.java:28)
	at com.qtpselenium.facebook.pom.pages.ProfilePage.takeScreenShot(ProfilePage.java:28)
	at com.qtpselenium.facebook.pom.pages.ProfilePage.takeScreenShot(ProfilePage.java:28)
	at com.qtpselenium.facebook.pom.pages.ProfilePage.takeScreenShot(ProfilePage.java:28)
	at com.qtpselenium.facebook.pom.pages.ProfilePage.takeScreenShot(ProfilePage.java:28)
	at com.qtpselenium.facebook.pom.pages.ProfilePage.takeScreenShot(ProfilePage.java:28)
	at com.qtpselenium.facebook.pom.pages.ProfilePage.takeScreenShot(ProfilePage.java:28)
	at com.qtpselenium.facebook.pom.pages.ProfilePage.takeScreenShot(ProfilePage.java:28)
	at com.qtpselenium.facebook.pom.pages.ProfilePage.takeScreenShot(ProfilePage.java:28)
	at com.qtpselenium.facebook.pom.pages.ProfilePage.takeScreenShot(ProfilePage.java:28)
	at com.qtpselenium.facebook.pom.pages.ProfilePage.takeScreenShot(ProfilePage.java:28)
	at com.qtpselenium.facebook.pom.pages.ProfilePage.takeScreenShot(ProfilePage.java:28)
	at com.qtpselenium.facebook.pom.pages.ProfilePage.takeScreenShot(ProfilePage.java:28)
	at com.qtpselenium.facebook.pom.pages.ProfilePage.takeScreenShot(ProfilePage.java:28)
	at com.qtpselenium.facebook.pom.pages.ProfilePage.takeScreenShot(ProfilePage.java:28)
	at com.qtpselenium.facebook.pom.pages.ProfilePage.takeScreenShot(ProfilePage.java:28)
	at com.qtpselenium.facebook.pom.pages.ProfilePage.takeScreenShot(ProfilePage.java:28)
	at com.qtpselenium.facebook.pom.pages.ProfilePage.takeScreenShot(ProfilePage.java:28)
	at com.qtpselenium.facebook.pom.pages.ProfilePage.takeScreenShot(ProfilePage.java:28)
	at com.qtpselenium.facebook.pom.pages.ProfilePage.takeScreenShot(ProfilePage.java:28)
	at com.qtpselenium.facebook.pom.pages.ProfilePage.takeScreenShot(ProfilePage.java:28)
	at com.qtpselenium.facebook.pom.pages.ProfilePage.takeScreenShot(ProfilePage.java:28)
	at com.qtpselenium.facebook.pom.pages.ProfilePage.takeScreenShot(ProfilePage.java:28)
	at com.qtpselenium.facebook.pom.pages.ProfilePage.takeScreenShot(ProfilePage.java:28)
	at com.qtpselenium.facebook.pom.pages.ProfilePage.takeScreenShot(ProfilePage.java:28)
	at com.qtpselenium.facebook.pom.pages.ProfilePage.takeScreenShot(ProfilePage.java:28)
	at com.qtpselenium.facebook.pom.pages.ProfilePage.takeScreenShot(ProfilePage.java:28)
	at com.qtpselenium.facebook.pom.pages.ProfilePage.takeScreenShot(ProfilePage.java:28)
	at com.qtpselenium.facebook.pom.pages.ProfilePage.takeScreenShot(ProfilePage.java:28)
	at com.qtpselenium.facebook.pom.pages.ProfilePage.takeScreenShot(ProfilePage.java:28)
	at com.qtpselenium.facebook.pom.pages.ProfilePage.takeScreenShot(ProfilePage.java:28)
	at com.qtpselenium.facebook.pom.pages.ProfilePage.takeScreenShot(ProfilePage.java:28)
	at com.qtpselenium.facebook.pom.pages.ProfilePage.takeScreenShot(ProfilePage.java:28)
	at com.qtpselenium.facebook.pom.pages.ProfilePage.takeScreenShot(ProfilePage.java:28)
	at com.qtpselenium.facebook.pom.pages.ProfilePage.takeScreenShot(ProfilePage.java:28)
	at com.qtpselenium.facebook.pom.pages.ProfilePage.takeScreenShot(ProfilePage.java:28)
	at com.qtpselenium.facebook.pom.pages.ProfilePage.takeScreenShot(ProfilePage.java:28)
	at com.qtpselenium.facebook.pom.pages.ProfilePage.takeScreenShot(ProfilePage.java:28)
	at com.qtpselenium.facebook.pom.pages.ProfilePage.takeScreenShot(ProfilePage.java:28)
	at com.qtpselenium.facebook.pom.pages.ProfilePage.takeScreenShot(ProfilePage.java:28)
	at com.qtpselenium.facebook.pom.pages.ProfilePage.takeScreenShot(ProfilePage.java:28)
	at com.qtpselenium.facebook.pom.pages.ProfilePage.takeScreenShot(ProfilePage.java:28)
	at com.qtpselenium.facebook.pom.pages.ProfilePage.takeScreenShot(ProfilePage.java:28)
	at com.qtpselenium.facebook.pom.pages.ProfilePage.takeScreenShot(ProfilePage.java:28)
	at com.qtpselenium.facebook.pom.pages.ProfilePage.takeScreenShot(ProfilePage.java:28)
	at com.qtpselenium.facebook.pom.pages.ProfilePage.takeScreenShot(ProfilePage.java:28)
	at com.qtpselenium.facebook.pom.pages.ProfilePage.takeScreenShot(ProfilePage.java:28)
	at com.qtpselenium.facebook.pom.pages.ProfilePage.takeScreenShot(ProfilePage.java:28)
	at com.qtpselenium.facebook.pom.pages.ProfilePage.takeScreenShot(ProfilePage.java:28)
	at com.qtpselenium.facebook.pom.pages.ProfilePage.takeScreenShot(ProfilePage.java:28)
	at com.qtpselenium.facebook.pom.pages.ProfilePage.takeScreenShot(ProfilePage.java:28)
	at com.qtpselenium.facebook.pom.pages.ProfilePage.takeScreenShot(ProfilePage.java:28)
	at com.qtpselenium.facebook.pom.pages.ProfilePage.takeScreenShot(ProfilePage.java:28)
	at com.qtpselenium.facebook.pom.pages.ProfilePage.takeScreenShot(ProfilePage.java:28)
	at com.qtpselenium.facebook.pom.pages.ProfilePage.takeScreenShot(ProfilePage.java:28)
	at com.qtpselenium.facebook.pom.pages.ProfilePage.takeScreenShot(ProfilePage.java:28)
	at com.qtpselenium.facebook.pom.pages.ProfilePage.takeScreenShot(ProfilePage.java:28)
	at com.qtpselenium.facebook.pom.pages.ProfilePage.takeScreenShot(ProfilePage.java:28)
	at com.qtpselenium.facebook.pom.pages.ProfilePage.takeScreenShot(ProfilePage.java:28)
	at com.qtpselenium.facebook.pom.pages.ProfilePage.takeScreenShot(ProfilePage.java:28)
	at com.qtpselenium.facebook.pom.pages.ProfilePage.takeScreenShot(ProfilePage.java:28)
	at com.qtpselenium.facebook.pom.pages.ProfilePage.takeScreenShot(ProfilePage.java:28)
	at com.qtpselenium.facebook.pom.pages.ProfilePage.takeScreenShot(ProfilePage.java:28)
	at com.qtpselenium.facebook.pom.pages.ProfilePage.takeScreenShot(ProfilePage.java:28)
	at com.qtpselenium.facebook.pom.pages.ProfilePage.takeScreenShot(ProfilePage.java:28)
	at com.qtpselenium.facebook.pom.pages.ProfilePage.takeScreenShot(ProfilePage.java:28)
	at com.qtpselenium.facebook.pom.pages.ProfilePage.takeScreenShot(ProfilePage.java:28)
	at com.qtpselenium.facebook.pom.pages.ProfilePage.takeScreenShot(ProfilePage.java:28)
	at com.qtpselenium.facebook.pom.pages.ProfilePage.takeScreenShot(ProfilePage.java:28)
	at com.qtpselenium.facebook.pom.pages.ProfilePage.takeScreenShot(ProfilePage.java:28)
	at com.qtpselenium.facebook.pom.pages.ProfilePage.takeScreenShot(ProfilePage.java:28)
	at com.qtpselenium.facebook.pom.pages.ProfilePage.takeScreenShot(ProfilePage.java:28)
	at com.qtpselenium.facebook.pom.pages.ProfilePage.takeScreenShot(ProfilePage.java:28)
	at com.qtpselenium.facebook.pom.pages.ProfilePage.takeScreenShot(ProfilePage.java:28)
	at com.qtpselenium.facebook.pom.pages.ProfilePage.takeScreenShot(ProfilePage.java:28)
	at com.qtpselenium.facebook.pom.pages.ProfilePage.takeScreenShot(ProfilePage.java:28)
	at com.qtpselenium.facebook.pom.pages.ProfilePage.takeScreenShot(ProfilePage.java:28)
	at com.qtpselenium.facebook.pom.pages.ProfilePage.takeScreenShot(ProfilePage.java:28)
	at com.qtpselenium.facebook.pom.pages.ProfilePage.takeScreenShot(ProfilePage.java:28)
	at com.qtpselenium.facebook.pom.pages.ProfilePage.takeScreenShot(ProfilePage.java:28)
	at com.qtpselenium.facebook.pom.pages.ProfilePage.takeScreenShot(ProfilePage.java:28)
	at com.qtpselenium.facebook.pom.pages.ProfilePage.takeScreenShot(ProfilePage.java:28)
	at com.qtpselenium.facebook.pom.pages.ProfilePage.takeScreenShot(ProfilePage.java:28)
	at com.qtpselenium.facebook.pom.pages.ProfilePage.takeScreenShot(ProfilePage.java:28)
	at com.qtpselenium.facebook.pom.pages.ProfilePage.takeScreenShot(ProfilePage.java:28)
	at com.qtpselenium.facebook.pom.pages.ProfilePage.takeScreenShot(ProfilePage.java:28)
	at com.qtpselenium.facebook.pom.pages.ProfilePage.takeScreenShot(ProfilePage.java:28)
	at com.qtpselenium.facebook.pom.pages.ProfilePage.takeScreenShot(ProfilePage.java:28)
	at com.qtpselenium.facebook.pom.pages.ProfilePage.takeScreenShot(ProfilePage.java:28)
	at com.qtpselenium.facebook.pom.pages.ProfilePage.takeScreenShot(ProfilePage.java:28)
	at com.qtpselenium.facebook.pom.pages.ProfilePage.takeScreenShot(ProfilePage.java:28)
	at com.qtpselenium.facebook.pom.pages.ProfilePage.takeScreenShot(ProfilePage.java:28)
	at com.qtpselenium.facebook.pom.pages.ProfilePage.takeScreenShot(ProfilePage.java:28)
	at com.qtpselenium.facebook.pom.pages.ProfilePage.takeScreenShot(ProfilePage.java:28)
	at com.qtpselenium.facebook.pom.pages.ProfilePage.takeScreenShot(ProfilePage.java:28)
	at com.qtpselenium.facebook.pom.pages.ProfilePage.takeScreenShot(ProfilePage.java:28)
	at com.qtpselenium.facebook.pom.pages.ProfilePage.takeScreenShot(ProfilePage.java:28)
	at com.qtpselenium.facebook.pom.pages.ProfilePage.takeScreenShot(ProfilePage.java:28)
	at com.qtpselenium.facebook.pom.pages.ProfilePage.takeScreenShot(ProfilePage.java:28)
	at com.qtpselenium.facebook.pom.pages.ProfilePage.takeScreenShot(ProfilePage.java:28)
	at com.qtpselenium.facebook.pom.pages.ProfilePage.takeScreenShot(ProfilePage.java:28)
	at com.qtpselenium.facebook.pom.pages.ProfilePage.takeScreenShot(ProfilePage.java:28)
	at com.qtpselenium.facebook.pom.pages.ProfilePage.takeScreenShot(ProfilePage.java:28)
	at com.qtpselenium.facebook.pom.pages.ProfilePage.takeScreenShot(ProfilePage.java:28)
	at com.qtpselenium.facebook.pom.pages.ProfilePage.takeScreenShot(ProfilePage.java:28)
	at com.qtpselenium.facebook.pom.pages.ProfilePage.takeScreenShot(ProfilePage.java:28)
	at com.qtpselenium.facebook.pom.pages.ProfilePage.takeScreenShot(ProfilePage.java:28)
	at com.qtpselenium.facebook.pom.pages.ProfilePage.takeScreenShot(ProfilePage.java:28)
	at com.qtpselenium.facebook.pom.pages.ProfilePage.takeScreenShot(ProfilePage.java:28)
	at com.qtpselenium.facebook.pom.pages.ProfilePage.takeScreenShot(ProfilePage.java:28)
	at com.qtpselenium.facebook.pom.pages.ProfilePage.takeScreenShot(ProfilePage.java:28)
	at com.qtpselenium.facebook.pom.pages.ProfilePage.takeScreenShot(ProfilePage.java:28)
	at com.qtpselenium.facebook.pom.pages.ProfilePage.takeScreenShot(ProfilePage.java:28)
	at com.qtpselenium.facebook.pom.pages.ProfilePage.takeScreenShot(ProfilePage.java:28)
	at com.qtpselenium.facebook.pom.pages.ProfilePage.takeScreenShot(ProfilePage.java:28)
	at com.qtpselenium.facebook.pom.pages.ProfilePage.takeScreenShot(ProfilePage.java:28)
	at com.qtpselenium.facebook.pom.pages.ProfilePage.takeScreenShot(ProfilePage.java:28)
	at com.qtpselenium.facebook.pom.pages.ProfilePage.takeScreenShot(ProfilePage.java:28)
	at com.qtpselenium.facebook.pom.pages.ProfilePage.takeScreenShot(ProfilePage.java:28)
	at com.qtpselenium.facebook.pom.pages.ProfilePage.takeScreenShot(ProfilePage.java:28)
	at com.qtpselenium.facebook.pom.pages.ProfilePage.takeScreenShot(ProfilePage.java:28)
	at com.qtpselenium.facebook.pom.pages.ProfilePage.takeScreenShot(ProfilePage.java:28)
	at com.qtpselenium.facebook.pom.pages.ProfilePage.takeScreenShot(ProfilePage.java:28)
	at com.qtpselenium.facebook.pom.pages.ProfilePage.takeScreenShot(ProfilePage.java:28)
	at com.qtpselenium.facebook.pom.pages.ProfilePage.takeScreenShot(ProfilePage.java:28)
	at com.qtpselenium.facebook.pom.pages.ProfilePage.takeScreenShot(ProfilePage.java:28)
	at com.qtpselenium.facebook.pom.pages.ProfilePage.takeScreenShot(ProfilePage.java:28)
	at com.qtpselenium.facebook.pom.pages.ProfilePage.takeScreenShot(ProfilePage.java:28)
	at com.qtpselenium.facebook.pom.pages.ProfilePage.takeScreenShot(ProfilePage.java:28)
	at com.qtpselenium.facebook.pom.pages.ProfilePage.takeScreenShot(ProfilePage.java:28)
	at com.qtpselenium.facebook.pom.pages.ProfilePage.takeScreenShot(ProfilePage.java:28)
	at com.qtpselenium.facebook.pom.pages.ProfilePage.takeScreenShot(ProfilePage.java:28)
	at com.qtpselenium.facebook.pom.pages.ProfilePage.takeScreenShot(ProfilePage.java:28)
	at com.qtpselenium.facebook.pom.pages.ProfilePage.takeScreenShot(ProfilePage.java:28)
	at com.qtpselenium.facebook.pom.pages.ProfilePage.takeScreenShot(ProfilePage.java:28)
	at com.qtpselenium.facebook.pom.pages.ProfilePage.takeScreenShot(ProfilePage.java:28)
	at com.qtpselenium.facebook.pom.pages.ProfilePage.takeScreenShot(ProfilePage.java:28)
	at com.qtpselenium.facebook.pom.pages.ProfilePage.takeScreenShot(ProfilePage.java:28)
	at com.qtpselenium.facebook.pom.pages.ProfilePage.takeScreenShot(ProfilePage.java:28)
	at com.qtpselenium.facebook.pom.pages.ProfilePage.takeScreenShot(ProfilePage.java:28)
	at com.qtpselenium.facebook.pom.pages.ProfilePage.takeScreenShot(ProfilePage.java:28)
	at com.qtpselenium.facebook.pom.pages.ProfilePage.takeScreenShot(ProfilePage.java:28)
	at com.qtpselenium.facebook.pom.pages.ProfilePage.takeScreenShot(ProfilePage.java:28)
	at com.qtpselenium.facebook.pom.pages.ProfilePage.takeScreenShot(ProfilePage.java:28)
	at com.qtpselenium.facebook.pom.pages.ProfilePage.takeScreenShot(ProfilePage.java:28)
	at com.qtpselenium.facebook.pom.pages.ProfilePage.takeScreenShot(ProfilePage.java:28)
	at com.qtpselenium.facebook.pom.pages.ProfilePage.takeScreenShot(ProfilePage.java:28)
	at com.qtpselenium.facebook.pom.pages.ProfilePage.takeScreenShot(ProfilePage.java:28)
	at com.qtpselenium.facebook.pom.pages.ProfilePage.takeScreenShot(ProfilePage.java:28)
	at com.qtpselenium.facebook.pom.pages.ProfilePage.takeScreenShot(ProfilePage.java:28)
	at com.qtpselenium.facebook.pom.pages.ProfilePage.takeScreenShot(ProfilePage.java:28)
	at com.qtpselenium.facebook.pom.pages.ProfilePage.takeScreenShot(ProfilePage.java:28)
	at com.qtpselenium.facebook.pom.pages.ProfilePage.takeScreenShot(ProfilePage.java:28)
	at com.qtpselenium.facebook.pom.pages.ProfilePage.takeScreenShot(ProfilePage.java:28)
	at com.qtpselenium.facebook.pom.pages.ProfilePage.takeScreenShot(ProfilePage.java:28)
	at com.qtpselenium.facebook.pom.pages.ProfilePage.takeScreenShot(ProfilePage.java:28)
	at com.qtpselenium.facebook.pom.pages.ProfilePage.takeScreenShot(ProfilePage.java:28)
	at com.qtpselenium.facebook.pom.pages.ProfilePage.takeScreenShot(ProfilePage.java:28)
	at com.qtpselenium.facebook.pom.pages.ProfilePage.takeScreenShot(ProfilePage.java:28)
	at com.qtpselenium.facebook.pom.pages.ProfilePage.takeScreenShot(ProfilePage.java:28)
	at com.qtpselenium.facebook.pom.pages.ProfilePage.takeScreenShot(ProfilePage.java:28)
	at com.qtpselenium.facebook.pom.pages.ProfilePage.takeScreenShot(ProfilePage.java:28)
	at com.qtpselenium.facebook.pom.pages.ProfilePage.takeScreenShot(ProfilePage.java:28)
	at com.qtpselenium.facebook.pom.pages.ProfilePage.takeScreenShot(ProfilePage.java:28)
	at com.qtpselenium.facebook.pom.pages.ProfilePage.takeScreenShot(ProfilePage.java:28)
	at com.qtpselenium.facebook.pom.pages.ProfilePage.takeScreenShot(ProfilePage.java:28)
	at com.qtpselenium.facebook.pom.pages.ProfilePage.takeScreenShot(ProfilePage.java:28)
	at com.qtpselenium.facebook.pom.pages.ProfilePage.takeScreenShot(ProfilePage.java:28)
	at com.qtpselenium.facebook.pom.pages.ProfilePage.takeScreenShot(ProfilePage.java:28)
	at com.qtpselenium.facebook.pom.pages.ProfilePage.takeScreenShot(ProfilePage.java:28)
	at com.qtpselenium.facebook.pom.pages.ProfilePage.takeScreenShot(ProfilePage.java:28)
	at com.qtpselenium.facebook.pom.pages.ProfilePage.takeScreenShot(ProfilePage.java:28)
	at com.qtpselenium.facebook.pom.pages.ProfilePage.takeScreenShot(ProfilePage.java:28)
	at com.qtpselenium.facebook.pom.pages.ProfilePage.takeScreenShot(ProfilePage.java:28)
	at com.qtpselenium.facebook.pom.pages.ProfilePage.takeScreenShot(ProfilePage.java:28)
	at com.qtpselenium.facebook.pom.pages.ProfilePage.takeScreenShot(ProfilePage.java:28)
	at com.qtpselenium.facebook.pom.pages.ProfilePage.takeScreenShot(ProfilePage.java:28)
	at com.qtpselenium.facebook.pom.pages.ProfilePage.takeScreenShot(ProfilePage.java:28)
	at com.qtpselenium.facebook.pom.pages.ProfilePage.takeScreenShot(ProfilePage.java:28)
	at com.qtpselenium.facebook.pom.pages.ProfilePage.takeScreenShot(ProfilePage.java:28)
	at com.qtpselenium.facebook.pom.pages.ProfilePage.takeScreenShot(ProfilePage.java:28)
	at com.qtpselenium.facebook.pom.pages.ProfilePage.takeScreenShot(ProfilePage.java:28)
	at com.qtpselenium.facebook.pom.pages.ProfilePage.takeScreenShot(ProfilePage.java:28)
	at com.qtpselenium.facebook.pom.pages.ProfilePage.takeScreenShot(ProfilePage.java:28)
	at com.qtpselenium.facebook.pom.pages.ProfilePage.takeScreenShot(ProfilePage.java:28)
	at com.qtpselenium.facebook.pom.pages.ProfilePage.takeScreenShot(ProfilePage.java:28)
	at com.qtpselenium.facebook.pom.pages.ProfilePage.takeScreenShot(ProfilePage.java:28)
	at com.qtpselenium.facebook.pom.pages.ProfilePage.takeScreenShot(ProfilePage.java:28)
	at com.qtpselenium.facebook.pom.pages.ProfilePage.takeScreenShot(ProfilePage.java:28)
	at com.qtpselenium.facebook.pom.pages.ProfilePage.takeScreenShot(ProfilePage.java:28)
	at com.qtpselenium.facebook.pom.pages.ProfilePage.takeScreenShot(ProfilePage.java:28)
	at com.qtpselenium.facebook.pom.pages.ProfilePage.takeScreenShot(ProfilePage.java:28)
	at com.qtpselenium.facebook.pom.pages.ProfilePage.takeScreenShot(ProfilePage.java:28)
	at com.qtpselenium.facebook.pom.pages.ProfilePage.takeScreenShot(ProfilePage.java:28)
	at com.qtpselenium.facebook.pom.pages.ProfilePage.takeScreenShot(ProfilePage.java:28)
	at com.qtpselenium.facebook.pom.pages.ProfilePage.takeScreenShot(ProfilePage.java:28)
	at com.qtpselenium.facebook.pom.pages.ProfilePage.takeScreenShot(ProfilePage.java:28)
	at com.qtpselenium.facebook.pom.pages.ProfilePage.takeScreenShot(ProfilePage.java:28)
	at com.qtpselenium.facebook.pom.pages.ProfilePage.takeScreenShot(ProfilePage.java:28)
	at com.qtpselenium.facebook.pom.pages.ProfilePage.takeScreenShot(ProfilePage.java:28)
	at com.qtpselenium.facebook.pom.pages.ProfilePage.takeScreenShot(ProfilePage.java:28)
	at com.qtpselenium.facebook.pom.pages.ProfilePage.takeScreenShot(ProfilePage.java:28)
	at com.qtpselenium.facebook.pom.pages.ProfilePage.takeScreenShot(ProfilePage.java:28)
	at com.qtpselenium.facebook.pom.pages.ProfilePage.takeScreenShot(ProfilePage.java:28)
	at com.qtpselenium.facebook.pom.pages.ProfilePage.takeScreenShot(ProfilePage.java:28)
	at com.qtpselenium.facebook.pom.pages.ProfilePage.takeScreenShot(ProfilePage.java:28)
	at com.qtpselenium.facebook.pom.pages.ProfilePage.takeScreenShot(ProfilePage.java:28)
	at com.qtpselenium.facebook.pom.pages.ProfilePage.takeScreenShot(ProfilePage.java:28)
	at com.qtpselenium.facebook.pom.pages.ProfilePage.takeScreenShot(ProfilePage.java:28)
	at com.qtpselenium.facebook.pom.pages.ProfilePage.takeScreenShot(ProfilePage.java:28)
	at com.qtpselenium.facebook.pom.pages.ProfilePage.takeScreenShot(ProfilePage.java:28)
	at com.qtpselenium.facebook.pom.pages.ProfilePage.takeScreenShot(ProfilePage.java:28)
	at com.qtpselenium.facebook.pom.pages.ProfilePage.takeScreenShot(ProfilePage.java:28)
	at com.qtpselenium.facebook.pom.pages.ProfilePage.takeScreenShot(ProfilePage.java:28)
	at com.qtpselenium.facebook.pom.pages.ProfilePage.takeScreenShot(ProfilePage.java:28)
	at com.qtpselenium.facebook.pom.pages.ProfilePage.takeScreenShot(ProfilePage.java:28)
	at com.qtpselenium.facebook.pom.pages.ProfilePage.takeScreenShot(ProfilePage.java:28)
	at com.qtpselenium.facebook.pom.pages.ProfilePage.takeScreenShot(ProfilePage.java:28)
	at com.qtpselenium.facebook.pom.pages.ProfilePage.takeScreenShot(ProfilePage.java:28)
	at com.qtpselenium.facebook.pom.pages.ProfilePage.takeScreenShot(ProfilePage.java:28)
	at com.qtpselenium.facebook.pom.pages.ProfilePage.takeScreenShot(ProfilePage.java:28)
	at com.qtpselenium.facebook.pom.pages.ProfilePage.takeScreenShot(ProfilePage.java:28)
	at com.qtpselenium.facebook.pom.pages.ProfilePage.takeScreenShot(ProfilePage.java:28)
	at com.qtpselenium.facebook.pom.pages.ProfilePage.takeScreenShot(ProfilePage.java:28)
	at com.qtpselenium.facebook.pom.pages.ProfilePage.takeScreenShot(ProfilePage.java:28)
	at com.qtpselenium.facebook.pom.pages.ProfilePage.takeScreenShot(ProfilePage.java:28)
	at com.qtpselenium.facebook.pom.pages.ProfilePage.takeScreenShot(ProfilePage.java:28)
	at com.qtpselenium.facebook.pom.pages.ProfilePage.takeScreenShot(ProfilePage.java:28)
	at com.qtpselenium.facebook.pom.pages.ProfilePage.takeScreenShot(ProfilePage.java:28)
	at com.qtpselenium.facebook.pom.pages.ProfilePage.takeScreenShot(ProfilePage.java:28)
	at com.qtpselenium.facebook.pom.pages.ProfilePage.takeScreenShot(ProfilePage.java:28)
	at com.qtpselenium.facebook.pom.pages.ProfilePage.takeScreenShot(ProfilePage.java:28)
	at com.qtpselenium.facebook.pom.pages.ProfilePage.takeScreenShot(ProfilePage.java:28)
	at com.qtpselenium.facebook.pom.pages.ProfilePage.takeScreenShot(ProfilePage.java:28)
	at com.qtpselenium.facebook.pom.pages.ProfilePage.takeScreenShot(ProfilePage.java:28)
	at com.qtpselenium.facebook.pom.pages.ProfilePage.takeScreenShot(ProfilePage.java:28)
	at com.qtpselenium.facebook.pom.pages.ProfilePage.takeScreenShot(ProfilePage.java:28)
	at com.qtpselenium.facebook.pom.pages.ProfilePage.takeScreenShot(ProfilePage.java:28)
	at com.qtpselenium.facebook.pom.pages.ProfilePage.takeScreenShot(ProfilePage.java:28)
	at com.qtpselenium.facebook.pom.pages.ProfilePage.takeScreenShot(ProfilePage.java:28)
	at com.qtpselenium.facebook.pom.pages.ProfilePage.takeScreenShot(ProfilePage.java:28)
	at com.qtpselenium.facebook.pom.pages.ProfilePage.takeScreenShot(ProfilePage.java:28)
	at com.qtpselenium.facebook.pom.pages.ProfilePage.takeScreenShot(ProfilePage.java:28)
	at com.qtpselenium.facebook.pom.pages.ProfilePage.takeScreenShot(ProfilePage.java:28)
	at com.qtpselenium.facebook.pom.pages.ProfilePage.takeScreenShot(ProfilePage.java:28)
	at com.qtpselenium.facebook.pom.pages.ProfilePage.takeScreenShot(ProfilePage.java:28)
	at com.qtpselenium.facebook.pom.pages.ProfilePage.takeScreenShot(ProfilePage.java:28)
	at com.qtpselenium.facebook.pom.pages.ProfilePage.takeScreenShot(ProfilePage.java:28)
	at com.qtpselenium.facebook.pom.pages.ProfilePage.takeScreenShot(ProfilePage.java:28)
	at com.qtpselenium.facebook.pom.pages.ProfilePage.takeScreenShot(ProfilePage.java:28)
	at com.qtpselenium.facebook.pom.pages.ProfilePage.takeScreenShot(ProfilePage.java:28)
	at com.qtpselenium.facebook.pom.pages.ProfilePage.takeScreenShot(ProfilePage.java:28)
	at com.qtpselenium.facebook.pom.pages.ProfilePage.takeScreenShot(ProfilePage.java:28)
	at com.qtpselenium.facebook.pom.pages.ProfilePage.takeScreenShot(ProfilePage.java:28)
	at com.qtpselenium.facebook.pom.pages.ProfilePage.takeScreenShot(ProfilePage.java:28)
	at com.qtpselenium.facebook.pom.pages.ProfilePage.takeScreenShot(ProfilePage.java:28)
	at com.qtpselenium.facebook.pom.pages.ProfilePage.takeScreenShot(ProfilePage.java:28)
	at com.qtpselenium.facebook.pom.pages.ProfilePage.takeScreenShot(ProfilePage.java:28)
	at com.qtpselenium.facebook.pom.pages.ProfilePage.takeScreenShot(ProfilePage.java:28)
	at com.qtpselenium.facebook.pom.pages.ProfilePage.takeScreenShot(ProfilePage.java:28)
	at com.qtpselenium.facebook.pom.pages.ProfilePage.takeScreenShot(ProfilePage.java:28)
	at com.qtpselenium.facebook.pom.pages.ProfilePage.takeScreenShot(ProfilePage.java:28)
	at com.qtpselenium.facebook.pom.pages.ProfilePage.takeScreenShot(ProfilePage.java:28)
	at com.qtpselenium.facebook.pom.pages.ProfilePage.takeScreenShot(ProfilePage.java:28)
	at com.qtpselenium.facebook.pom.pages.ProfilePage.takeScreenShot(ProfilePage.java:28)
	at com.qtpselenium.facebook.pom.pages.ProfilePage.takeScreenShot(ProfilePage.java:28)
	at com.qtpselenium.facebook.pom.pages.ProfilePage.takeScreenShot(ProfilePage.java:28)
	at com.qtpselenium.facebook.pom.pages.ProfilePage.takeScreenShot(ProfilePage.java:28)
	at com.qtpselenium.facebook.pom.pages.ProfilePage.takeScreenShot(ProfilePage.java:28)
	at com.qtpselenium.facebook.pom.pages.ProfilePage.takeScreenShot(ProfilePage.java:28)
	at com.qtpselenium.facebook.pom.pages.ProfilePage.takeScreenShot(ProfilePage.java:28)
	at com.qtpselenium.facebook.pom.pages.ProfilePage.takeScreenShot(ProfilePage.java:28)
	at com.qtpselenium.facebook.pom.pages.ProfilePage.takeScreenShot(ProfilePage.java:28)
	at com.qtpselenium.facebook.pom.pages.ProfilePage.takeScreenShot(ProfilePage.java:28)
	at com.qtpselenium.facebook.pom.pages.ProfilePage.takeScreenShot(ProfilePage.java:28)
	at com.qtpselenium.facebook.pom.pages.ProfilePage.takeScreenShot(ProfilePage.java:28)
	at com.qtpselenium.facebook.pom.pages.ProfilePage.takeScreenShot(ProfilePage.java:28)
	at com.qtpselenium.facebook.pom.pages.ProfilePage.takeScreenShot(ProfilePage.java:28)
	at com.qtpselenium.facebook.pom.pages.ProfilePage.takeScreenShot(ProfilePage.java:28)
	at com.qtpselenium.facebook.pom.pages.ProfilePage.takeScreenShot(ProfilePage.java:28)
	at com.qtpselenium.facebook.pom.pages.ProfilePage.takeScreenShot(ProfilePage.java:28)
	at com.qtpselenium.facebook.pom.pages.ProfilePage.takeScreenShot(ProfilePage.java:28)
	at com.qtpselenium.facebook.pom.pages.ProfilePage.takeScreenShot(ProfilePage.java:28)
	at com.qtpselenium.facebook.pom.pages.ProfilePage.takeScreenShot(ProfilePage.java:28)
	at com.qtpselenium.facebook.pom.pages.ProfilePage.takeScreenShot(ProfilePage.java:28)
	at com.qtpselenium.facebook.pom.pages.ProfilePage.takeScreenShot(ProfilePage.java:28)
	at com.qtpselenium.facebook.pom.pages.ProfilePage.takeScreenShot(ProfilePage.java:28)
	at com.qtpselenium.facebook.pom.pages.ProfilePage.takeScreenShot(ProfilePage.java:28)
	at com.qtpselenium.facebook.pom.pages.ProfilePage.takeScreenShot(ProfilePage.java:28)
	at com.qtpselenium.facebook.pom.pages.ProfilePage.takeScreenShot(ProfilePage.java:28)
	at com.qtpselenium.facebook.pom.pages.ProfilePage.takeScreenShot(ProfilePage.java:28)
	at com.qtpselenium.facebook.pom.pages.ProfilePage.takeScreenShot(ProfilePage.java:28)
	at com.qtpselenium.facebook.pom.pages.ProfilePage.takeScreenShot(ProfilePage.java:28)
	at com.qtpselenium.facebook.pom.pages.ProfilePage.takeScreenShot(ProfilePage.java:28)
	at com.qtpselenium.facebook.pom.pages.ProfilePage.takeScreenShot(ProfilePage.java:28)
	at com.qtpselenium.facebook.pom.pages.ProfilePage.takeScreenShot(ProfilePage.java:28)
	at com.qtpselenium.facebook.pom.pages.ProfilePage.takeScreenShot(ProfilePage.java:28)
	at com.qtpselenium.facebook.pom.pages.ProfilePage.takeScreenShot(ProfilePage.java:28)
	at com.qtpselenium.facebook.pom.pages.ProfilePage.takeScreenShot(ProfilePage.java:28)
	at com.qtpselenium.facebook.pom.pages.ProfilePage.takeScreenShot(ProfilePage.java:28)
	at com.qtpselenium.facebook.pom.pages.ProfilePage.takeScreenShot(ProfilePage.java:28)
	at com.qtpselenium.facebook.pom.pages.ProfilePage.takeScreenShot(ProfilePage.java:28)
	at com.qtpselenium.facebook.pom.pages.ProfilePage.takeScreenShot(ProfilePage.java:28)
	at com.qtpselenium.facebook.pom.pages.ProfilePage.takeScreenShot(ProfilePage.java:28)
	at com.qtpselenium.facebook.pom.pages.ProfilePage.takeScreenShot(ProfilePage.java:28)
	at com.qtpselenium.facebook.pom.pages.ProfilePage.takeScreenShot(ProfilePage.java:28)
	at com.qtpselenium.facebook.pom.pages.ProfilePage.takeScreenShot(ProfilePage.java:28)
	at com.qtpselenium.facebook.pom.pages.ProfilePage.takeScreenShot(ProfilePage.java:28)
	at com.qtpselenium.facebook.pom.pages.ProfilePage.takeScreenShot(ProfilePage.java:28)
	at com.qtpselenium.facebook.pom.pages.ProfilePage.takeScreenShot(ProfilePage.java:28)
	at com.qtpselenium.facebook.pom.pages.ProfilePage.takeScreenShot(ProfilePage.java:28)
	at com.qtpselenium.facebook.pom.pages.ProfilePage.takeScreenShot(ProfilePage.java:28)
	at com.qtpselenium.facebook.pom.pages.ProfilePage.takeScreenShot(ProfilePage.java:28)
	at com.qtpselenium.facebook.pom.pages.ProfilePage.takeScreenShot(ProfilePage.java:28)
	at com.qtpselenium.facebook.pom.pages.ProfilePage.takeScreenShot(ProfilePage.java:28)
	at com.qtpselenium.facebook.pom.pages.ProfilePage.takeScreenShot(ProfilePage.java:28)
	at com.qtpselenium.facebook.pom.pages.ProfilePage.takeScreenShot(ProfilePage.java:28)
	at com.qtpselenium.facebook.pom.pages.ProfilePage.takeScreenShot(ProfilePage.java:28)
	at com.qtpselenium.facebook.pom.pages.ProfilePage.takeScreenShot(ProfilePage.java:28)
	at com.qtpselenium.facebook.pom.pages.ProfilePage.takeScreenShot(ProfilePage.java:28)
	at com.qtpselenium.facebook.pom.pages.ProfilePage.takeScreenShot(ProfilePage.java:28)
	at com.qtpselenium.facebook.pom.pages.ProfilePage.takeScreenShot(ProfilePage.java:28)
	at com.qtpselenium.facebook.pom.pages.ProfilePage.takeScreenShot(ProfilePage.java:28)
	at com.qtpselenium.facebook.pom.pages.ProfilePage.takeScreenShot(ProfilePage.java:28)
	at com.qtpselenium.facebook.pom.pages.ProfilePage.takeScreenShot(ProfilePage.java:28)
	at com.qtpselenium.facebook.pom.pages.ProfilePage.takeScreenShot(ProfilePage.java:28)
	at com.qtpselenium.facebook.pom.pages.ProfilePage.takeScreenShot(ProfilePage.java:28)
	at com.qtpselenium.facebook.pom.pages.ProfilePage.takeScreenShot(ProfilePage.java:28)
	at com.qtpselenium.facebook.pom.pages.ProfilePage.takeScreenShot(ProfilePage.java:28)
	at com.qtpselenium.facebook.pom.pages.ProfilePage.takeScreenShot(ProfilePage.java:28)
	at com.qtpselenium.facebook.pom.pages.ProfilePage.takeScreenShot(ProfilePage.java:28)
	at com.qtpselenium.facebook.pom.pages.ProfilePage.takeScreenShot(ProfilePage.java:28)
	at com.qtpselenium.facebook.pom.pages.ProfilePage.takeScreenShot(ProfilePage.java:28)
	at com.qtpselenium.facebook.pom.pages.ProfilePage.takeScreenShot(ProfilePage.java:28)
	at com.qtpselenium.facebook.pom.pages.ProfilePage.takeScreenShot(ProfilePage.java:28)
	at com.qtpselenium.facebook.pom.pages.ProfilePage.takeScreenShot(ProfilePage.java:28)
	at com.qtpselenium.facebook.pom.pages.ProfilePage.takeScreenShot(ProfilePage.java:28)
	at com.qtpselenium.facebook.pom.pages.ProfilePage.takeScreenShot(ProfilePage.java:28)
	at com.qtpselenium.facebook.pom.pages.ProfilePage.takeScreenShot(ProfilePage.java:28)
	at com.qtpselenium.facebook.pom.pages.ProfilePage.takeScreenShot(ProfilePage.java:28)
	at com.qtpselenium.facebook.pom.pages.ProfilePage.takeScreenShot(ProfilePage.java:28)
	at com.qtpselenium.facebook.pom.pages.ProfilePage.takeScreenShot(ProfilePage.java:28)
	at com.qtpselenium.facebook.pom.pages.ProfilePage.takeScreenShot(ProfilePage.java:28)
	at com.qtpselenium.facebook.pom.pages.ProfilePage.takeScreenShot(ProfilePage.java:28)
	at com.qtpselenium.facebook.pom.pages.ProfilePage.takeScreenShot(ProfilePage.java:28)
	at com.qtpselenium.facebook.pom.pages.ProfilePage.takeScreenShot(ProfilePage.java:28)
	at com.qtpselenium.facebook.pom.pages.ProfilePage.takeScreenShot(ProfilePage.java:28)
	at com.qtpselenium.facebook.pom.pages.ProfilePage.takeScreenShot(ProfilePage.java:28)
	at com.qtpselenium.facebook.pom.pages.ProfilePage.takeScreenShot(ProfilePage.java:28)
	at com.qtpselenium.facebook.pom.pages.ProfilePage.takeScreenShot(ProfilePage.java:28)
	at com.qtpselenium.facebook.pom.pages.ProfilePage.takeScreenShot(ProfilePage.java:28)
	at com.qtpselenium.facebook.pom.pages.ProfilePage.takeScreenShot(ProfilePage.java:28)
	at com.qtpselenium.facebook.pom.pages.ProfilePage.takeScreenShot(ProfilePage.java:28)
	at com.qtpselenium.facebook.pom.pages.ProfilePage.takeScreenShot(ProfilePage.java:28)
	at com.qtpselenium.facebook.pom.pages.ProfilePage.takeScreenShot(ProfilePage.java:28)
	at com.qtpselenium.facebook.pom.pages.ProfilePage.takeScreenShot(ProfilePage.java:28)
	at com.qtpselenium.facebook.pom.pages.ProfilePage.takeScreenShot(ProfilePage.java:28)
	at com.qtpselenium.facebook.pom.pages.ProfilePage.takeScreenShot(ProfilePage.java:28)
	at com.qtpselenium.facebook.pom.pages.ProfilePage.takeScreenShot(ProfilePage.java:28)
	at com.qtpselenium.facebook.pom.pages.ProfilePage.takeScreenShot(ProfilePage.java:28)
	at com.qtpselenium.facebook.pom.pages.ProfilePage.takeScreenShot(ProfilePage.java:28)
	at com.qtpselenium.facebook.pom.pages.ProfilePage.takeScreenShot(ProfilePage.java:28)
	at com.qtpselenium.facebook.pom.pages.ProfilePage.takeScreenShot(ProfilePage.java:28)
	at com.qtpselenium.facebook.pom.pages.ProfilePage.takeScreenShot(ProfilePage.java:28)
	at com.qtpselenium.facebook.pom.pages.ProfilePage.takeScreenShot(ProfilePage.java:28)
	at com.qtpselenium.facebook.pom.pages.ProfilePage.takeScreenShot(ProfilePage.java:28)
	at com.qtpselenium.facebook.pom.pages.ProfilePage.takeScreenShot(ProfilePage.java:28)
	at com.qtpselenium.facebook.pom.pages.ProfilePage.takeScreenShot(ProfilePage.java:28)
	at com.qtpselenium.facebook.pom.pages.ProfilePage.takeScreenShot(ProfilePage.java:28)
	at com.qtpselenium.facebook.pom.pages.ProfilePage.takeScreenShot(ProfilePage.java:28)
	at com.qtpselenium.facebook.pom.pages.ProfilePage.takeScreenShot(ProfilePage.java:28)
	at com.qtpselenium.facebook.pom.pages.ProfilePage.takeScreenShot(ProfilePage.java:28)
	at com.qtpselenium.facebook.pom.pages.ProfilePage.takeScreenShot(ProfilePage.java:28)
	at com.qtpselenium.facebook.pom.pages.ProfilePage.takeScreenShot(ProfilePage.java:28)
	at com.qtpselenium.facebook.pom.pages.ProfilePage.takeScreenShot(ProfilePage.java:28)
	at com.qtpselenium.facebook.pom.pages.ProfilePage.takeScreenShot(ProfilePage.java:28)
	at com.qtpselenium.facebook.pom.pages.ProfilePage.takeScreenShot(ProfilePage.java:28)
	at com.qtpselenium.facebook.pom.pages.ProfilePage.takeScreenShot(ProfilePage.java:28)
	at com.qtpselenium.facebook.pom.pages.ProfilePage.takeScreenShot(ProfilePage.java:28)
	at com.qtpselenium.facebook.pom.pages.ProfilePage.takeScreenShot(ProfilePage.java:28)
	at com.qtpselenium.facebook.pom.pages.ProfilePage.takeScreenShot(ProfilePage.java:28)
	at com.qtpselenium.facebook.pom.pages.ProfilePage.takeScreenShot(ProfilePage.java:28)
	at com.qtpselenium.facebook.pom.pages.ProfilePage.takeScreenShot(ProfilePage.java:28)
	at com.qtpselenium.facebook.pom.pages.ProfilePage.takeScreenShot(ProfilePage.java:28)
	at com.qtpselenium.facebook.pom.pages.ProfilePage.takeScreenShot(ProfilePage.java:28)
	at com.qtpselenium.facebook.pom.pages.ProfilePage.takeScreenShot(ProfilePage.java:28)
	at com.qtpselenium.facebook.pom.pages.ProfilePage.takeScreenShot(ProfilePage.java:28)
	at com.qtpselenium.facebook.pom.pages.ProfilePage.takeScreenShot(ProfilePage.java:28)
	at com.qtpselenium.facebook.pom.pages.ProfilePage.takeScreenShot(ProfilePage.java:28)
	at com.qtpselenium.facebook.pom.pages.ProfilePage.takeScreenShot(ProfilePage.java:28)
	at com.qtpselenium.facebook.pom.pages.ProfilePage.takeScreenShot(ProfilePage.java:28)
	at com.qtpselenium.facebook.pom.pages.ProfilePage.takeScreenShot(ProfilePage.java:28)
	at com.qtpselenium.facebook.pom.pages.ProfilePage.takeScreenShot(ProfilePage.java:28)
	at com.qtpselenium.facebook.pom.pages.ProfilePage.takeScreenShot(ProfilePage.java:28)
	at com.qtpselenium.facebook.pom.pages.ProfilePage.takeScreenShot(ProfilePage.java:28)
	at com.qtpselenium.facebook.pom.pages.ProfilePage.takeScreenShot(ProfilePage.java:28)
	at com.qtpselenium.facebook.pom.pages.ProfilePage.takeScreenShot(ProfilePage.java:28)
	at com.qtpselenium.facebook.pom.pages.ProfilePage.takeScreenShot(ProfilePage.java:28)
	at com.qtpselenium.facebook.pom.pages.ProfilePage.takeScreenShot(ProfilePage.java:28)
	at com.qtpselenium.facebook.pom.pages.ProfilePage.takeScreenShot(ProfilePage.java:28)
	at com.qtpselenium.facebook.pom.pages.ProfilePage.takeScreenShot(ProfilePage.java:28)
	at com.qtpselenium.facebook.pom.pages.ProfilePage.takeScreenShot(ProfilePage.java:28)
	at com.qtpselenium.facebook.pom.pages.ProfilePage.takeScreenShot(ProfilePage.java:28)
	at com.qtpselenium.facebook.pom.pages.ProfilePage.takeScreenShot(ProfilePage.java:28)
	at com.qtpselenium.facebook.pom.pages.ProfilePage.takeScreenShot(ProfilePage.java:28)
	at com.qtpselenium.facebook.pom.pages.ProfilePage.takeScreenShot(ProfilePage.java:28)
	at com.qtpselenium.facebook.pom.pages.ProfilePage.takeScreenShot(ProfilePage.java:28)
	at com.qtpselenium.facebook.pom.pages.ProfilePage.takeScreenShot(ProfilePage.java:28)
	at com.qtpselenium.facebook.pom.pages.ProfilePage.takeScreenShot(ProfilePage.java:28)
	at com.qtpselenium.facebook.pom.pages.ProfilePage.takeScreenShot(ProfilePage.java:28)
	at com.qtpselenium.facebook.pom.pages.ProfilePage.takeScreenShot(ProfilePage.java:28)
	at com.qtpselenium.facebook.pom.pages.ProfilePage.takeScreenShot(ProfilePage.java:28)
	at com.qtpselenium.facebook.pom.pages.ProfilePage.takeScreenShot(ProfilePage.java:28)
	at com.qtpselenium.facebook.pom.pages.ProfilePage.takeScreenShot(ProfilePage.java:28)
	at com.qtpselenium.facebook.pom.pages.ProfilePage.takeScreenShot(ProfilePage.java:28)
	at com.qtpselenium.facebook.pom.pages.ProfilePage.takeScreenShot(ProfilePage.java:28)
	at com.qtpselenium.facebook.pom.pages.ProfilePage.takeScreenShot(ProfilePage.java:28)
	at com.qtpselenium.facebook.pom.pages.ProfilePage.takeScreenShot(ProfilePage.java:28)
	at com.qtpselenium.facebook.pom.pages.ProfilePage.takeScreenShot(ProfilePage.java:28)
	at com.qtpselenium.facebook.pom.pages.ProfilePage.takeScreenShot(ProfilePage.java:28)
	at com.qtpselenium.facebook.pom.pages.ProfilePage.takeScreenShot(ProfilePage.java:28)
	at com.qtpselenium.facebook.pom.pages.ProfilePage.takeScreenShot(ProfilePage.java:28)
	at com.qtpselenium.facebook.pom.pages.ProfilePage.takeScreenShot(ProfilePage.java:28)
	at com.qtpselenium.facebook.pom.pages.ProfilePage.takeScreenShot(ProfilePage.java:28)
	at com.qtpselenium.facebook.pom.pages.ProfilePage.takeScreenShot(ProfilePage.java:28)
	at com.qtpselenium.facebook.pom.pages.ProfilePage.takeScreenShot(ProfilePage.java:28)
	at com.qtpselenium.facebook.pom.pages.ProfilePage.takeScreenShot(ProfilePage.java:28)
	at com.qtpselenium.facebook.pom.pages.ProfilePage.takeScreenShot(ProfilePage.java:28)
	at com.qtpselenium.facebook.pom.pages.ProfilePage.takeScreenShot(ProfilePage.java:28)
	at com.qtpselenium.facebook.pom.pages.ProfilePage.takeScreenShot(ProfilePage.java:28)
	at com.qtpselenium.facebook.pom.pages.ProfilePage.takeScreenShot(ProfilePage.java:28)
	at com.qtpselenium.facebook.pom.pages.ProfilePage.takeScreenShot(ProfilePage.java:28)
	at com.qtpselenium.facebook.pom.pages.ProfilePage.takeScreenShot(ProfilePage.java:28)
	at com.qtpselenium.facebook.pom.pages.ProfilePage.takeScreenShot(ProfilePage.java:28)
	at com.qtpselenium.facebook.pom.pages.ProfilePage.takeScreenShot(ProfilePage.java:28)
	at com.qtpselenium.facebook.pom.pages.ProfilePage.takeScreenShot(ProfilePage.java:28)
	at com.qtpselenium.facebook.pom.pages.ProfilePage.takeScreenShot(ProfilePage.java:28)
	at com.qtpselenium.facebook.pom.pages.ProfilePage.takeScreenShot(ProfilePage.java:28)
	at com.qtpselenium.facebook.pom.pages.ProfilePage.takeScreenShot(ProfilePage.java:28)
	at com.qtpselenium.facebook.pom.pages.ProfilePage.takeScreenShot(ProfilePage.java:28)
	at com.qtpselenium.facebook.pom.pages.ProfilePage.takeScreenShot(ProfilePage.java:28)
	at com.qtpselenium.facebook.pom.pages.ProfilePage.takeScreenShot(ProfilePage.java:28)
	at com.qtpselenium.facebook.pom.pages.ProfilePage.takeScreenShot(ProfilePage.java:28)
	at com.qtpselenium.facebook.pom.pages.ProfilePage.takeScreenShot(ProfilePage.java:28)
	at com.qtpselenium.facebook.pom.pages.ProfilePage.takeScreenShot(ProfilePage.java:28)
	at com.qtpselenium.facebook.pom.pages.ProfilePage.takeScreenShot(ProfilePage.java:28)
	at com.qtpselenium.facebook.pom.pages.ProfilePage.takeScreenShot(ProfilePage.java:28)
	at com.qtpselenium.facebook.pom.pages.ProfilePage.takeScreenShot(ProfilePage.java:28)
	at com.qtpselenium.facebook.pom.pages.ProfilePage.takeScreenShot(ProfilePage.java:28)
	at com.qtpselenium.facebook.pom.pages.ProfilePage.takeScreenShot(ProfilePage.java:28)
	at com.qtpselenium.facebook.pom.pages.ProfilePage.takeScreenShot(ProfilePage.java:28)
	at com.qtpselenium.facebook.pom.pages.ProfilePage.takeScreenShot(ProfilePage.java:28)
	at com.qtpselenium.facebook.pom.pages.ProfilePage.takeScreenShot(ProfilePage.java:28)
	at com.qtpselenium.facebook.pom.pages.ProfilePage.takeScreenShot(ProfilePage.java:28)
	at com.qtpselenium.facebook.pom.pages.ProfilePage.takeScreenShot(ProfilePage.java:28)
	at com.qtpselenium.facebook.pom.pages.ProfilePage.takeScreenShot(ProfilePage.java:28)
	at com.qtpselenium.facebook.pom.pages.ProfilePage.takeScreenShot(ProfilePage.java:28)
	at com.qtpselenium.facebook.pom.pages.ProfilePage.takeScreenShot(ProfilePage.java:28)
	at com.qtpselenium.facebook.pom.pages.ProfilePage.takeScreenShot(ProfilePage.java:28)
	at com.qtpselenium.facebook.pom.pages.ProfilePage.takeScreenShot(ProfilePage.java:28)
	at com.qtpselenium.facebook.pom.pages.ProfilePage.takeScreenShot(ProfilePage.java:28)
	at com.qtpselenium.facebook.pom.pages.ProfilePage.takeScreenShot(ProfilePage.java:28)
	at com.qtpselenium.facebook.pom.pages.ProfilePage.takeScreenShot(ProfilePage.java:28)
	at com.qtpselenium.facebook.pom.pages.ProfilePage.takeScreenShot(ProfilePage.java:28)
	at com.qtpselenium.facebook.pom.pages.ProfilePage.takeScreenShot(ProfilePage.java:28)
	at com.qtpselenium.facebook.pom.pages.ProfilePage.takeScreenShot(ProfilePage.java:28)
	at com.qtpselenium.facebook.pom.pages.ProfilePage.takeScreenShot(ProfilePage.java:28)
	at com.qtpselenium.facebook.pom.pages.ProfilePage.takeScreenShot(ProfilePage.java:28)
	at com.qtpselenium.facebook.pom.pages.ProfilePage.takeScreenShot(ProfilePage.java:28)
	at com.qtpselenium.facebook.pom.pages.ProfilePage.takeScreenShot(ProfilePage.java:28)
	at com.qtpselenium.facebook.pom.pages.ProfilePage.takeScreenShot(ProfilePage.java:28)
	at com.qtpselenium.facebook.pom.pages.ProfilePage.takeScreenShot(ProfilePage.java:28)
	at com.qtpselenium.facebook.pom.pages.ProfilePage.takeScreenShot(ProfilePage.java:28)
	at com.qtpselenium.facebook.pom.pages.ProfilePage.takeScreenShot(ProfilePage.java:28)
	at com.qtpselenium.facebook.pom.pages.ProfilePage.takeScreenShot(ProfilePage.java:28)
	at com.qtpselenium.facebook.pom.pages.ProfilePage.takeScreenShot(ProfilePage.java:28)
	at com.qtpselenium.facebook.pom.pages.ProfilePage.takeScreenShot(ProfilePage.java:28)
	at com.qtpselenium.facebook.pom.pages.ProfilePage.takeScreenShot(ProfilePage.java:28)
	at com.qtpselenium.facebook.pom.pages.ProfilePage.takeScreenShot(ProfilePage.java:28)
	at com.qtpselenium.facebook.pom.pages.ProfilePage.takeScreenShot(ProfilePage.java:28)
	at com.qtpselenium.facebook.pom.pages.ProfilePage.takeScreenShot(ProfilePage.java:28)
	at com.qtpselenium.facebook.pom.pages.ProfilePage.takeScreenShot(ProfilePage.java:28)
	at com.qtpselenium.facebook.pom.pages.ProfilePage.takeScreenShot(ProfilePage.java:28)
	at com.qtpselenium.facebook.pom.pages.ProfilePage.takeScreenShot(ProfilePage.java:28)
	at com.qtpselenium.facebook.pom.pages.ProfilePage.takeScreenShot(ProfilePage.java:28)
	at com.qtpselenium.facebook.pom.pages.ProfilePage.takeScreenShot(ProfilePage.java:28)
	at com.qtpselenium.facebook.pom.pages.ProfilePage.takeScreenShot(ProfilePage.java:28)
	at com.qtpselenium.facebook.pom.pages.ProfilePage.takeScreenShot(ProfilePage.java:28)
	at com.qtpselenium.facebook.pom.pages.ProfilePage.takeScreenShot(ProfilePage.java:28)
	at com.qtpselenium.facebook.pom.pages.ProfilePage.takeScreenShot(ProfilePage.java:28)
	at com.qtpselenium.facebook.pom.pages.ProfilePage.takeScreenShot(ProfilePage.java:28)
	at com.qtpselenium.facebook.pom.pages.ProfilePage.takeScreenShot(ProfilePage.java:28)
	at com.qtpselenium.facebook.pom.pages.ProfilePage.takeScreenShot(ProfilePage.java:28)
	at com.qtpselenium.facebook.pom.pages.ProfilePage.takeScreenShot(ProfilePage.java:28)
	at com.qtpselenium.facebook.pom.pages.ProfilePage.takeScreenShot(ProfilePage.java:28)
	at com.qtpselenium.facebook.pom.pages.ProfilePage.takeScreenShot(ProfilePage.java:28)
	at com.qtpselenium.facebook.pom.pages.ProfilePage.takeScreenShot(ProfilePage.java:28)
	at com.qtpselenium.facebook.pom.pages.ProfilePage.takeScreenShot(ProfilePage.java:28)
	at com.qtpselenium.facebook.pom.pages.ProfilePage.takeScreenShot(ProfilePage.java:28)
	at com.qtpselenium.facebook.pom.pages.ProfilePage.takeScreenShot(ProfilePage.java:28)
	at com.qtpselenium.facebook.pom.pages.ProfilePage.takeScreenShot(ProfilePage.java:28)
	at com.qtpselenium.facebook.pom.pages.ProfilePage.takeScreenShot(ProfilePage.java:28)
	at com.qtpselenium.facebook.pom.pages.ProfilePage.takeScreenShot(ProfilePage.java:28)
	at com.qtpselenium.facebook.pom.pages.ProfilePage.takeScreenShot(ProfilePage.java:28)
	at com.qtpselenium.facebook.pom.pages.ProfilePage.takeScreenShot(ProfilePage.java:28)
	at com.qtpselenium.facebook.pom.pages.ProfilePage.takeScreenShot(ProfilePage.java:28)
	at com.qtpselenium.facebook.pom.pages.ProfilePage.takeScreenShot(ProfilePage.java:28)
	at com.qtpselenium.facebook.pom.pages.ProfilePage.takeScreenShot(ProfilePage.java:28)
	at com.qtpselenium.facebook.pom.pages.ProfilePage.takeScreenShot(ProfilePage.java:28)
	at com.qtpselenium.facebook.pom.pages.ProfilePage.takeScreenShot(ProfilePage.java:28)
	at com.qtpselenium.facebook.pom.pages.ProfilePage.takeScreenShot(ProfilePage.java:28)
	at com.qtpselenium.facebook.pom.pages.ProfilePage.takeScreenShot(ProfilePage.java:28)
	at com.qtpselenium.facebook.pom.pages.ProfilePage.takeScreenShot(ProfilePage.java:28)
	at com.qtpselenium.facebook.pom.pages.ProfilePage.takeScreenShot(ProfilePage.java:28)
	at com.qtpselenium.facebook.pom.pages.ProfilePage.takeScreenShot(ProfilePage.java:28)
	at com.qtpselenium.facebook.pom.pages.ProfilePage.takeScreenShot(ProfilePage.java:28)
	at com.qtpselenium.facebook.pom.pages.ProfilePage.takeScreenShot(ProfilePage.java:28)
	at com.qtpselenium.facebook.pom.pages.ProfilePage.takeScreenShot(ProfilePage.java:28)
	at com.qtpselenium.facebook.pom.pages.ProfilePage.takeScreenShot(ProfilePage.java:28)
	at com.qtpselenium.facebook.pom.pages.ProfilePage.takeScreenShot(ProfilePage.java:28)
	at com.qtpselenium.facebook.pom.pages.ProfilePage.takeScreenShot(ProfilePage.java:28)
	at com.qtpselenium.facebook.pom.pages.ProfilePage.takeScreenShot(ProfilePage.java:28)
	at com.qtpselenium.facebook.pom.pages.ProfilePage.takeScreenShot(ProfilePage.java:28)
	at com.qtpselenium.facebook.pom.pages.ProfilePage.takeScreenShot(ProfilePage.java:28)
	at com.qtpselenium.facebook.pom.pages.ProfilePage.takeScreenShot(ProfilePage.java:28)
	at com.qtpselenium.facebook.pom.pages.ProfilePage.takeScreenShot(ProfilePage.java:28)
	at com.qtpselenium.facebook.pom.pages.ProfilePage.takeScreenShot(ProfilePage.java:28)
	at com.qtpselenium.facebook.pom.pages.ProfilePage.takeScreenShot(ProfilePage.java:28)
	at com.qtpselenium.facebook.pom.pages.ProfilePage.takeScreenShot(ProfilePage.java:28)
	at com.qtpselenium.facebook.pom.pages.ProfilePage.takeScreenShot(ProfilePage.java:28)
	at com.qtpselenium.facebook.pom.pages.ProfilePage.takeScreenShot(ProfilePage.java:28)
	at com.qtpselenium.facebook.pom.pages.ProfilePage.takeScreenShot(ProfilePage.java:28)
	at com.qtpselenium.facebook.pom.pages.ProfilePage.takeScreenShot(ProfilePage.java:28)
	at com.qtpselenium.facebook.pom.pages.ProfilePage.takeScreenShot(ProfilePage.java:28)
	at com.qtpselenium.facebook.pom.pages.ProfilePage.takeScreenShot(ProfilePage.java:28)
	at com.qtpselenium.facebook.pom.pages.ProfilePage.takeScreenShot(ProfilePage.java:28)
	at com.qtpselenium.facebook.pom.pages.ProfilePage.takeScreenShot(ProfilePage.java:28)
	at com.qtpselenium.facebook.pom.pages.ProfilePage.takeScreenShot(ProfilePage.java:28)
	at com.qtpselenium.facebook.pom.pages.ProfilePage.takeScreenShot(ProfilePage.java:28)
	at com.qtpselenium.facebook.pom.pages.ProfilePage.takeScreenShot(ProfilePage.java:28)
	at com.qtpselenium.facebook.pom.pages.ProfilePage.takeScreenShot(ProfilePage.java:28)
	at com.qtpselenium.facebook.pom.pages.ProfilePage.takeScreenShot(ProfilePage.java:28)
	at com.qtpselenium.facebook.pom.pages.ProfilePage.takeScreenShot(ProfilePage.java:28)
	at com.qtpselenium.facebook.pom.pages.ProfilePage.takeScreenShot(ProfilePage.java:28)
	at com.qtpselenium.facebook.pom.pages.ProfilePage.takeScreenShot(ProfilePage.java:28)
	at com.qtpselenium.facebook.pom.pages.ProfilePage.takeScreenShot(ProfilePage.java:28)
	at com.qtpselenium.facebook.pom.pages.ProfilePage.takeScreenShot(ProfilePage.java:28)
	at com.qtpselenium.facebook.pom.pages.ProfilePage.takeScreenShot(ProfilePage.java:28)
	at com.qtpselenium.facebook.pom.pages.ProfilePage.takeScreenShot(ProfilePage.java:28)
	at com.qtpselenium.facebook.pom.pages.ProfilePage.takeScreenShot(ProfilePage.java:28)
	at com.qtpselenium.facebook.pom.pages.ProfilePage.takeScreenShot(ProfilePage.java:28)
	at com.qtpselenium.facebook.pom.pages.ProfilePage.takeScreenShot(ProfilePage.java:28)
	at com.qtpselenium.facebook.pom.pages.ProfilePage.takeScreenShot(ProfilePage.java:28)
	at com.qtpselenium.facebook.pom.pages.ProfilePage.takeScreenShot(ProfilePage.java:28)
	at com.qtpselenium.facebook.pom.pages.ProfilePage.takeScreenShot(ProfilePage.java:28)
	at com.qtpselenium.facebook.pom.pages.ProfilePage.takeScreenShot(ProfilePage.java:28)
	at com.qtpselenium.facebook.pom.pages.ProfilePage.takeScreenShot(ProfilePage.java:28)
	at com.qtpselenium.facebook.pom.pages.ProfilePage.takeScreenShot(ProfilePage.java:28)
	at com.qtpselenium.facebook.pom.pages.ProfilePage.takeScreenShot(ProfilePage.java:28)
	at com.qtpselenium.facebook.pom.pages.ProfilePage.takeScreenShot(ProfilePage.java:28)
	at com.qtpselenium.facebook.pom.pages.ProfilePage.takeScreenShot(ProfilePage.java:28)
	at com.qtpselenium.facebook.pom.pages.ProfilePage.takeScreenShot(ProfilePage.java:28)
	at com.qtpselenium.facebook.pom.pages.ProfilePage.takeScreenShot(ProfilePage.java:28)
	at com.qtpselenium.facebook.pom.pages.ProfilePage.takeScreenShot(ProfilePage.java:28)
	at com.qtpselenium.facebook.pom.pages.ProfilePage.takeScreenShot(ProfilePage.java:28)
	at com.qtpselenium.facebook.pom.pages.ProfilePage.takeScreenShot(ProfilePage.java:28)
	at com.qtpselenium.facebook.pom.pages.ProfilePage.takeScreenShot(ProfilePage.java:28)
	at com.qtpselenium.facebook.pom.pages.ProfilePage.takeScreenShot(ProfilePage.java:28)
	at com.qtpselenium.facebook.pom.pages.ProfilePage.takeScreenShot(ProfilePage.java:28)
	at com.qtpselenium.facebook.pom.pages.ProfilePage.takeScreenShot(ProfilePage.java:28)
	at com.qtpselenium.facebook.pom.pages.ProfilePage.takeScreenShot(ProfilePage.java:28)
	at com.qtpselenium.facebook.pom.pages.ProfilePage.takeScreenShot(ProfilePage.java:28)
	at com.qtpselenium.facebook.pom.pages.ProfilePage.takeScreenShot(ProfilePage.java:28)
	at com.qtpselenium.facebook.pom.pages.ProfilePage.takeScreenShot(ProfilePage.java:28)
	at com.qtpselenium.facebook.pom.pages.ProfilePage.takeScreenShot(ProfilePage.java:28)
	at com.qtpselenium.facebook.pom.pages.ProfilePage.takeScreenShot(ProfilePage.java:28)
	at com.qtpselenium.facebook.pom.pages.ProfilePage.takeScreenShot(ProfilePage.java:28)
	at com.qtpselenium.facebook.pom.pages.ProfilePage.takeScreenShot(ProfilePage.java:28)
	at com.qtpselenium.facebook.pom.pages.ProfilePage.takeScreenShot(ProfilePage.java:28)
	at com.qtpselenium.facebook.pom.pages.ProfilePage.takeScreenShot(ProfilePage.java:28)
	at com.qtpselenium.facebook.pom.pages.ProfilePage.takeScreenShot(ProfilePage.java:28)
	at com.qtpselenium.facebook.pom.pages.ProfilePage.takeScreenShot(ProfilePage.java:28)
	at com.qtpselenium.facebook.pom.pages.ProfilePage.takeScreenShot(ProfilePage.java:28)
	at com.qtpselenium.facebook.pom.pages.ProfilePage.takeScreenShot(ProfilePage.java:28)
	at com.qtpselenium.facebook.pom.pages.ProfilePage.takeScreenShot(ProfilePage.java:28)
	at com.qtpselenium.facebook.pom.pages.ProfilePage.takeScreenShot(ProfilePage.java:28)
	at com.qtpselenium.facebook.pom.pages.ProfilePage.takeScreenShot(ProfilePage.java:28)
	at com.qtpselenium.facebook.pom.pages.ProfilePage.takeScreenShot(ProfilePage.java:28)
	at com.qtpselenium.facebook.pom.pages.ProfilePage.takeScreenShot(ProfilePage.java:28)
	at com.qtpselenium.facebook.pom.pages.ProfilePage.takeScreenShot(ProfilePage.java:28)
	at com.qtpselenium.facebook.pom.pages.ProfilePage.takeScreenShot(ProfilePage.java:28)
	at com.qtpselenium.facebook.pom.pages.ProfilePage.takeScreenShot(ProfilePage.java:28)
	at com.qtpselenium.facebook.pom.pages.ProfilePage.takeScreenShot(ProfilePage.java:28)
]]>
    </failure>
  </testcase> <!-- testProfile -->
</testsuite> <!-- Default test -->
