<?xml version="1.0" encoding="UTF-8"?>
<testng-results skipped="0" failed="1" ignored="0" total="1" passed="0">
  <reporter-output>
  </reporter-output>
  <suite name="Default suite" duration-ms="12709" started-at="2018-02-15T06:17:53Z" finished-at="2018-02-15T06:18:06Z">
    <groups>
    </groups>
    <test name="Default test" duration-ms="12709" started-at="2018-02-15T06:17:53Z" finished-at="2018-02-15T06:18:06Z">
      <class name="com.qtpselenium.facebook.pom.testCases.ProfileTest">
        <test-method status="FAIL" signature="testProfile()[pri:0, instance:com.qtpselenium.facebook.pom.testCases.ProfileTest@7a187f14]" name="testProfile" duration-ms="12191" started-at="2018-02-14T22:17:53Z" finished-at="2018-02-14T22:18:05Z">
          <exception class="java.lang.StackOverflowError">
            <full-stacktrace>
              <![CDATA[java.lang.StackOverflowError
	at com.qtpselenium.facebook.pom.pages.ProfilePage.takeScreenShot(ProfilePage.java:28)
	at com.qtpselenium.facebook.pom.pages.ProfilePage.takeScreenShot(ProfilePage.java:28)
	at com.qtpselenium.facebook.pom.pages.ProfilePage.takeScreenShot(ProfilePage.java:28)
	at com.qtpselenium.facebook.pom.pages.ProfilePage.takeScreenShot(ProfilePage.java:28)
	at com.qtpselenium.facebook.pom.pages.ProfilePage.takeScreenShot(ProfilePage.java:28)
	at com.qtpselenium.facebook.pom.pages.ProfilePage.takeScreenShot(ProfilePage.java:28)
	at com.qtpselenium.facebook.pom.pages.ProfilePage.takeScreenShot(ProfilePage.java:28)
	at com.qtpselenium.facebook.pom.pages.ProfilePage.takeScreenShot(ProfilePage.java:28)
	at com.qtpselenium.facebook.pom.pages.ProfilePage.takeScreenShot(ProfilePage.java:28)
	at com.qtpselenium.facebook.pom.pages.ProfilePage.takeScreenShot(ProfilePage.java:28)
	at com.qtpselenium.facebook.pom.pages.ProfilePage.takeScreenShot(ProfilePage.java:28)
	at com.qtpselenium.facebook.pom.pages.ProfilePage.takeScreenShot(ProfilePage.java:28)
	at com.qtpselenium.facebook.pom.pages.ProfilePage.takeScreenShot(ProfilePage.java:28)
	at com.qtpselenium.facebook.pom.pages.ProfilePage.takeScreenShot(ProfilePage.java:28)
	at com.qtpselenium.facebook.pom.pages.ProfilePage.takeScreenShot(ProfilePage.java:28)
	at com.qtpselenium.facebook.pom.pages.ProfilePage.takeScreenShot(ProfilePage.java:28)
	at com.qtpselenium.facebook.pom.pages.ProfilePage.takeScreenShot(ProfilePage.java:28)
	at com.qtpselenium.facebook.pom.pages.ProfilePage.takeScreenShot(ProfilePage.java:28)
	at com.qtpselenium.facebook.pom.pages.ProfilePage.takeScreenShot(ProfilePage.java:28)
	at com.qtpselenium.facebook.pom.pages.ProfilePage.takeScreenShot(ProfilePage.java:28)
	at com.qtpselenium.facebook.pom.pages.ProfilePage.takeScreenShot(ProfilePage.java:28)
	at com.qtpselenium.facebook.pom.pages.ProfilePage.takeScreenShot(ProfilePage.java:28)
	at com.qtpselenium.facebook.pom.pages.ProfilePage.takeScreenShot(ProfilePage.java:28)
	at com.qtpselenium.facebook.pom.pages.ProfilePage.takeScreenShot(ProfilePage.java:28)
	at com.qtpselenium.facebook.pom.pages.ProfilePage.takeScreenShot(ProfilePage.java:28)
	at com.qtpselenium.facebook.pom.pages.ProfilePage.takeScreenShot(ProfilePage.java:28)
	at com.qtpselenium.facebook.pom.pages.ProfilePage.takeScreenShot(ProfilePage.java:28)
	at com.qtpselenium.facebook.pom.pages.ProfilePage.takeScreenShot(ProfilePage.java:28)
	at com.qtpselenium.facebook.pom.pages.ProfilePage.takeScreenShot(ProfilePage.java:28)
	at com.qtpselenium.facebook.pom.pages.ProfilePage.takeScreenShot(ProfilePage.java:28)
	at com.qtpselenium.facebook.pom.pages.ProfilePage.takeScreenShot(ProfilePage.java:28)
	at com.qtpselenium.facebook.pom.pages.ProfilePage.takeScreenShot(ProfilePage.java:28)
	at com.qtpselenium.facebook.pom.pages.ProfilePage.takeScreenShot(ProfilePage.java:28)
	at com.qtpselenium.facebook.pom.pages.ProfilePage.takeScreenShot(ProfilePage.java:28)
	at com.qtpselenium.facebook.pom.pages.ProfilePage.takeScreenShot(ProfilePage.java:28)
	at com.qtpselenium.facebook.pom.pages.ProfilePage.takeScreenShot(ProfilePage.java:28)
	at com.qtpselenium.facebook.pom.pages.ProfilePage.takeScreenShot(ProfilePage.java:28)
	at com.qtpselenium.facebook.pom.pages.ProfilePage.takeScreenShot(ProfilePage.java:28)
	at com.qtpselenium.facebook.pom.pages.ProfilePage.takeScreenShot(ProfilePage.java:28)
	at com.qtpselenium.facebook.pom.pages.ProfilePage.takeScreenShot(ProfilePage.java:28)
	at com.qtpselenium.facebook.pom.pages.ProfilePage.takeScreenShot(ProfilePage.java:28)
	at com.qtpselenium.facebook.pom.pages.ProfilePage.takeScreenShot(ProfilePage.java:28)
	at com.qtpselenium.facebook.pom.pages.ProfilePage.takeScreenShot(ProfilePage.java:28)
	at com.qtpselenium.facebook.pom.pages.ProfilePage.takeScreenShot(ProfilePage.java:28)
	at com.qtpselenium.facebook.pom.pages.ProfilePage.takeScreenShot(ProfilePage.java:28)
	at com.qtpselenium.facebook.pom.pages.ProfilePage.takeScreenShot(ProfilePage.java:28)
	at com.qtpselenium.facebook.pom.pages.ProfilePage.takeScreenShot(ProfilePage.java:28)
	at com.qtpselenium.facebook.pom.pages.ProfilePage.takeScreenShot(ProfilePage.java:28)
	at com.qtpselenium.facebook.pom.pages.ProfilePage.takeScreenShot(ProfilePage.java:28)
	at com.qtpselenium.facebook.pom.pages.ProfilePage.takeScreenShot(ProfilePage.java:28)
	at com.qtpselenium.facebook.pom.pages.ProfilePage.takeScreenShot(ProfilePage.java:28)
	at com.qtpselenium.facebook.pom.pages.ProfilePage.takeScreenShot(ProfilePage.java:28)
	at com.qtpselenium.facebook.pom.pages.ProfilePage.takeScreenShot(ProfilePage.java:28)
	at com.qtpselenium.facebook.pom.pages.ProfilePage.takeScreenShot(ProfilePage.java:28)
	at com.qtpselenium.facebook.pom.pages.ProfilePage.takeScreenShot(ProfilePage.java:28)
	at com.qtpselenium.facebook.pom.pages.ProfilePage.takeScreenShot(ProfilePage.java:28)
	at com.qtpselenium.facebook.pom.pages.ProfilePage.takeScreenShot(ProfilePage.java:28)
	at com.qtpselenium.facebook.pom.pages.ProfilePage.takeScreenShot(ProfilePage.java:28)
	at com.qtpselenium.facebook.pom.pages.ProfilePage.takeScreenShot(ProfilePage.java:28)
	at com.qtpselenium.facebook.pom.pages.ProfilePage.takeScreenShot(ProfilePage.java:28)
	at com.qtpselenium.facebook.pom.pages.ProfilePage.takeScreenShot(ProfilePage.java:28)
	at com.qtpselenium.facebook.pom.pages.ProfilePage.takeScreenShot(ProfilePage.java:28)
	at com.qtpselenium.facebook.pom.pages.ProfilePage.takeScreenShot(ProfilePage.java:28)
	at com.qtpselenium.facebook.pom.pages.ProfilePage.takeScreenShot(ProfilePage.java:28)
	at com.qtpselenium.facebook.pom.pages.ProfilePage.takeScreenShot(ProfilePage.java:28)
	at com.qtpselenium.facebook.pom.pages.ProfilePage.takeScreenShot(ProfilePage.java:28)
	at com.qtpselenium.facebook.pom.pages.ProfilePage.takeScreenShot(ProfilePage.java:28)
	at com.qtpselenium.facebook.pom.pages.ProfilePage.takeScreenShot(ProfilePage.java:28)
	at com.qtpselenium.facebook.pom.pages.ProfilePage.takeScreenShot(ProfilePage.java:28)
	at com.qtpselenium.facebook.pom.pages.ProfilePage.takeScreenShot(ProfilePage.java:28)
	at com.qtpselenium.facebook.pom.pages.ProfilePage.takeScreenShot(ProfilePage.java:28)
	at com.qtpselenium.facebook.pom.pages.ProfilePage.takeScreenShot(ProfilePage.java:28)
	at com.qtpselenium.facebook.pom.pages.ProfilePage.takeScreenShot(ProfilePage.java:28)
	at com.qtpselenium.facebook.pom.pages.ProfilePage.takeScreenShot(ProfilePage.java:28)
	at com.qtpselenium.facebook.pom.pages.ProfilePage.takeScreenShot(ProfilePage.java:28)
	at com.qtpselenium.facebook.pom.pages.ProfilePage.takeScreenShot(ProfilePage.java:28)
	at com.qtpselenium.facebook.pom.pages.ProfilePage.takeScreenShot(ProfilePage.java:28)
	at com.qtpselenium.facebook.pom.pages.ProfilePage.takeScreenShot(ProfilePage.java:28)
	at com.qtpselenium.facebook.pom.pages.ProfilePage.takeScreenShot(ProfilePage.java:28)
	at com.qtpselenium.facebook.pom.pages.ProfilePage.takeScreenShot(ProfilePage.java:28)
	at com.qtpselenium.facebook.pom.pages.ProfilePage.takeScreenShot(ProfilePage.java:28)
	at com.qtpselenium.facebook.pom.pages.ProfilePage.takeScreenShot(ProfilePage.java:28)
	at com.qtpselenium.facebook.pom.pages.ProfilePage.takeScreenShot(ProfilePage.java:28)
	at com.qtpselenium.facebook.pom.pages.ProfilePage.takeScreenShot(ProfilePage.java:28)
	at com.qtpselenium.facebook.pom.pages.ProfilePage.takeScreenShot(ProfilePage.java:28)
	at com.qtpselenium.facebook.pom.pages.ProfilePage.takeScreenShot(ProfilePage.java:28)
	at com.qtpselenium.facebook.pom.pages.ProfilePage.takeScreenShot(ProfilePage.java:28)
	at com.qtpselenium.facebook.pom.pages.ProfilePage.takeScreenShot(ProfilePage.java:28)
	at com.qtpselenium.facebook.pom.pages.ProfilePage.takeScreenShot(ProfilePage.java:28)
	at com.qtpselenium.facebook.pom.pages.ProfilePage.takeScreenShot(ProfilePage.java:28)
	at com.qtpselenium.facebook.pom.pages.ProfilePage.takeScreenShot(ProfilePage.java:28)
	at com.qtpselenium.facebook.pom.pages.ProfilePage.takeScreenShot(ProfilePage.java:28)
	at com.qtpselenium.facebook.pom.pages.ProfilePage.takeScreenShot(ProfilePage.java:28)
	at com.qtpselenium.facebook.pom.pages.ProfilePage.takeScreenShot(ProfilePage.java:28)
	at com.qtpselenium.facebook.pom.pages.ProfilePage.takeScreenShot(ProfilePage.java:28)
	at com.qtpselenium.facebook.pom.pages.ProfilePage.takeScreenShot(ProfilePage.java:28)
	at com.qtpselenium.facebook.pom.pages.ProfilePage.takeScreenShot(ProfilePage.java:28)
	at com.qtpselenium.facebook.pom.pages.ProfilePage.takeScreenShot(ProfilePage.java:28)
	at com.qtpselenium.facebook.pom.pages.ProfilePage.takeScreenShot(ProfilePage.java:28)
	at com.qtpselenium.facebook.pom.pages.ProfilePage.takeScreenShot(ProfilePage.java:28)
	at com.qtpselenium.facebook.pom.pages.ProfilePage.takeScreenShot(ProfilePage.java:28)
	at com.qtpselenium.facebook.pom.pages.ProfilePage.takeScreenShot(ProfilePage.java:28)
	at com.qtpselenium.facebook.pom.pages.ProfilePage.takeScreenShot(ProfilePage.java:28)
	at com.qtpselenium.facebook.pom.pages.ProfilePage.takeScreenShot(ProfilePage.java:28)
	at com.qtpselenium.facebook.pom.pages.ProfilePage.takeScreenShot(ProfilePage.java:28)
	at com.qtpselenium.facebook.pom.pages.ProfilePage.takeScreenShot(ProfilePage.java:28)
	at com.qtpselenium.facebook.pom.pages.ProfilePage.takeScreenShot(ProfilePage.java:28)
	at com.qtpselenium.facebook.pom.pages.ProfilePage.takeScreenShot(ProfilePage.java:28)
	at com.qtpselenium.facebook.pom.pages.ProfilePage.takeScreenShot(ProfilePage.java:28)
	at com.qtpselenium.facebook.pom.pages.ProfilePage.takeScreenShot(ProfilePage.java:28)
	at com.qtpselenium.facebook.pom.pages.ProfilePage.takeScreenShot(ProfilePage.java:28)
	at com.qtpselenium.facebook.pom.pages.ProfilePage.takeScreenShot(ProfilePage.java:28)
	at com.qtpselenium.facebook.pom.pages.ProfilePage.takeScreenShot(ProfilePage.java:28)
	at com.qtpselenium.facebook.pom.pages.ProfilePage.takeScreenShot(ProfilePage.java:28)
	at com.qtpselenium.facebook.pom.pages.ProfilePage.takeScreenShot(ProfilePage.java:28)
	at com.qtpselenium.facebook.pom.pages.ProfilePage.takeScreenShot(ProfilePage.java:28)
	at com.qtpselenium.facebook.pom.pages.ProfilePage.takeScreenShot(ProfilePage.java:28)
	at com.qtpselenium.facebook.pom.pages.ProfilePage.takeScreenShot(ProfilePage.java:28)
	at com.qtpselenium.facebook.pom.pages.ProfilePage.takeScreenShot(ProfilePage.java:28)
	at com.qtpselenium.facebook.pom.pages.ProfilePage.takeScreenShot(ProfilePage.java:28)
	at com.qtpselenium.facebook.pom.pages.ProfilePage.takeScreenShot(ProfilePage.java:28)
	at com.qtpselenium.facebook.pom.pages.ProfilePage.takeScreenShot(ProfilePage.java:28)
	at com.qtpselenium.facebook.pom.pages.ProfilePage.takeScreenShot(ProfilePage.java:28)
	at com.qtpselenium.facebook.pom.pages.ProfilePage.takeScreenShot(ProfilePage.java:28)
	at com.qtpselenium.facebook.pom.pages.ProfilePage.takeScreenShot(ProfilePage.java:28)
	at com.qtpselenium.facebook.pom.pages.ProfilePage.takeScreenShot(ProfilePage.java:28)
	at com.qtpselenium.facebook.pom.pages.ProfilePage.takeScreenShot(ProfilePage.java:28)
	at com.qtpselenium.facebook.pom.pages.ProfilePage.takeScreenShot(ProfilePage.java:28)
	at com.qtpselenium.facebook.pom.pages.ProfilePage.takeScreenShot(ProfilePage.java:28)
	at com.qtpselenium.facebook.pom.pages.ProfilePage.takeScreenShot(ProfilePage.java:28)
	at com.qtpselenium.facebook.pom.pages.ProfilePage.takeScreenShot(ProfilePage.java:28)
	at com.qtpselenium.facebook.pom.pages.ProfilePage.takeScreenShot(ProfilePage.java:28)
	at com.qtpselenium.facebook.pom.pages.ProfilePage.takeScreenShot(ProfilePage.java:28)
	at com.qtpselenium.facebook.pom.pages.ProfilePage.takeScreenShot(ProfilePage.java:28)
	at com.qtpselenium.facebook.pom.pages.ProfilePage.takeScreenShot(ProfilePage.java:28)
	at com.qtpselenium.facebook.pom.pages.ProfilePage.takeScreenShot(ProfilePage.java:28)
	at com.qtpselenium.facebook.pom.pages.ProfilePage.takeScreenShot(ProfilePage.java:28)
	at com.qtpselenium.facebook.pom.pages.ProfilePage.takeScreenShot(ProfilePage.java:28)
	at com.qtpselenium.facebook.pom.pages.ProfilePage.takeScreenShot(ProfilePage.java:28)
	at com.qtpselenium.facebook.pom.pages.ProfilePage.takeScreenShot(ProfilePage.java:28)
	at com.qtpselenium.facebook.pom.pages.ProfilePage.takeScreenShot(ProfilePage.java:28)
	at com.qtpselenium.facebook.pom.pages.ProfilePage.takeScreenShot(ProfilePage.java:28)
	at com.qtpselenium.facebook.pom.pages.ProfilePage.takeScreenShot(ProfilePage.java:28)
	at com.qtpselenium.facebook.pom.pages.ProfilePage.takeScreenShot(ProfilePage.java:28)
	at com.qtpselenium.facebook.pom.pages.ProfilePage.takeScreenShot(ProfilePage.java:28)
	at com.qtpselenium.facebook.pom.pages.ProfilePage.takeScreenShot(ProfilePage.java:28)
	at com.qtpselenium.facebook.pom.pages.ProfilePage.takeScreenShot(ProfilePage.java:28)
	at com.qtpselenium.facebook.pom.pages.ProfilePage.takeScreenShot(ProfilePage.java:28)
	at com.qtpselenium.facebook.pom.pages.ProfilePage.takeScreenShot(ProfilePage.java:28)
	at com.qtpselenium.facebook.pom.pages.ProfilePage.takeScreenShot(ProfilePage.java:28)
	at com.qtpselenium.facebook.pom.pages.ProfilePage.takeScreenShot(ProfilePage.java:28)
	at com.qtpselenium.facebook.pom.pages.ProfilePage.takeScreenShot(ProfilePage.java:28)
	at com.qtpselenium.facebook.pom.pages.ProfilePage.takeScreenShot(ProfilePage.java:28)
	at com.qtpselenium.facebook.pom.pages.ProfilePage.takeScreenShot(ProfilePage.java:28)
	at com.qtpselenium.facebook.pom.pages.ProfilePage.takeScreenShot(ProfilePage.java:28)
	at com.qtpselenium.facebook.pom.pages.ProfilePage.takeScreenShot(ProfilePage.java:28)
	at com.qtpselenium.facebook.pom.pages.ProfilePage.takeScreenShot(ProfilePage.java:28)
	at com.qtpselenium.facebook.pom.pages.ProfilePage.takeScreenShot(ProfilePage.java:28)
	at com.qtpselenium.facebook.pom.pages.ProfilePage.takeScreenShot(ProfilePage.java:28)
	at com.qtpselenium.facebook.pom.pages.ProfilePage.takeScreenShot(ProfilePage.java:28)
	at com.qtpselenium.facebook.pom.pages.ProfilePage.takeScreenShot(ProfilePage.java:28)
	at com.qtpselenium.facebook.pom.pages.ProfilePage.takeScreenShot(ProfilePage.java:28)
	at com.qtpselenium.facebook.pom.pages.ProfilePage.takeScreenShot(ProfilePage.java:28)
	at com.qtpselenium.facebook.pom.pages.ProfilePage.takeScreenShot(ProfilePage.java:28)
	at com.qtpselenium.facebook.pom.pages.ProfilePage.takeScreenShot(ProfilePage.java:28)
	at com.qtpselenium.facebook.pom.pages.ProfilePage.takeScreenShot(ProfilePage.java:28)
	at com.qtpselenium.facebook.pom.pages.ProfilePage.takeScreenShot(ProfilePage.java:28)
	at com.qtpselenium.facebook.pom.pages.ProfilePage.takeScreenShot(ProfilePage.java:28)
	at com.qtpselenium.facebook.pom.pages.ProfilePage.takeScreenShot(ProfilePage.java:28)
	at com.qtpselenium.facebook.pom.pages.ProfilePage.takeScreenShot(ProfilePage.java:28)
	at com.qtpselenium.facebook.pom.pages.ProfilePage.takeScreenShot(ProfilePage.java:28)
	at com.qtpselenium.facebook.pom.pages.ProfilePage.takeScreenShot(ProfilePage.java:28)
	at com.qtpselenium.facebook.pom.pages.ProfilePage.takeScreenShot(ProfilePage.java:28)
	at com.qtpselenium.facebook.pom.pages.ProfilePage.takeScreenShot(ProfilePage.java:28)
	at com.qtpselenium.facebook.pom.pages.ProfilePage.takeScreenShot(ProfilePage.java:28)
	at com.qtpselenium.facebook.pom.pages.ProfilePage.takeScreenShot(ProfilePage.java:28)
	at com.qtpselenium.facebook.pom.pages.ProfilePage.takeScreenShot(ProfilePage.java:28)
	at com.qtpselenium.facebook.pom.pages.ProfilePage.takeScreenShot(ProfilePage.java:28)
	at com.qtpselenium.facebook.pom.pages.ProfilePage.takeScreenShot(ProfilePage.java:28)
	at com.qtpselenium.facebook.pom.pages.ProfilePage.takeScreenShot(ProfilePage.java:28)
	at com.qtpselenium.facebook.pom.pages.ProfilePage.takeScreenShot(ProfilePage.java:28)
	at com.qtpselenium.facebook.pom.pages.ProfilePage.takeScreenShot(ProfilePage.java:28)
	at com.qtpselenium.facebook.pom.pages.ProfilePage.takeScreenShot(ProfilePage.java:28)
	at com.qtpselenium.facebook.pom.pages.ProfilePage.takeScreenShot(ProfilePage.java:28)
	at com.qtpselenium.facebook.pom.pages.ProfilePage.takeScreenShot(ProfilePage.java:28)
	at com.qtpselenium.facebook.pom.pages.ProfilePage.takeScreenShot(ProfilePage.java:28)
	at com.qtpselenium.facebook.pom.pages.ProfilePage.takeScreenShot(ProfilePage.java:28)
	at com.qtpselenium.facebook.pom.pages.ProfilePage.takeScreenShot(ProfilePage.java:28)
	at com.qtpselenium.facebook.pom.pages.ProfilePage.takeScreenShot(ProfilePage.java:28)
	at com.qtpselenium.facebook.pom.pages.ProfilePage.takeScreenShot(ProfilePage.java:28)
	at com.qtpselenium.facebook.pom.pages.ProfilePage.takeScreenShot(ProfilePage.java:28)
	at com.qtpselenium.facebook.pom.pages.ProfilePage.takeScreenShot(ProfilePage.java:28)
	at com.qtpselenium.facebook.pom.pages.ProfilePage.takeScreenShot(ProfilePage.java:28)
	at com.qtpselenium.facebook.pom.pages.ProfilePage.takeScreenShot(ProfilePage.java:28)
	at com.qtpselenium.facebook.pom.pages.ProfilePage.takeScreenShot(ProfilePage.java:28)
	at com.qtpselenium.facebook.pom.pages.ProfilePage.takeScreenShot(ProfilePage.java:28)
	at com.qtpselenium.facebook.pom.pages.ProfilePage.takeScreenShot(ProfilePage.java:28)
	at com.qtpselenium.facebook.pom.pages.ProfilePage.takeScreenShot(ProfilePage.java:28)
	at com.qtpselenium.facebook.pom.pages.ProfilePage.takeScreenShot(ProfilePage.java:28)
	at com.qtpselenium.facebook.pom.pages.ProfilePage.takeScreenShot(ProfilePage.java:28)
	at com.qtpselenium.facebook.pom.pages.ProfilePage.takeScreenShot(ProfilePage.java:28)
	at com.qtpselenium.facebook.pom.pages.ProfilePage.takeScreenShot(ProfilePage.java:28)
	at com.qtpselenium.facebook.pom.pages.ProfilePage.takeScreenShot(ProfilePage.java:28)
	at com.qtpselenium.facebook.pom.pages.ProfilePage.takeScreenShot(ProfilePage.java:28)
	at com.qtpselenium.facebook.pom.pages.ProfilePage.takeScreenShot(ProfilePage.java:28)
	at com.qtpselenium.facebook.pom.pages.ProfilePage.takeScreenShot(ProfilePage.java:28)
	at com.qtpselenium.facebook.pom.pages.ProfilePage.takeScreenShot(ProfilePage.java:28)
	at com.qtpselenium.facebook.pom.pages.ProfilePage.takeScreenShot(ProfilePage.java:28)
	at com.qtpselenium.facebook.pom.pages.ProfilePage.takeScreenShot(ProfilePage.java:28)
	at com.qtpselenium.facebook.pom.pages.ProfilePage.takeScreenShot(ProfilePage.java:28)
	at com.qtpselenium.facebook.pom.pages.ProfilePage.takeScreenShot(ProfilePage.java:28)
	at com.qtpselenium.facebook.pom.pages.ProfilePage.takeScreenShot(ProfilePage.java:28)
	at com.qtpselenium.facebook.pom.pages.ProfilePage.takeScreenShot(ProfilePage.java:28)
	at com.qtpselenium.facebook.pom.pages.ProfilePage.takeScreenShot(ProfilePage.java:28)
	at com.qtpselenium.facebook.pom.pages.ProfilePage.takeScreenShot(ProfilePage.java:28)
	at com.qtpselenium.facebook.pom.pages.ProfilePage.takeScreenShot(ProfilePage.java:28)
	at com.qtpselenium.facebook.pom.pages.ProfilePage.takeScreenShot(ProfilePage.java:28)
	at com.qtpselenium.facebook.pom.pages.ProfilePage.takeScreenShot(ProfilePage.java:28)
	at com.qtpselenium.facebook.pom.pages.ProfilePage.takeScreenShot(ProfilePage.java:28)
	at com.qtpselenium.facebook.pom.pages.ProfilePage.takeScreenShot(ProfilePage.java:28)
	at com.qtpselenium.facebook.pom.pages.ProfilePage.takeScreenShot(ProfilePage.java:28)
	at com.qtpselenium.facebook.pom.pages.ProfilePage.takeScreenShot(ProfilePage.java:28)
	at com.qtpselenium.facebook.pom.pages.ProfilePage.takeScreenShot(ProfilePage.java:28)
	at com.qtpselenium.facebook.pom.pages.ProfilePage.takeScreenShot(ProfilePage.java:28)
	at com.qtpselenium.facebook.pom.pages.ProfilePage.takeScreenShot(ProfilePage.java:28)
	at com.qtpselenium.facebook.pom.pages.ProfilePage.takeScreenShot(ProfilePage.java:28)
	at com.qtpselenium.facebook.pom.pages.ProfilePage.takeScreenShot(ProfilePage.java:28)
	at com.qtpselenium.facebook.pom.pages.ProfilePage.takeScreenShot(ProfilePage.java:28)
	at com.qtpselenium.facebook.pom.pages.ProfilePage.takeScreenShot(ProfilePage.java:28)
	at com.qtpselenium.facebook.pom.pages.ProfilePage.takeScreenShot(ProfilePage.java:28)
	at com.qtpselenium.facebook.pom.pages.ProfilePage.takeScreenShot(ProfilePage.java:28)
	at com.qtpselenium.facebook.pom.pages.ProfilePage.takeScreenShot(ProfilePage.java:28)
	at com.qtpselenium.facebook.pom.pages.ProfilePage.takeScreenShot(ProfilePage.java:28)
	at com.qtpselenium.facebook.pom.pages.ProfilePage.takeScreenShot(ProfilePage.java:28)
	at com.qtpselenium.facebook.pom.pages.ProfilePage.takeScreenShot(ProfilePage.java:28)
	at com.qtpselenium.facebook.pom.pages.ProfilePage.takeScreenShot(ProfilePage.java:28)
	at com.qtpselenium.facebook.pom.pages.ProfilePage.takeScreenShot(ProfilePage.java:28)
	at com.qtpselenium.facebook.pom.pages.ProfilePage.takeScreenShot(ProfilePage.java:28)
	at com.qtpselenium.facebook.pom.pages.ProfilePage.takeScreenShot(ProfilePage.java:28)
	at com.qtpselenium.facebook.pom.pages.ProfilePage.takeScreenShot(ProfilePage.java:28)
	at com.qtpselenium.facebook.pom.pages.ProfilePage.takeScreenShot(ProfilePage.java:28)
	at com.qtpselenium.facebook.pom.pages.ProfilePage.takeScreenShot(ProfilePage.java:28)
	at com.qtpselenium.facebook.pom.pages.ProfilePage.takeScreenShot(ProfilePage.java:28)
	at com.qtpselenium.facebook.pom.pages.ProfilePage.takeScreenShot(ProfilePage.java:28)
	at com.qtpselenium.facebook.pom.pages.ProfilePage.takeScreenShot(ProfilePage.java:28)
	at com.qtpselenium.facebook.pom.pages.ProfilePage.takeScreenShot(ProfilePage.java:28)
	at com.qtpselenium.facebook.pom.pages.ProfilePage.takeScreenShot(ProfilePage.java:28)
	at com.qtpselenium.facebook.pom.pages.ProfilePage.takeScreenShot(ProfilePage.java:28)
	at com.qtpselenium.facebook.pom.pages.ProfilePage.takeScreenShot(ProfilePage.java:28)
	at com.qtpselenium.facebook.pom.pages.ProfilePage.takeScreenShot(ProfilePage.java:28)
	at com.qtpselenium.facebook.pom.pages.ProfilePage.takeScreenShot(ProfilePage.java:28)
	at com.qtpselenium.facebook.pom.pages.ProfilePage.takeScreenShot(ProfilePage.java:28)
	at com.qtpselenium.facebook.pom.pages.ProfilePage.takeScreenShot(ProfilePage.java:28)
	at com.qtpselenium.facebook.pom.pages.ProfilePage.takeScreenShot(ProfilePage.java:28)
	at com.qtpselenium.facebook.pom.pages.ProfilePage.takeScreenShot(ProfilePage.java:28)
	at com.qtpselenium.facebook.pom.pages.ProfilePage.takeScreenShot(ProfilePage.java:28)
	at com.qtpselenium.facebook.pom.pages.ProfilePage.takeScreenShot(ProfilePage.java:28)
	at com.qtpselenium.facebook.pom.pages.ProfilePage.takeScreenShot(ProfilePage.java:28)
	at com.qtpselenium.facebook.pom.pages.ProfilePage.takeScreenShot(ProfilePage.java:28)
	at com.qtpselenium.facebook.pom.pages.ProfilePage.takeScreenShot(ProfilePage.java:28)
	at com.qtpselenium.facebook.pom.pages.ProfilePage.takeScreenShot(ProfilePage.java:28)
	at com.qtpselenium.facebook.pom.pages.ProfilePage.takeScreenShot(ProfilePage.java:28)
	at com.qtpselenium.facebook.pom.pages.ProfilePage.takeScreenShot(ProfilePage.java:28)
	at com.qtpselenium.facebook.pom.pages.ProfilePage.takeScreenShot(ProfilePage.java:28)
	at com.qtpselenium.facebook.pom.pages.ProfilePage.takeScreenShot(ProfilePage.java:28)
	at com.qtpselenium.facebook.pom.pages.ProfilePage.takeScreenShot(ProfilePage.java:28)
	at com.qtpselenium.facebook.pom.pages.ProfilePage.takeScreenShot(ProfilePage.java:28)
	at com.qtpselenium.facebook.pom.pages.ProfilePage.takeScreenShot(ProfilePage.java:28)
	at com.qtpselenium.facebook.pom.pages.ProfilePage.takeScreenShot(ProfilePage.java:28)
	at com.qtpselenium.facebook.pom.pages.ProfilePage.takeScreenShot(ProfilePage.java:28)
	at com.qtpselenium.facebook.pom.pages.ProfilePage.takeScreenShot(ProfilePage.java:28)
	at com.qtpselenium.facebook.pom.pages.ProfilePage.takeScreenShot(ProfilePage.java:28)
	at com.qtpselenium.facebook.pom.pages.ProfilePage.takeScreenShot(ProfilePage.java:28)
	at com.qtpselenium.facebook.pom.pages.ProfilePage.takeScreenShot(ProfilePage.java:28)
	at com.qtpselenium.facebook.pom.pages.ProfilePage.takeScreenShot(ProfilePage.java:28)
	at com.qtpselenium.facebook.pom.pages.ProfilePage.takeScreenShot(ProfilePage.java:28)
	at com.qtpselenium.facebook.pom.pages.ProfilePage.takeScreenShot(ProfilePage.java:28)
	at com.qtpselenium.facebook.pom.pages.ProfilePage.takeScreenShot(ProfilePage.java:28)
	at com.qtpselenium.facebook.pom.pages.ProfilePage.takeScreenShot(ProfilePage.java:28)
	at com.qtpselenium.facebook.pom.pages.ProfilePage.takeScreenShot(ProfilePage.java:28)
	at com.qtpselenium.facebook.pom.pages.ProfilePage.takeScreenShot(ProfilePage.java:28)
	at com.qtpselenium.facebook.pom.pages.ProfilePage.takeScreenShot(ProfilePage.java:28)
	at com.qtpselenium.facebook.pom.pages.ProfilePage.takeScreenShot(ProfilePage.java:28)
	at com.qtpselenium.facebook.pom.pages.ProfilePage.takeScreenShot(ProfilePage.java:28)
	at com.qtpselenium.facebook.pom.pages.ProfilePage.takeScreenShot(ProfilePage.java:28)
	at com.qtpselenium.facebook.pom.pages.ProfilePage.takeScreenShot(ProfilePage.java:28)
	at com.qtpselenium.facebook.pom.pages.ProfilePage.takeScreenShot(ProfilePage.java:28)
	at com.qtpselenium.facebook.pom.pages.ProfilePage.takeScreenShot(ProfilePage.java:28)
	at com.qtpselenium.facebook.pom.pages.ProfilePage.takeScreenShot(ProfilePage.java:28)
	at com.qtpselenium.facebook.pom.pages.ProfilePage.takeScreenShot(ProfilePage.java:28)
	at com.qtpselenium.facebook.pom.pages.ProfilePage.takeScreenShot(ProfilePage.java:28)
	at com.qtpselenium.facebook.pom.pages.ProfilePage.takeScreenShot(ProfilePage.java:28)
	at com.qtpselenium.facebook.pom.pages.ProfilePage.takeScreenShot(ProfilePage.java:28)
	at com.qtpselenium.facebook.pom.pages.ProfilePage.takeScreenShot(ProfilePage.java:28)
	at com.qtpselenium.facebook.pom.pages.ProfilePage.takeScreenShot(ProfilePage.java:28)
	at com.qtpselenium.facebook.pom.pages.ProfilePage.takeScreenShot(ProfilePage.java:28)
	at com.qtpselenium.facebook.pom.pages.ProfilePage.takeScreenShot(ProfilePage.java:28)
	at com.qtpselenium.facebook.pom.pages.ProfilePage.takeScreenShot(ProfilePage.java:28)
	at com.qtpselenium.facebook.pom.pages.ProfilePage.takeScreenShot(ProfilePage.java:28)
	at com.qtpselenium.facebook.pom.pages.ProfilePage.takeScreenShot(ProfilePage.java:28)
	at com.qtpselenium.facebook.pom.pages.ProfilePage.takeScreenShot(ProfilePage.java:28)
	at com.qtpselenium.facebook.pom.pages.ProfilePage.takeScreenShot(ProfilePage.java:28)
	at com.qtpselenium.facebook.pom.pages.ProfilePage.takeScreenShot(ProfilePage.java:28)
	at com.qtpselenium.facebook.pom.pages.ProfilePage.takeScreenShot(ProfilePage.java:28)
	at com.qtpselenium.facebook.pom.pages.ProfilePage.takeScreenShot(ProfilePage.java:28)
	at com.qtpselenium.facebook.pom.pages.ProfilePage.takeScreenShot(ProfilePage.java:28)
	at com.qtpselenium.facebook.pom.pages.ProfilePage.takeScreenShot(ProfilePage.java:28)
	at com.qtpselenium.facebook.pom.pages.ProfilePage.takeScreenShot(ProfilePage.java:28)
	at com.qtpselenium.facebook.pom.pages.ProfilePage.takeScreenShot(ProfilePage.java:28)
	at com.qtpselenium.facebook.pom.pages.ProfilePage.takeScreenShot(ProfilePage.java:28)
	at com.qtpselenium.facebook.pom.pages.ProfilePage.takeScreenShot(ProfilePage.java:28)
	at com.qtpselenium.facebook.pom.pages.ProfilePage.takeScreenShot(ProfilePage.java:28)
	at com.qtpselenium.facebook.pom.pages.ProfilePage.takeScreenShot(ProfilePage.java:28)
	at com.qtpselenium.facebook.pom.pages.ProfilePage.takeScreenShot(ProfilePage.java:28)
	at com.qtpselenium.facebook.pom.pages.ProfilePage.takeScreenShot(ProfilePage.java:28)
	at com.qtpselenium.facebook.pom.pages.ProfilePage.takeScreenShot(ProfilePage.java:28)
	at com.qtpselenium.facebook.pom.pages.ProfilePage.takeScreenShot(ProfilePage.java:28)
	at com.qtpselenium.facebook.pom.pages.ProfilePage.takeScreenShot(ProfilePage.java:28)
	at com.qtpselenium.facebook.pom.pages.ProfilePage.takeScreenShot(ProfilePage.java:28)
	at com.qtpselenium.facebook.pom.pages.ProfilePage.takeScreenShot(ProfilePage.java:28)
	at com.qtpselenium.facebook.pom.pages.ProfilePage.takeScreenShot(ProfilePage.java:28)
	at com.qtpselenium.facebook.pom.pages.ProfilePage.takeScreenShot(ProfilePage.java:28)
	at com.qtpselenium.facebook.pom.pages.ProfilePage.takeScreenShot(ProfilePage.java:28)
	at com.qtpselenium.facebook.pom.pages.ProfilePage.takeScreenShot(ProfilePage.java:28)
	at com.qtpselenium.facebook.pom.pages.ProfilePage.takeScreenShot(ProfilePage.java:28)
	at com.qtpselenium.facebook.pom.pages.ProfilePage.takeScreenShot(ProfilePage.java:28)
	at com.qtpselenium.facebook.pom.pages.ProfilePage.takeScreenShot(ProfilePage.java:28)
	at com.qtpselenium.facebook.pom.pages.ProfilePage.takeScreenShot(ProfilePage.java:28)
	at com.qtpselenium.facebook.pom.pages.ProfilePage.takeScreenShot(ProfilePage.java:28)
	at com.qtpselenium.facebook.pom.pages.ProfilePage.takeScreenShot(ProfilePage.java:28)
	at com.qtpselenium.facebook.pom.pages.ProfilePage.takeScreenShot(ProfilePage.java:28)
	at com.qtpselenium.facebook.pom.pages.ProfilePage.takeScreenShot(ProfilePage.java:28)
	at com.qtpselenium.facebook.pom.pages.ProfilePage.takeScreenShot(ProfilePage.java:28)
	at com.qtpselenium.facebook.pom.pages.ProfilePage.takeScreenShot(ProfilePage.java:28)
	at com.qtpselenium.facebook.pom.pages.ProfilePage.takeScreenShot(ProfilePage.java:28)
	at com.qtpselenium.facebook.pom.pages.ProfilePage.takeScreenShot(ProfilePage.java:28)
	at com.qtpselenium.facebook.pom.pages.ProfilePage.takeScreenShot(ProfilePage.java:28)
	at com.qtpselenium.facebook.pom.pages.ProfilePage.takeScreenShot(ProfilePage.java:28)
	at com.qtpselenium.facebook.pom.pages.ProfilePage.takeScreenShot(ProfilePage.java:28)
	at com.qtpselenium.facebook.pom.pages.ProfilePage.takeScreenShot(ProfilePage.java:28)
	at com.qtpselenium.facebook.pom.pages.ProfilePage.takeScreenShot(ProfilePage.java:28)
	at com.qtpselenium.facebook.pom.pages.ProfilePage.takeScreenShot(ProfilePage.java:28)
	at com.qtpselenium.facebook.pom.pages.ProfilePage.takeScreenShot(ProfilePage.java:28)
	at com.qtpselenium.facebook.pom.pages.ProfilePage.takeScreenShot(ProfilePage.java:28)
	at com.qtpselenium.facebook.pom.pages.ProfilePage.takeScreenShot(ProfilePage.java:28)
	at com.qtpselenium.facebook.pom.pages.ProfilePage.takeScreenShot(ProfilePage.java:28)
	at com.qtpselenium.facebook.pom.pages.ProfilePage.takeScreenShot(ProfilePage.java:28)
	at com.qtpselenium.facebook.pom.pages.ProfilePage.takeScreenShot(ProfilePage.java:28)
	at com.qtpselenium.facebook.pom.pages.ProfilePage.takeScreenShot(ProfilePage.java:28)
	at com.qtpselenium.facebook.pom.pages.ProfilePage.takeScreenShot(ProfilePage.java:28)
	at com.qtpselenium.facebook.pom.pages.ProfilePage.takeScreenShot(ProfilePage.java:28)
	at com.qtpselenium.facebook.pom.pages.ProfilePage.takeScreenShot(ProfilePage.java:28)
	at com.qtpselenium.facebook.pom.pages.ProfilePage.takeScreenShot(ProfilePage.java:28)
	at com.qtpselenium.facebook.pom.pages.ProfilePage.takeScreenShot(ProfilePage.java:28)
	at com.qtpselenium.facebook.pom.pages.ProfilePage.takeScreenShot(ProfilePage.java:28)
	at com.qtpselenium.facebook.pom.pages.ProfilePage.takeScreenShot(ProfilePage.java:28)
	at com.qtpselenium.facebook.pom.pages.ProfilePage.takeScreenShot(ProfilePage.java:28)
	at com.qtpselenium.facebook.pom.pages.ProfilePage.takeScreenShot(ProfilePage.java:28)
	at com.qtpselenium.facebook.pom.pages.ProfilePage.takeScreenShot(ProfilePage.java:28)
	at com.qtpselenium.facebook.pom.pages.ProfilePage.takeScreenShot(ProfilePage.java:28)
	at com.qtpselenium.facebook.pom.pages.ProfilePage.takeScreenShot(ProfilePage.java:28)
	at com.qtpselenium.facebook.pom.pages.ProfilePage.takeScreenShot(ProfilePage.java:28)
	at com.qtpselenium.facebook.pom.pages.ProfilePage.takeScreenShot(ProfilePage.java:28)
	at com.qtpselenium.facebook.pom.pages.ProfilePage.takeScreenShot(ProfilePage.java:28)
	at com.qtpselenium.facebook.pom.pages.ProfilePage.takeScreenShot(ProfilePage.java:28)
	at com.qtpselenium.facebook.pom.pages.ProfilePage.takeScreenShot(ProfilePage.java:28)
	at com.qtpselenium.facebook.pom.pages.ProfilePage.takeScreenShot(ProfilePage.java:28)
	at com.qtpselenium.facebook.pom.pages.ProfilePage.takeScreenShot(ProfilePage.java:28)
	at com.qtpselenium.facebook.pom.pages.ProfilePage.takeScreenShot(ProfilePage.java:28)
	at com.qtpselenium.facebook.pom.pages.ProfilePage.takeScreenShot(ProfilePage.java:28)
	at com.qtpselenium.facebook.pom.pages.ProfilePage.takeScreenShot(ProfilePage.java:28)
	at com.qtpselenium.facebook.pom.pages.ProfilePage.takeScreenShot(ProfilePage.java:28)
	at com.qtpselenium.facebook.pom.pages.ProfilePage.takeScreenShot(ProfilePage.java:28)
	at com.qtpselenium.facebook.pom.pages.ProfilePage.takeScreenShot(ProfilePage.java:28)
	at com.qtpselenium.facebook.pom.pages.ProfilePage.takeScreenShot(ProfilePage.java:28)
	at com.qtpselenium.facebook.pom.pages.ProfilePage.takeScreenShot(ProfilePage.java:28)
	at com.qtpselenium.facebook.pom.pages.ProfilePage.takeScreenShot(ProfilePage.java:28)
	at com.qtpselenium.facebook.pom.pages.ProfilePage.takeScreenShot(ProfilePage.java:28)
	at com.qtpselenium.facebook.pom.pages.ProfilePage.takeScreenShot(ProfilePage.java:28)
	at com.qtpselenium.facebook.pom.pages.ProfilePage.takeScreenShot(ProfilePage.java:28)
	at com.qtpselenium.facebook.pom.pages.ProfilePage.takeScreenShot(ProfilePage.java:28)
	at com.qtpselenium.facebook.pom.pages.ProfilePage.takeScreenShot(ProfilePage.java:28)
	at com.qtpselenium.facebook.pom.pages.ProfilePage.takeScreenShot(ProfilePage.java:28)
	at com.qtpselenium.facebook.pom.pages.ProfilePage.takeScreenShot(ProfilePage.java:28)
	at com.qtpselenium.facebook.pom.pages.ProfilePage.takeScreenShot(ProfilePage.java:28)
	at com.qtpselenium.facebook.pom.pages.ProfilePage.takeScreenShot(ProfilePage.java:28)
	at com.qtpselenium.facebook.pom.pages.ProfilePage.takeScreenShot(ProfilePage.java:28)
	at com.qtpselenium.facebook.pom.pages.ProfilePage.takeScreenShot(ProfilePage.java:28)
	at com.qtpselenium.facebook.pom.pages.ProfilePage.takeScreenShot(ProfilePage.java:28)
	at com.qtpselenium.facebook.pom.pages.ProfilePage.takeScreenShot(ProfilePage.java:28)
	at com.qtpselenium.facebook.pom.pages.ProfilePage.takeScreenShot(ProfilePage.java:28)
	at com.qtpselenium.facebook.pom.pages.ProfilePage.takeScreenShot(ProfilePage.java:28)
	at com.qtpselenium.facebook.pom.pages.ProfilePage.takeScreenShot(ProfilePage.java:28)
	at com.qtpselenium.facebook.pom.pages.ProfilePage.takeScreenShot(ProfilePage.java:28)
	at com.qtpselenium.facebook.pom.pages.ProfilePage.takeScreenShot(ProfilePage.java:28)
	at com.qtpselenium.facebook.pom.pages.ProfilePage.takeScreenShot(ProfilePage.java:28)
	at com.qtpselenium.facebook.pom.pages.ProfilePage.takeScreenShot(ProfilePage.java:28)
	at com.qtpselenium.facebook.pom.pages.ProfilePage.takeScreenShot(ProfilePage.java:28)
	at com.qtpselenium.facebook.pom.pages.ProfilePage.takeScreenShot(ProfilePage.java:28)
	at com.qtpselenium.facebook.pom.pages.ProfilePage.takeScreenShot(ProfilePage.java:28)
	at com.qtpselenium.facebook.pom.pages.ProfilePage.takeScreenShot(ProfilePage.java:28)
	at com.qtpselenium.facebook.pom.pages.ProfilePage.takeScreenShot(ProfilePage.java:28)
	at com.qtpselenium.facebook.pom.pages.ProfilePage.takeScreenShot(ProfilePage.java:28)
	at com.qtpselenium.facebook.pom.pages.ProfilePage.takeScreenShot(ProfilePage.java:28)
	at com.qtpselenium.facebook.pom.pages.ProfilePage.takeScreenShot(ProfilePage.java:28)
	at com.qtpselenium.facebook.pom.pages.ProfilePage.takeScreenShot(ProfilePage.java:28)
	at com.qtpselenium.facebook.pom.pages.ProfilePage.takeScreenShot(ProfilePage.java:28)
	at com.qtpselenium.facebook.pom.pages.ProfilePage.takeScreenShot(ProfilePage.java:28)
	at com.qtpselenium.facebook.pom.pages.ProfilePage.takeScreenShot(ProfilePage.java:28)
	at com.qtpselenium.facebook.pom.pages.ProfilePage.takeScreenShot(ProfilePage.java:28)
	at com.qtpselenium.facebook.pom.pages.ProfilePage.takeScreenShot(ProfilePage.java:28)
	at com.qtpselenium.facebook.pom.pages.ProfilePage.takeScreenShot(ProfilePage.java:28)
	at com.qtpselenium.facebook.pom.pages.ProfilePage.takeScreenShot(ProfilePage.java:28)
	at com.qtpselenium.facebook.pom.pages.ProfilePage.takeScreenShot(ProfilePage.java:28)
	at com.qtpselenium.facebook.pom.pages.ProfilePage.takeScreenShot(ProfilePage.java:28)
	at com.qtpselenium.facebook.pom.pages.ProfilePage.takeScreenShot(ProfilePage.java:28)
	at com.qtpselenium.facebook.pom.pages.ProfilePage.takeScreenShot(ProfilePage.java:28)
	at com.qtpselenium.facebook.pom.pages.ProfilePage.takeScreenShot(ProfilePage.java:28)
	at com.qtpselenium.facebook.pom.pages.ProfilePage.takeScreenShot(ProfilePage.java:28)
	at com.qtpselenium.facebook.pom.pages.ProfilePage.takeScreenShot(ProfilePage.java:28)
	at com.qtpselenium.facebook.pom.pages.ProfilePage.takeScreenShot(ProfilePage.java:28)
	at com.qtpselenium.facebook.pom.pages.ProfilePage.takeScreenShot(ProfilePage.java:28)
	at com.qtpselenium.facebook.pom.pages.ProfilePage.takeScreenShot(ProfilePage.java:28)
	at com.qtpselenium.facebook.pom.pages.ProfilePage.takeScreenShot(ProfilePage.java:28)
	at com.qtpselenium.facebook.pom.pages.ProfilePage.takeScreenShot(ProfilePage.java:28)
	at com.qtpselenium.facebook.pom.pages.ProfilePage.takeScreenShot(ProfilePage.java:28)
	at com.qtpselenium.facebook.pom.pages.ProfilePage.takeScreenShot(ProfilePage.java:28)
	at com.qtpselenium.facebook.pom.pages.ProfilePage.takeScreenShot(ProfilePage.java:28)
	at com.qtpselenium.facebook.pom.pages.ProfilePage.takeScreenShot(ProfilePage.java:28)
	at com.qtpselenium.facebook.pom.pages.ProfilePage.takeScreenShot(ProfilePage.java:28)
	at com.qtpselenium.facebook.pom.pages.ProfilePage.takeScreenShot(ProfilePage.java:28)
	at com.qtpselenium.facebook.pom.pages.ProfilePage.takeScreenShot(ProfilePage.java:28)
	at com.qtpselenium.facebook.pom.pages.ProfilePage.takeScreenShot(ProfilePage.java:28)
	at com.qtpselenium.facebook.pom.pages.ProfilePage.takeScreenShot(ProfilePage.java:28)
	at com.qtpselenium.facebook.pom.pages.ProfilePage.takeScreenShot(ProfilePage.java:28)
	at com.qtpselenium.facebook.pom.pages.ProfilePage.takeScreenShot(ProfilePage.java:28)
	at com.qtpselenium.facebook.pom.pages.ProfilePage.takeScreenShot(ProfilePage.java:28)
	at com.qtpselenium.facebook.pom.pages.ProfilePage.takeScreenShot(ProfilePage.java:28)
	at com.qtpselenium.facebook.pom.pages.ProfilePage.takeScreenShot(ProfilePage.java:28)
	at com.qtpselenium.facebook.pom.pages.ProfilePage.takeScreenShot(ProfilePage.java:28)
	at com.qtpselenium.facebook.pom.pages.ProfilePage.takeScreenShot(ProfilePage.java:28)
	at com.qtpselenium.facebook.pom.pages.ProfilePage.takeScreenShot(ProfilePage.java:28)
	at com.qtpselenium.facebook.pom.pages.ProfilePage.takeScreenShot(ProfilePage.java:28)
	at com.qtpselenium.facebook.pom.pages.ProfilePage.takeScreenShot(ProfilePage.java:28)
	at com.qtpselenium.facebook.pom.pages.ProfilePage.takeScreenShot(ProfilePage.java:28)
	at com.qtpselenium.facebook.pom.pages.ProfilePage.takeScreenShot(ProfilePage.java:28)
	at com.qtpselenium.facebook.pom.pages.ProfilePage.takeScreenShot(ProfilePage.java:28)
	at com.qtpselenium.facebook.pom.pages.ProfilePage.takeScreenShot(ProfilePage.java:28)
	at com.qtpselenium.facebook.pom.pages.ProfilePage.takeScreenShot(ProfilePage.java:28)
	at com.qtpselenium.facebook.pom.pages.ProfilePage.takeScreenShot(ProfilePage.java:28)
	at com.qtpselenium.facebook.pom.pages.ProfilePage.takeScreenShot(ProfilePage.java:28)
	at com.qtpselenium.facebook.pom.pages.ProfilePage.takeScreenShot(ProfilePage.java:28)
	at com.qtpselenium.facebook.pom.pages.ProfilePage.takeScreenShot(ProfilePage.java:28)
	at com.qtpselenium.facebook.pom.pages.ProfilePage.takeScreenShot(ProfilePage.java:28)
	at com.qtpselenium.facebook.pom.pages.ProfilePage.takeScreenShot(ProfilePage.java:28)
	at com.qtpselenium.facebook.pom.pages.ProfilePage.takeScreenShot(ProfilePage.java:28)
	at com.qtpselenium.facebook.pom.pages.ProfilePage.takeScreenShot(ProfilePage.java:28)
	at com.qtpselenium.facebook.pom.pages.ProfilePage.takeScreenShot(ProfilePage.java:28)
	at com.qtpselenium.facebook.pom.pages.ProfilePage.takeScreenShot(ProfilePage.java:28)
	at com.qtpselenium.facebook.pom.pages.ProfilePage.takeScreenShot(ProfilePage.java:28)
	at com.qtpselenium.facebook.pom.pages.ProfilePage.takeScreenShot(ProfilePage.java:28)
	at com.qtpselenium.facebook.pom.pages.ProfilePage.takeScreenShot(ProfilePage.java:28)
	at com.qtpselenium.facebook.pom.pages.ProfilePage.takeScreenShot(ProfilePage.java:28)
	at com.qtpselenium.facebook.pom.pages.ProfilePage.takeScreenShot(ProfilePage.java:28)
	at com.qtpselenium.facebook.pom.pages.ProfilePage.takeScreenShot(ProfilePage.java:28)
	at com.qtpselenium.facebook.pom.pages.ProfilePage.takeScreenShot(ProfilePage.java:28)
	at com.qtpselenium.facebook.pom.pages.ProfilePage.takeScreenShot(ProfilePage.java:28)
	at com.qtpselenium.facebook.pom.pages.ProfilePage.takeScreenShot(ProfilePage.java:28)
	at com.qtpselenium.facebook.pom.pages.ProfilePage.takeScreenShot(ProfilePage.java:28)
	at com.qtpselenium.facebook.pom.pages.ProfilePage.takeScreenShot(ProfilePage.java:28)
	at com.qtpselenium.facebook.pom.pages.ProfilePage.takeScreenShot(ProfilePage.java:28)
	at com.qtpselenium.facebook.pom.pages.ProfilePage.takeScreenShot(ProfilePage.java:28)
	at com.qtpselenium.facebook.pom.pages.ProfilePage.takeScreenShot(ProfilePage.java:28)
	at com.qtpselenium.facebook.pom.pages.ProfilePage.takeScreenShot(ProfilePage.java:28)
	at com.qtpselenium.facebook.pom.pages.ProfilePage.takeScreenShot(ProfilePage.java:28)
	at com.qtpselenium.facebook.pom.pages.ProfilePage.takeScreenShot(ProfilePage.java:28)
	at com.qtpselenium.facebook.pom.pages.ProfilePage.takeScreenShot(ProfilePage.java:28)
	at com.qtpselenium.facebook.pom.pages.ProfilePage.takeScreenShot(ProfilePage.java:28)
	at com.qtpselenium.facebook.pom.pages.ProfilePage.takeScreenShot(ProfilePage.java:28)
	at com.qtpselenium.facebook.pom.pages.ProfilePage.takeScreenShot(ProfilePage.java:28)
	at com.qtpselenium.facebook.pom.pages.ProfilePage.takeScreenShot(ProfilePage.java:28)
	at com.qtpselenium.facebook.pom.pages.ProfilePage.takeScreenShot(ProfilePage.java:28)
	at com.qtpselenium.facebook.pom.pages.ProfilePage.takeScreenShot(ProfilePage.java:28)
	at com.qtpselenium.facebook.pom.pages.ProfilePage.takeScreenShot(ProfilePage.java:28)
	at com.qtpselenium.facebook.pom.pages.ProfilePage.takeScreenShot(ProfilePage.java:28)
	at com.qtpselenium.facebook.pom.pages.ProfilePage.takeScreenShot(ProfilePage.java:28)
	at com.qtpselenium.facebook.pom.pages.ProfilePage.takeScreenShot(ProfilePage.java:28)
	at com.qtpselenium.facebook.pom.pages.ProfilePage.takeScreenShot(ProfilePage.java:28)
	at com.qtpselenium.facebook.pom.pages.ProfilePage.takeScreenShot(ProfilePage.java:28)
	at com.qtpselenium.facebook.pom.pages.ProfilePage.takeScreenShot(ProfilePage.java:28)
	at com.qtpselenium.facebook.pom.pages.ProfilePage.takeScreenShot(ProfilePage.java:28)
	at com.qtpselenium.facebook.pom.pages.ProfilePage.takeScreenShot(ProfilePage.java:28)
	at com.qtpselenium.facebook.pom.pages.ProfilePage.takeScreenShot(ProfilePage.java:28)
	at com.qtpselenium.facebook.pom.pages.ProfilePage.takeScreenShot(ProfilePage.java:28)
	at com.qtpselenium.facebook.pom.pages.ProfilePage.takeScreenShot(ProfilePage.java:28)
	at com.qtpselenium.facebook.pom.pages.ProfilePage.takeScreenShot(ProfilePage.java:28)
	at com.qtpselenium.facebook.pom.pages.ProfilePage.takeScreenShot(ProfilePage.java:28)
	at com.qtpselenium.facebook.pom.pages.ProfilePage.takeScreenShot(ProfilePage.java:28)
	at com.qtpselenium.facebook.pom.pages.ProfilePage.takeScreenShot(ProfilePage.java:28)
	at com.qtpselenium.facebook.pom.pages.ProfilePage.takeScreenShot(ProfilePage.java:28)
	at com.qtpselenium.facebook.pom.pages.ProfilePage.takeScreenShot(ProfilePage.java:28)
	at com.qtpselenium.facebook.pom.pages.ProfilePage.takeScreenShot(ProfilePage.java:28)
	at com.qtpselenium.facebook.pom.pages.ProfilePage.takeScreenShot(ProfilePage.java:28)
	at com.qtpselenium.facebook.pom.pages.ProfilePage.takeScreenShot(ProfilePage.java:28)
	at com.qtpselenium.facebook.pom.pages.ProfilePage.takeScreenShot(ProfilePage.java:28)
	at com.qtpselenium.facebook.pom.pages.ProfilePage.takeScreenShot(ProfilePage.java:28)
	at com.qtpselenium.facebook.pom.pages.ProfilePage.takeScreenShot(ProfilePage.java:28)
	at com.qtpselenium.facebook.pom.pages.ProfilePage.takeScreenShot(ProfilePage.java:28)
	at com.qtpselenium.facebook.pom.pages.ProfilePage.takeScreenShot(ProfilePage.java:28)
	at com.qtpselenium.facebook.pom.pages.ProfilePage.takeScreenShot(ProfilePage.java:28)
	at com.qtpselenium.facebook.pom.pages.ProfilePage.takeScreenShot(ProfilePage.java:28)
	at com.qtpselenium.facebook.pom.pages.ProfilePage.takeScreenShot(ProfilePage.java:28)
	at com.qtpselenium.facebook.pom.pages.ProfilePage.takeScreenShot(ProfilePage.java:28)
	at com.qtpselenium.facebook.pom.pages.ProfilePage.takeScreenShot(ProfilePage.java:28)
	at com.qtpselenium.facebook.pom.pages.ProfilePage.takeScreenShot(ProfilePage.java:28)
	at com.qtpselenium.facebook.pom.pages.ProfilePage.takeScreenShot(ProfilePage.java:28)
	at com.qtpselenium.facebook.pom.pages.ProfilePage.takeScreenShot(ProfilePage.java:28)
	at com.qtpselenium.facebook.pom.pages.ProfilePage.takeScreenShot(ProfilePage.java:28)
	at com.qtpselenium.facebook.pom.pages.ProfilePage.takeScreenShot(ProfilePage.java:28)
	at com.qtpselenium.facebook.pom.pages.ProfilePage.takeScreenShot(ProfilePage.java:28)
	at com.qtpselenium.facebook.pom.pages.ProfilePage.takeScreenShot(ProfilePage.java:28)
	at com.qtpselenium.facebook.pom.pages.ProfilePage.takeScreenShot(ProfilePage.java:28)
	at com.qtpselenium.facebook.pom.pages.ProfilePage.takeScreenShot(ProfilePage.java:28)
	at com.qtpselenium.facebook.pom.pages.ProfilePage.takeScreenShot(ProfilePage.java:28)
	at com.qtpselenium.facebook.pom.pages.ProfilePage.takeScreenShot(ProfilePage.java:28)
	at com.qtpselenium.facebook.pom.pages.ProfilePage.takeScreenShot(ProfilePage.java:28)
	at com.qtpselenium.facebook.pom.pages.ProfilePage.takeScreenShot(ProfilePage.java:28)
	at com.qtpselenium.facebook.pom.pages.ProfilePage.takeScreenShot(ProfilePage.java:28)
	at com.qtpselenium.facebook.pom.pages.ProfilePage.takeScreenShot(ProfilePage.java:28)
	at com.qtpselenium.facebook.pom.pages.ProfilePage.takeScreenShot(ProfilePage.java:28)
	at com.qtpselenium.facebook.pom.pages.ProfilePage.takeScreenShot(ProfilePage.java:28)
	at com.qtpselenium.facebook.pom.pages.ProfilePage.takeScreenShot(ProfilePage.java:28)
	at com.qtpselenium.facebook.pom.pages.ProfilePage.takeScreenShot(ProfilePage.java:28)
	at com.qtpselenium.facebook.pom.pages.ProfilePage.takeScreenShot(ProfilePage.java:28)
	at com.qtpselenium.facebook.pom.pages.ProfilePage.takeScreenShot(ProfilePage.java:28)
	at com.qtpselenium.facebook.pom.pages.ProfilePage.takeScreenShot(ProfilePage.java:28)
	at com.qtpselenium.facebook.pom.pages.ProfilePage.takeScreenShot(ProfilePage.java:28)
	at com.qtpselenium.facebook.pom.pages.ProfilePage.takeScreenShot(ProfilePage.java:28)
	at com.qtpselenium.facebook.pom.pages.ProfilePage.takeScreenShot(ProfilePage.java:28)
	at com.qtpselenium.facebook.pom.pages.ProfilePage.takeScreenShot(ProfilePage.java:28)
	at com.qtpselenium.facebook.pom.pages.ProfilePage.takeScreenShot(ProfilePage.java:28)
	at com.qtpselenium.facebook.pom.pages.ProfilePage.takeScreenShot(ProfilePage.java:28)
	at com.qtpselenium.facebook.pom.pages.ProfilePage.takeScreenShot(ProfilePage.java:28)
	at com.qtpselenium.facebook.pom.pages.ProfilePage.takeScreenShot(ProfilePage.java:28)
	at com.qtpselenium.facebook.pom.pages.ProfilePage.takeScreenShot(ProfilePage.java:28)
	at com.qtpselenium.facebook.pom.pages.ProfilePage.takeScreenShot(ProfilePage.java:28)
	at com.qtpselenium.facebook.pom.pages.ProfilePage.takeScreenShot(ProfilePage.java:28)
	at com.qtpselenium.facebook.pom.pages.ProfilePage.takeScreenShot(ProfilePage.java:28)
	at com.qtpselenium.facebook.pom.pages.ProfilePage.takeScreenShot(ProfilePage.java:28)
	at com.qtpselenium.facebook.pom.pages.ProfilePage.takeScreenShot(ProfilePage.java:28)
	at com.qtpselenium.facebook.pom.pages.ProfilePage.takeScreenShot(ProfilePage.java:28)
	at com.qtpselenium.facebook.pom.pages.ProfilePage.takeScreenShot(ProfilePage.java:28)
	at com.qtpselenium.facebook.pom.pages.ProfilePage.takeScreenShot(ProfilePage.java:28)
	at com.qtpselenium.facebook.pom.pages.ProfilePage.takeScreenShot(ProfilePage.java:28)
	at com.qtpselenium.facebook.pom.pages.ProfilePage.takeScreenShot(ProfilePage.java:28)
	at com.qtpselenium.facebook.pom.pages.ProfilePage.takeScreenShot(ProfilePage.java:28)
	at com.qtpselenium.facebook.pom.pages.ProfilePage.takeScreenShot(ProfilePage.java:28)
	at com.qtpselenium.facebook.pom.pages.ProfilePage.takeScreenShot(ProfilePage.java:28)
	at com.qtpselenium.facebook.pom.pages.ProfilePage.takeScreenShot(ProfilePage.java:28)
	at com.qtpselenium.facebook.pom.pages.ProfilePage.takeScreenShot(ProfilePage.java:28)
	at com.qtpselenium.facebook.pom.pages.ProfilePage.takeScreenShot(ProfilePage.java:28)
	at com.qtpselenium.facebook.pom.pages.ProfilePage.takeScreenShot(ProfilePage.java:28)
	at com.qtpselenium.facebook.pom.pages.ProfilePage.takeScreenShot(ProfilePage.java:28)
	at com.qtpselenium.facebook.pom.pages.ProfilePage.takeScreenShot(ProfilePage.java:28)
	at com.qtpselenium.facebook.pom.pages.ProfilePage.takeScreenShot(ProfilePage.java:28)
	at com.qtpselenium.facebook.pom.pages.ProfilePage.takeScreenShot(ProfilePage.java:28)
	at com.qtpselenium.facebook.pom.pages.ProfilePage.takeScreenShot(ProfilePage.java:28)
	at com.qtpselenium.facebook.pom.pages.ProfilePage.takeScreenShot(ProfilePage.java:28)
	at com.qtpselenium.facebook.pom.pages.ProfilePage.takeScreenShot(ProfilePage.java:28)
	at com.qtpselenium.facebook.pom.pages.ProfilePage.takeScreenShot(ProfilePage.java:28)
	at com.qtpselenium.facebook.pom.pages.ProfilePage.takeScreenShot(ProfilePage.java:28)
	at com.qtpselenium.facebook.pom.pages.ProfilePage.takeScreenShot(ProfilePage.java:28)
	at com.qtpselenium.facebook.pom.pages.ProfilePage.takeScreenShot(ProfilePage.java:28)
	at com.qtpselenium.facebook.pom.pages.ProfilePage.takeScreenShot(ProfilePage.java:28)
	at com.qtpselenium.facebook.pom.pages.ProfilePage.takeScreenShot(ProfilePage.java:28)
	at com.qtpselenium.facebook.pom.pages.ProfilePage.takeScreenShot(ProfilePage.java:28)
	at com.qtpselenium.facebook.pom.pages.ProfilePage.takeScreenShot(ProfilePage.java:28)
	at com.qtpselenium.facebook.pom.pages.ProfilePage.takeScreenShot(ProfilePage.java:28)
	at com.qtpselenium.facebook.pom.pages.ProfilePage.takeScreenShot(ProfilePage.java:28)
	at com.qtpselenium.facebook.pom.pages.ProfilePage.takeScreenShot(ProfilePage.java:28)
	at com.qtpselenium.facebook.pom.pages.ProfilePage.takeScreenShot(ProfilePage.java:28)
	at com.qtpselenium.facebook.pom.pages.ProfilePage.takeScreenShot(ProfilePage.java:28)
	at com.qtpselenium.facebook.pom.pages.ProfilePage.takeScreenShot(ProfilePage.java:28)
	at com.qtpselenium.facebook.pom.pages.ProfilePage.takeScreenShot(ProfilePage.java:28)
	at com.qtpselenium.facebook.pom.pages.ProfilePage.takeScreenShot(ProfilePage.java:28)
	at com.qtpselenium.facebook.pom.pages.ProfilePage.takeScreenShot(ProfilePage.java:28)
	at com.qtpselenium.facebook.pom.pages.ProfilePage.takeScreenShot(ProfilePage.java:28)
	at com.qtpselenium.facebook.pom.pages.ProfilePage.takeScreenShot(ProfilePage.java:28)
	at com.qtpselenium.facebook.pom.pages.ProfilePage.takeScreenShot(ProfilePage.java:28)
	at com.qtpselenium.facebook.pom.pages.ProfilePage.takeScreenShot(ProfilePage.java:28)
	at com.qtpselenium.facebook.pom.pages.ProfilePage.takeScreenShot(ProfilePage.java:28)
	at com.qtpselenium.facebook.pom.pages.ProfilePage.takeScreenShot(ProfilePage.java:28)
	at com.qtpselenium.facebook.pom.pages.ProfilePage.takeScreenShot(ProfilePage.java:28)
	at com.qtpselenium.facebook.pom.pages.ProfilePage.takeScreenShot(ProfilePage.java:28)
	at com.qtpselenium.facebook.pom.pages.ProfilePage.takeScreenShot(ProfilePage.java:28)
	at com.qtpselenium.facebook.pom.pages.ProfilePage.takeScreenShot(ProfilePage.java:28)
	at com.qtpselenium.facebook.pom.pages.ProfilePage.takeScreenShot(ProfilePage.java:28)
	at com.qtpselenium.facebook.pom.pages.ProfilePage.takeScreenShot(ProfilePage.java:28)
	at com.qtpselenium.facebook.pom.pages.ProfilePage.takeScreenShot(ProfilePage.java:28)
	at com.qtpselenium.facebook.pom.pages.ProfilePage.takeScreenShot(ProfilePage.java:28)
	at com.qtpselenium.facebook.pom.pages.ProfilePage.takeScreenShot(ProfilePage.java:28)
	at com.qtpselenium.facebook.pom.pages.ProfilePage.takeScreenShot(ProfilePage.java:28)
	at com.qtpselenium.facebook.pom.pages.ProfilePage.takeScreenShot(ProfilePage.java:28)
	at com.qtpselenium.facebook.pom.pages.ProfilePage.takeScreenShot(ProfilePage.java:28)
	at com.qtpselenium.facebook.pom.pages.ProfilePage.takeScreenShot(ProfilePage.java:28)
	at com.qtpselenium.facebook.pom.pages.ProfilePage.takeScreenShot(ProfilePage.java:28)
	at com.qtpselenium.facebook.pom.pages.ProfilePage.takeScreenShot(ProfilePage.java:28)
	at com.qtpselenium.facebook.pom.pages.ProfilePage.takeScreenShot(ProfilePage.java:28)
	at com.qtpselenium.facebook.pom.pages.ProfilePage.takeScreenShot(ProfilePage.java:28)
	at com.qtpselenium.facebook.pom.pages.ProfilePage.takeScreenShot(ProfilePage.java:28)
	at com.qtpselenium.facebook.pom.pages.ProfilePage.takeScreenShot(ProfilePage.java:28)
	at com.qtpselenium.facebook.pom.pages.ProfilePage.takeScreenShot(ProfilePage.java:28)
	at com.qtpselenium.facebook.pom.pages.ProfilePage.takeScreenShot(ProfilePage.java:28)
	at com.qtpselenium.facebook.pom.pages.ProfilePage.takeScreenShot(ProfilePage.java:28)
	at com.qtpselenium.facebook.pom.pages.ProfilePage.takeScreenShot(ProfilePage.java:28)
	at com.qtpselenium.facebook.pom.pages.ProfilePage.takeScreenShot(ProfilePage.java:28)
	at com.qtpselenium.facebook.pom.pages.ProfilePage.takeScreenShot(ProfilePage.java:28)
	at com.qtpselenium.facebook.pom.pages.ProfilePage.takeScreenShot(ProfilePage.java:28)
	at com.qtpselenium.facebook.pom.pages.ProfilePage.takeScreenShot(ProfilePage.java:28)
	at com.qtpselenium.facebook.pom.pages.ProfilePage.takeScreenShot(ProfilePage.java:28)
	at com.qtpselenium.facebook.pom.pages.ProfilePage.takeScreenShot(ProfilePage.java:28)
	at com.qtpselenium.facebook.pom.pages.ProfilePage.takeScreenShot(ProfilePage.java:28)
	at com.qtpselenium.facebook.pom.pages.ProfilePage.takeScreenShot(ProfilePage.java:28)
	at com.qtpselenium.facebook.pom.pages.ProfilePage.takeScreenShot(ProfilePage.java:28)
	at com.qtpselenium.facebook.pom.pages.ProfilePage.takeScreenShot(ProfilePage.java:28)
	at com.qtpselenium.facebook.pom.pages.ProfilePage.takeScreenShot(ProfilePage.java:28)
	at com.qtpselenium.facebook.pom.pages.ProfilePage.takeScreenShot(ProfilePage.java:28)
	at com.qtpselenium.facebook.pom.pages.ProfilePage.takeScreenShot(ProfilePage.java:28)
	at com.qtpselenium.facebook.pom.pages.ProfilePage.takeScreenShot(ProfilePage.java:28)
	at com.qtpselenium.facebook.pom.pages.ProfilePage.takeScreenShot(ProfilePage.java:28)
	at com.qtpselenium.facebook.pom.pages.ProfilePage.takeScreenShot(ProfilePage.java:28)
	at com.qtpselenium.facebook.pom.pages.ProfilePage.takeScreenShot(ProfilePage.java:28)
	at com.qtpselenium.facebook.pom.pages.ProfilePage.takeScreenShot(ProfilePage.java:28)
	at com.qtpselenium.facebook.pom.pages.ProfilePage.takeScreenShot(ProfilePage.java:28)
	at com.qtpselenium.facebook.pom.pages.ProfilePage.takeScreenShot(ProfilePage.java:28)
	at com.qtpselenium.facebook.pom.pages.ProfilePage.takeScreenShot(ProfilePage.java:28)
	at com.qtpselenium.facebook.pom.pages.ProfilePage.takeScreenShot(ProfilePage.java:28)
	at com.qtpselenium.facebook.pom.pages.ProfilePage.takeScreenShot(ProfilePage.java:28)
	at com.qtpselenium.facebook.pom.pages.ProfilePage.takeScreenShot(ProfilePage.java:28)
	at com.qtpselenium.facebook.pom.pages.ProfilePage.takeScreenShot(ProfilePage.java:28)
	at com.qtpselenium.facebook.pom.pages.ProfilePage.takeScreenShot(ProfilePage.java:28)
	at com.qtpselenium.facebook.pom.pages.ProfilePage.takeScreenShot(ProfilePage.java:28)
	at com.qtpselenium.facebook.pom.pages.ProfilePage.takeScreenShot(ProfilePage.java:28)
	at com.qtpselenium.facebook.pom.pages.ProfilePage.takeScreenShot(ProfilePage.java:28)
	at com.qtpselenium.facebook.pom.pages.ProfilePage.takeScreenShot(ProfilePage.java:28)
	at com.qtpselenium.facebook.pom.pages.ProfilePage.takeScreenShot(ProfilePage.java:28)
	at com.qtpselenium.facebook.pom.pages.ProfilePage.takeScreenShot(ProfilePage.java:28)
	at com.qtpselenium.facebook.pom.pages.ProfilePage.takeScreenShot(ProfilePage.java:28)
	at com.qtpselenium.facebook.pom.pages.ProfilePage.takeScreenShot(ProfilePage.java:28)
	at com.qtpselenium.facebook.pom.pages.ProfilePage.takeScreenShot(ProfilePage.java:28)
	at com.qtpselenium.facebook.pom.pages.ProfilePage.takeScreenShot(ProfilePage.java:28)
	at com.qtpselenium.facebook.pom.pages.ProfilePage.takeScreenShot(ProfilePage.java:28)
	at com.qtpselenium.facebook.pom.pages.ProfilePage.takeScreenShot(ProfilePage.java:28)
	at com.qtpselenium.facebook.pom.pages.ProfilePage.takeScreenShot(ProfilePage.java:28)
	at com.qtpselenium.facebook.pom.pages.ProfilePage.takeScreenShot(ProfilePage.java:28)
	at com.qtpselenium.facebook.pom.pages.ProfilePage.takeScreenShot(ProfilePage.java:28)
	at com.qtpselenium.facebook.pom.pages.ProfilePage.takeScreenShot(ProfilePage.java:28)
	at com.qtpselenium.facebook.pom.pages.ProfilePage.takeScreenShot(ProfilePage.java:28)
	at com.qtpselenium.facebook.pom.pages.ProfilePage.takeScreenShot(ProfilePage.java:28)
	at com.qtpselenium.facebook.pom.pages.ProfilePage.takeScreenShot(ProfilePage.java:28)
	at com.qtpselenium.facebook.pom.pages.ProfilePage.takeScreenShot(ProfilePage.java:28)
	at com.qtpselenium.facebook.pom.pages.ProfilePage.takeScreenShot(ProfilePage.java:28)
	at com.qtpselenium.facebook.pom.pages.ProfilePage.takeScreenShot(ProfilePage.java:28)
	at com.qtpselenium.facebook.pom.pages.ProfilePage.takeScreenShot(ProfilePage.java:28)
	at com.qtpselenium.facebook.pom.pages.ProfilePage.takeScreenShot(ProfilePage.java:28)
	at com.qtpselenium.facebook.pom.pages.ProfilePage.takeScreenShot(ProfilePage.java:28)
	at com.qtpselenium.facebook.pom.pages.ProfilePage.takeScreenShot(ProfilePage.java:28)
	at com.qtpselenium.facebook.pom.pages.ProfilePage.takeScreenShot(ProfilePage.java:28)
	at com.qtpselenium.facebook.pom.pages.ProfilePage.takeScreenShot(ProfilePage.java:28)
	at com.qtpselenium.facebook.pom.pages.ProfilePage.takeScreenShot(ProfilePage.java:28)
	at com.qtpselenium.facebook.pom.pages.ProfilePage.takeScreenShot(ProfilePage.java:28)
	at com.qtpselenium.facebook.pom.pages.ProfilePage.takeScreenShot(ProfilePage.java:28)
	at com.qtpselenium.facebook.pom.pages.ProfilePage.takeScreenShot(ProfilePage.java:28)
	at com.qtpselenium.facebook.pom.pages.ProfilePage.takeScreenShot(ProfilePage.java:28)
	at com.qtpselenium.facebook.pom.pages.ProfilePage.takeScreenShot(ProfilePage.java:28)
	at com.qtpselenium.facebook.pom.pages.ProfilePage.takeScreenShot(ProfilePage.java:28)
	at com.qtpselenium.facebook.pom.pages.ProfilePage.takeScreenShot(ProfilePage.java:28)
	at com.qtpselenium.facebook.pom.pages.ProfilePage.takeScreenShot(ProfilePage.java:28)
	at com.qtpselenium.facebook.pom.pages.ProfilePage.takeScreenShot(ProfilePage.java:28)
	at com.qtpselenium.facebook.pom.pages.ProfilePage.takeScreenShot(ProfilePage.java:28)
	at com.qtpselenium.facebook.pom.pages.ProfilePage.takeScreenShot(ProfilePage.java:28)
	at com.qtpselenium.facebook.pom.pages.ProfilePage.takeScreenShot(ProfilePage.java:28)
	at com.qtpselenium.facebook.pom.pages.ProfilePage.takeScreenShot(ProfilePage.java:28)
	at com.qtpselenium.facebook.pom.pages.ProfilePage.takeScreenShot(ProfilePage.java:28)
	at com.qtpselenium.facebook.pom.pages.ProfilePage.takeScreenShot(ProfilePage.java:28)
	at com.qtpselenium.facebook.pom.pages.ProfilePage.takeScreenShot(ProfilePage.java:28)
	at com.qtpselenium.facebook.pom.pages.ProfilePage.takeScreenShot(ProfilePage.java:28)
	at com.qtpselenium.facebook.pom.pages.ProfilePage.takeScreenShot(ProfilePage.java:28)
	at com.qtpselenium.facebook.pom.pages.ProfilePage.takeScreenShot(ProfilePage.java:28)
	at com.qtpselenium.facebook.pom.pages.ProfilePage.takeScreenShot(ProfilePage.java:28)
	at com.qtpselenium.facebook.pom.pages.ProfilePage.takeScreenShot(ProfilePage.java:28)
	at com.qtpselenium.facebook.pom.pages.ProfilePage.takeScreenShot(ProfilePage.java:28)
	at com.qtpselenium.facebook.pom.pages.ProfilePage.takeScreenShot(ProfilePage.java:28)
	at com.qtpselenium.facebook.pom.pages.ProfilePage.takeScreenShot(ProfilePage.java:28)
	at com.qtpselenium.facebook.pom.pages.ProfilePage.takeScreenShot(ProfilePage.java:28)
	at com.qtpselenium.facebook.pom.pages.ProfilePage.takeScreenShot(ProfilePage.java:28)
	at com.qtpselenium.facebook.pom.pages.ProfilePage.takeScreenShot(ProfilePage.java:28)
	at com.qtpselenium.facebook.pom.pages.ProfilePage.takeScreenShot(ProfilePage.java:28)
	at com.qtpselenium.facebook.pom.pages.ProfilePage.takeScreenShot(ProfilePage.java:28)
	at com.qtpselenium.facebook.pom.pages.ProfilePage.takeScreenShot(ProfilePage.java:28)
	at com.qtpselenium.facebook.pom.pages.ProfilePage.takeScreenShot(ProfilePage.java:28)
	at com.qtpselenium.facebook.pom.pages.ProfilePage.takeScreenShot(ProfilePage.java:28)
	at com.qtpselenium.facebook.pom.pages.ProfilePage.takeScreenShot(ProfilePage.java:28)
	at com.qtpselenium.facebook.pom.pages.ProfilePage.takeScreenShot(ProfilePage.java:28)
	at com.qtpselenium.facebook.pom.pages.ProfilePage.takeScreenShot(ProfilePage.java:28)
	at com.qtpselenium.facebook.pom.pages.ProfilePage.takeScreenShot(ProfilePage.java:28)
	at com.qtpselenium.facebook.pom.pages.ProfilePage.takeScreenShot(ProfilePage.java:28)
	at com.qtpselenium.facebook.pom.pages.ProfilePage.takeScreenShot(ProfilePage.java:28)
	at com.qtpselenium.facebook.pom.pages.ProfilePage.takeScreenShot(ProfilePage.java:28)
	at com.qtpselenium.facebook.pom.pages.ProfilePage.takeScreenShot(ProfilePage.java:28)
	at com.qtpselenium.facebook.pom.pages.ProfilePage.takeScreenShot(ProfilePage.java:28)
	at com.qtpselenium.facebook.pom.pages.ProfilePage.takeScreenShot(ProfilePage.java:28)
	at com.qtpselenium.facebook.pom.pages.ProfilePage.takeScreenShot(ProfilePage.java:28)
	at com.qtpselenium.facebook.pom.pages.ProfilePage.takeScreenShot(ProfilePage.java:28)
	at com.qtpselenium.facebook.pom.pages.ProfilePage.takeScreenShot(ProfilePage.java:28)
	at com.qtpselenium.facebook.pom.pages.ProfilePage.takeScreenShot(ProfilePage.java:28)
	at com.qtpselenium.facebook.pom.pages.ProfilePage.takeScreenShot(ProfilePage.java:28)
	at com.qtpselenium.facebook.pom.pages.ProfilePage.takeScreenShot(ProfilePage.java:28)
	at com.qtpselenium.facebook.pom.pages.ProfilePage.takeScreenShot(ProfilePage.java:28)
	at com.qtpselenium.facebook.pom.pages.ProfilePage.takeScreenShot(ProfilePage.java:28)
	at com.qtpselenium.facebook.pom.pages.ProfilePage.takeScreenShot(ProfilePage.java:28)
	at com.qtpselenium.facebook.pom.pages.ProfilePage.takeScreenShot(ProfilePage.java:28)
	at com.qtpselenium.facebook.pom.pages.ProfilePage.takeScreenShot(ProfilePage.java:28)
	at com.qtpselenium.facebook.pom.pages.ProfilePage.takeScreenShot(ProfilePage.java:28)
	at com.qtpselenium.facebook.pom.pages.ProfilePage.takeScreenShot(ProfilePage.java:28)
	at com.qtpselenium.facebook.pom.pages.ProfilePage.takeScreenShot(ProfilePage.java:28)
	at com.qtpselenium.facebook.pom.pages.ProfilePage.takeScreenShot(ProfilePage.java:28)
	at com.qtpselenium.facebook.pom.pages.ProfilePage.takeScreenShot(ProfilePage.java:28)
	at com.qtpselenium.facebook.pom.pages.ProfilePage.takeScreenShot(ProfilePage.java:28)
	at com.qtpselenium.facebook.pom.pages.ProfilePage.takeScreenShot(ProfilePage.java:28)
	at com.qtpselenium.facebook.pom.pages.ProfilePage.takeScreenShot(ProfilePage.java:28)
	at com.qtpselenium.facebook.pom.pages.ProfilePage.takeScreenShot(ProfilePage.java:28)
	at com.qtpselenium.facebook.pom.pages.ProfilePage.takeScreenShot(ProfilePage.java:28)
	at com.qtpselenium.facebook.pom.pages.ProfilePage.takeScreenShot(ProfilePage.java:28)
	at com.qtpselenium.facebook.pom.pages.ProfilePage.takeScreenShot(ProfilePage.java:28)
	at com.qtpselenium.facebook.pom.pages.ProfilePage.takeScreenShot(ProfilePage.java:28)
	at com.qtpselenium.facebook.pom.pages.ProfilePage.takeScreenShot(ProfilePage.java:28)
	at com.qtpselenium.facebook.pom.pages.ProfilePage.takeScreenShot(ProfilePage.java:28)
	at com.qtpselenium.facebook.pom.pages.ProfilePage.takeScreenShot(ProfilePage.java:28)
	at com.qtpselenium.facebook.pom.pages.ProfilePage.takeScreenShot(ProfilePage.java:28)
	at com.qtpselenium.facebook.pom.pages.ProfilePage.takeScreenShot(ProfilePage.java:28)
	at com.qtpselenium.facebook.pom.pages.ProfilePage.takeScreenShot(ProfilePage.java:28)
	at com.qtpselenium.facebook.pom.pages.ProfilePage.takeScreenShot(ProfilePage.java:28)
	at com.qtpselenium.facebook.pom.pages.ProfilePage.takeScreenShot(ProfilePage.java:28)
	at com.qtpselenium.facebook.pom.pages.ProfilePage.takeScreenShot(ProfilePage.java:28)
	at com.qtpselenium.facebook.pom.pages.ProfilePage.takeScreenShot(ProfilePage.java:28)
	at com.qtpselenium.facebook.pom.pages.ProfilePage.takeScreenShot(ProfilePage.java:28)
	at com.qtpselenium.facebook.pom.pages.ProfilePage.takeScreenShot(ProfilePage.java:28)
	at com.qtpselenium.facebook.pom.pages.ProfilePage.takeScreenShot(ProfilePage.java:28)
	at com.qtpselenium.facebook.pom.pages.ProfilePage.takeScreenShot(ProfilePage.java:28)
	at com.qtpselenium.facebook.pom.pages.ProfilePage.takeScreenShot(ProfilePage.java:28)
	at com.qtpselenium.facebook.pom.pages.ProfilePage.takeScreenShot(ProfilePage.java:28)
	at com.qtpselenium.facebook.pom.pages.ProfilePage.takeScreenShot(ProfilePage.java:28)
	at com.qtpselenium.facebook.pom.pages.ProfilePage.takeScreenShot(ProfilePage.java:28)
	at com.qtpselenium.facebook.pom.pages.ProfilePage.takeScreenShot(ProfilePage.java:28)
	at com.qtpselenium.facebook.pom.pages.ProfilePage.takeScreenShot(ProfilePage.java:28)
	at com.qtpselenium.facebook.pom.pages.ProfilePage.takeScreenShot(ProfilePage.java:28)
	at com.qtpselenium.facebook.pom.pages.ProfilePage.takeScreenShot(ProfilePage.java:28)
	at com.qtpselenium.facebook.pom.pages.ProfilePage.takeScreenShot(ProfilePage.java:28)
	at com.qtpselenium.facebook.pom.pages.ProfilePage.takeScreenShot(ProfilePage.java:28)
	at com.qtpselenium.facebook.pom.pages.ProfilePage.takeScreenShot(ProfilePage.java:28)
	at com.qtpselenium.facebook.pom.pages.ProfilePage.takeScreenShot(ProfilePage.java:28)
	at com.qtpselenium.facebook.pom.pages.ProfilePage.takeScreenShot(ProfilePage.java:28)
	at com.qtpselenium.facebook.pom.pages.ProfilePage.takeScreenShot(ProfilePage.java:28)
	at com.qtpselenium.facebook.pom.pages.ProfilePage.takeScreenShot(ProfilePage.java:28)
	at com.qtpselenium.facebook.pom.pages.ProfilePage.takeScreenShot(ProfilePage.java:28)
	at com.qtpselenium.facebook.pom.pages.ProfilePage.takeScreenShot(ProfilePage.java:28)
	at com.qtpselenium.facebook.pom.pages.ProfilePage.takeScreenShot(ProfilePage.java:28)
	at com.qtpselenium.facebook.pom.pages.ProfilePage.takeScreenShot(ProfilePage.java:28)
	at com.qtpselenium.facebook.pom.pages.ProfilePage.takeScreenShot(ProfilePage.java:28)
	at com.qtpselenium.facebook.pom.pages.ProfilePage.takeScreenShot(ProfilePage.java:28)
	at com.qtpselenium.facebook.pom.pages.ProfilePage.takeScreenShot(ProfilePage.java:28)
	at com.qtpselenium.facebook.pom.pages.ProfilePage.takeScreenShot(ProfilePage.java:28)
	at com.qtpselenium.facebook.pom.pages.ProfilePage.takeScreenShot(ProfilePage.java:28)
	at com.qtpselenium.facebook.pom.pages.ProfilePage.takeScreenShot(ProfilePage.java:28)
	at com.qtpselenium.facebook.pom.pages.ProfilePage.takeScreenShot(ProfilePage.java:28)
	at com.qtpselenium.facebook.pom.pages.ProfilePage.takeScreenShot(ProfilePage.java:28)
	at com.qtpselenium.facebook.pom.pages.ProfilePage.takeScreenShot(ProfilePage.java:28)
	at com.qtpselenium.facebook.pom.pages.ProfilePage.takeScreenShot(ProfilePage.java:28)
	at com.qtpselenium.facebook.pom.pages.ProfilePage.takeScreenShot(ProfilePage.java:28)
	at com.qtpselenium.facebook.pom.pages.ProfilePage.takeScreenShot(ProfilePage.java:28)
	at com.qtpselenium.facebook.pom.pages.ProfilePage.takeScreenShot(ProfilePage.java:28)
	at com.qtpselenium.facebook.pom.pages.ProfilePage.takeScreenShot(ProfilePage.java:28)
	at com.qtpselenium.facebook.pom.pages.ProfilePage.takeScreenShot(ProfilePage.java:28)
	at com.qtpselenium.facebook.pom.pages.ProfilePage.takeScreenShot(ProfilePage.java:28)
	at com.qtpselenium.facebook.pom.pages.ProfilePage.takeScreenShot(ProfilePage.java:28)
	at com.qtpselenium.facebook.pom.pages.ProfilePage.takeScreenShot(ProfilePage.java:28)
	at com.qtpselenium.facebook.pom.pages.ProfilePage.takeScreenShot(ProfilePage.java:28)
	at com.qtpselenium.facebook.pom.pages.ProfilePage.takeScreenShot(ProfilePage.java:28)
	at com.qtpselenium.facebook.pom.pages.ProfilePage.takeScreenShot(ProfilePage.java:28)
	at com.qtpselenium.facebook.pom.pages.ProfilePage.takeScreenShot(ProfilePage.java:28)
	at com.qtpselenium.facebook.pom.pages.ProfilePage.takeScreenShot(ProfilePage.java:28)
	at com.qtpselenium.facebook.pom.pages.ProfilePage.takeScreenShot(ProfilePage.java:28)
	at com.qtpselenium.facebook.pom.pages.ProfilePage.takeScreenShot(ProfilePage.java:28)
	at com.qtpselenium.facebook.pom.pages.ProfilePage.takeScreenShot(ProfilePage.java:28)
	at com.qtpselenium.facebook.pom.pages.ProfilePage.takeScreenShot(ProfilePage.java:28)
	at com.qtpselenium.facebook.pom.pages.ProfilePage.takeScreenShot(ProfilePage.java:28)
	at com.qtpselenium.facebook.pom.pages.ProfilePage.takeScreenShot(ProfilePage.java:28)
	at com.qtpselenium.facebook.pom.pages.ProfilePage.takeScreenShot(ProfilePage.java:28)
	at com.qtpselenium.facebook.pom.pages.ProfilePage.takeScreenShot(ProfilePage.java:28)
	at com.qtpselenium.facebook.pom.pages.ProfilePage.takeScreenShot(ProfilePage.java:28)
	at com.qtpselenium.facebook.pom.pages.ProfilePage.takeScreenShot(ProfilePage.java:28)
	at com.qtpselenium.facebook.pom.pages.ProfilePage.takeScreenShot(ProfilePage.java:28)
	at com.qtpselenium.facebook.pom.pages.ProfilePage.takeScreenShot(ProfilePage.java:28)
	at com.qtpselenium.facebook.pom.pages.ProfilePage.takeScreenShot(ProfilePage.java:28)
	at com.qtpselenium.facebook.pom.pages.ProfilePage.takeScreenShot(ProfilePage.java:28)
	at com.qtpselenium.facebook.pom.pages.ProfilePage.takeScreenShot(ProfilePage.java:28)
	at com.qtpselenium.facebook.pom.pages.ProfilePage.takeScreenShot(ProfilePage.java:28)
	at com.qtpselenium.facebook.pom.pages.ProfilePage.takeScreenShot(ProfilePage.java:28)
	at com.qtpselenium.facebook.pom.pages.ProfilePage.takeScreenShot(ProfilePage.java:28)
	at com.qtpselenium.facebook.pom.pages.ProfilePage.takeScreenShot(ProfilePage.java:28)
	at com.qtpselenium.facebook.pom.pages.ProfilePage.takeScreenShot(ProfilePage.java:28)
	at com.qtpselenium.facebook.pom.pages.ProfilePage.takeScreenShot(ProfilePage.java:28)
	at com.qtpselenium.facebook.pom.pages.ProfilePage.takeScreenShot(ProfilePage.java:28)
	at com.qtpselenium.facebook.pom.pages.ProfilePage.takeScreenShot(ProfilePage.java:28)
	at com.qtpselenium.facebook.pom.pages.ProfilePage.takeScreenShot(ProfilePage.java:28)
	at com.qtpselenium.facebook.pom.pages.ProfilePage.takeScreenShot(ProfilePage.java:28)
	at com.qtpselenium.facebook.pom.pages.ProfilePage.takeScreenShot(ProfilePage.java:28)
	at com.qtpselenium.facebook.pom.pages.ProfilePage.takeScreenShot(ProfilePage.java:28)
	at com.qtpselenium.facebook.pom.pages.ProfilePage.takeScreenShot(ProfilePage.java:28)
	at com.qtpselenium.facebook.pom.pages.ProfilePage.takeScreenShot(ProfilePage.java:28)
	at com.qtpselenium.facebook.pom.pages.ProfilePage.takeScreenShot(ProfilePage.java:28)
	at com.qtpselenium.facebook.pom.pages.ProfilePage.takeScreenShot(ProfilePage.java:28)
	at com.qtpselenium.facebook.pom.pages.ProfilePage.takeScreenShot(ProfilePage.java:28)
	at com.qtpselenium.facebook.pom.pages.ProfilePage.takeScreenShot(ProfilePage.java:28)
	at com.qtpselenium.facebook.pom.pages.ProfilePage.takeScreenShot(ProfilePage.java:28)
	at com.qtpselenium.facebook.pom.pages.ProfilePage.takeScreenShot(ProfilePage.java:28)
	at com.qtpselenium.facebook.pom.pages.ProfilePage.takeScreenShot(ProfilePage.java:28)
	at com.qtpselenium.facebook.pom.pages.ProfilePage.takeScreenShot(ProfilePage.java:28)
	at com.qtpselenium.facebook.pom.pages.ProfilePage.takeScreenShot(ProfilePage.java:28)
	at com.qtpselenium.facebook.pom.pages.ProfilePage.takeScreenShot(ProfilePage.java:28)
	at com.qtpselenium.facebook.pom.pages.ProfilePage.takeScreenShot(ProfilePage.java:28)
	at com.qtpselenium.facebook.pom.pages.ProfilePage.takeScreenShot(ProfilePage.java:28)
	at com.qtpselenium.facebook.pom.pages.ProfilePage.takeScreenShot(ProfilePage.java:28)
	at com.qtpselenium.facebook.pom.pages.ProfilePage.takeScreenShot(ProfilePage.java:28)
	at com.qtpselenium.facebook.pom.pages.ProfilePage.takeScreenShot(ProfilePage.java:28)
	at com.qtpselenium.facebook.pom.pages.ProfilePage.takeScreenShot(ProfilePage.java:28)
	at com.qtpselenium.facebook.pom.pages.ProfilePage.takeScreenShot(ProfilePage.java:28)
	at com.qtpselenium.facebook.pom.pages.ProfilePage.takeScreenShot(ProfilePage.java:28)
	at com.qtpselenium.facebook.pom.pages.ProfilePage.takeScreenShot(ProfilePage.java:28)
	at com.qtpselenium.facebook.pom.pages.ProfilePage.takeScreenShot(ProfilePage.java:28)
	at com.qtpselenium.facebook.pom.pages.ProfilePage.takeScreenShot(ProfilePage.java:28)
	at com.qtpselenium.facebook.pom.pages.ProfilePage.takeScreenShot(ProfilePage.java:28)
	at com.qtpselenium.facebook.pom.pages.ProfilePage.takeScreenShot(ProfilePage.java:28)
	at com.qtpselenium.facebook.pom.pages.ProfilePage.takeScreenShot(ProfilePage.java:28)
	at com.qtpselenium.facebook.pom.pages.ProfilePage.takeScreenShot(ProfilePage.java:28)
	at com.qtpselenium.facebook.pom.pages.ProfilePage.takeScreenShot(ProfilePage.java:28)
	at com.qtpselenium.facebook.pom.pages.ProfilePage.takeScreenShot(ProfilePage.java:28)
	at com.qtpselenium.facebook.pom.pages.ProfilePage.takeScreenShot(ProfilePage.java:28)
	at com.qtpselenium.facebook.pom.pages.ProfilePage.takeScreenShot(ProfilePage.java:28)
	at com.qtpselenium.facebook.pom.pages.ProfilePage.takeScreenShot(ProfilePage.java:28)
	at com.qtpselenium.facebook.pom.pages.ProfilePage.takeScreenShot(ProfilePage.java:28)
	at com.qtpselenium.facebook.pom.pages.ProfilePage.takeScreenShot(ProfilePage.java:28)
	at com.qtpselenium.facebook.pom.pages.ProfilePage.takeScreenShot(ProfilePage.java:28)
	at com.qtpselenium.facebook.pom.pages.ProfilePage.takeScreenShot(ProfilePage.java:28)
	at com.qtpselenium.facebook.pom.pages.ProfilePage.takeScreenShot(ProfilePage.java:28)
	at com.qtpselenium.facebook.pom.pages.ProfilePage.takeScreenShot(ProfilePage.java:28)
	at com.qtpselenium.facebook.pom.pages.ProfilePage.takeScreenShot(ProfilePage.java:28)
	at com.qtpselenium.facebook.pom.pages.ProfilePage.takeScreenShot(ProfilePage.java:28)
	at com.qtpselenium.facebook.pom.pages.ProfilePage.takeScreenShot(ProfilePage.java:28)
	at com.qtpselenium.facebook.pom.pages.ProfilePage.takeScreenShot(ProfilePage.java:28)
	at com.qtpselenium.facebook.pom.pages.ProfilePage.takeScreenShot(ProfilePage.java:28)
	at com.qtpselenium.facebook.pom.pages.ProfilePage.takeScreenShot(ProfilePage.java:28)
	at com.qtpselenium.facebook.pom.pages.ProfilePage.takeScreenShot(ProfilePage.java:28)
	at com.qtpselenium.facebook.pom.pages.ProfilePage.takeScreenShot(ProfilePage.java:28)
	at com.qtpselenium.facebook.pom.pages.ProfilePage.takeScreenShot(ProfilePage.java:28)
	at com.qtpselenium.facebook.pom.pages.ProfilePage.takeScreenShot(ProfilePage.java:28)
	at com.qtpselenium.facebook.pom.pages.ProfilePage.takeScreenShot(ProfilePage.java:28)
	at com.qtpselenium.facebook.pom.pages.ProfilePage.takeScreenShot(ProfilePage.java:28)
	at com.qtpselenium.facebook.pom.pages.ProfilePage.takeScreenShot(ProfilePage.java:28)
	at com.qtpselenium.facebook.pom.pages.ProfilePage.takeScreenShot(ProfilePage.java:28)
	at com.qtpselenium.facebook.pom.pages.ProfilePage.takeScreenShot(ProfilePage.java:28)
	at com.qtpselenium.facebook.pom.pages.ProfilePage.takeScreenShot(ProfilePage.java:28)
	at com.qtpselenium.facebook.pom.pages.ProfilePage.takeScreenShot(ProfilePage.java:28)
	at com.qtpselenium.facebook.pom.pages.ProfilePage.takeScreenShot(ProfilePage.java:28)
	at com.qtpselenium.facebook.pom.pages.ProfilePage.takeScreenShot(ProfilePage.java:28)
	at com.qtpselenium.facebook.pom.pages.ProfilePage.takeScreenShot(ProfilePage.java:28)
	at com.qtpselenium.facebook.pom.pages.ProfilePage.takeScreenShot(ProfilePage.java:28)
	at com.qtpselenium.facebook.pom.pages.ProfilePage.takeScreenShot(ProfilePage.java:28)
	at com.qtpselenium.facebook.pom.pages.ProfilePage.takeScreenShot(ProfilePage.java:28)
	at com.qtpselenium.facebook.pom.pages.ProfilePage.takeScreenShot(ProfilePage.java:28)
	at com.qtpselenium.facebook.pom.pages.ProfilePage.takeScreenShot(ProfilePage.java:28)
	at com.qtpselenium.facebook.pom.pages.ProfilePage.takeScreenShot(ProfilePage.java:28)
	at com.qtpselenium.facebook.pom.pages.ProfilePage.takeScreenShot(ProfilePage.java:28)
	at com.qtpselenium.facebook.pom.pages.ProfilePage.takeScreenShot(ProfilePage.java:28)
	at com.qtpselenium.facebook.pom.pages.ProfilePage.takeScreenShot(ProfilePage.java:28)
	at com.qtpselenium.facebook.pom.pages.ProfilePage.takeScreenShot(ProfilePage.java:28)
	at com.qtpselenium.facebook.pom.pages.ProfilePage.takeScreenShot(ProfilePage.java:28)
	at com.qtpselenium.facebook.pom.pages.ProfilePage.takeScreenShot(ProfilePage.java:28)
	at com.qtpselenium.facebook.pom.pages.ProfilePage.takeScreenShot(ProfilePage.java:28)
	at com.qtpselenium.facebook.pom.pages.ProfilePage.takeScreenShot(ProfilePage.java:28)
	at com.qtpselenium.facebook.pom.pages.ProfilePage.takeScreenShot(ProfilePage.java:28)
	at com.qtpselenium.facebook.pom.pages.ProfilePage.takeScreenShot(ProfilePage.java:28)
	at com.qtpselenium.facebook.pom.pages.ProfilePage.takeScreenShot(ProfilePage.java:28)
	at com.qtpselenium.facebook.pom.pages.ProfilePage.takeScreenShot(ProfilePage.java:28)
	at com.qtpselenium.facebook.pom.pages.ProfilePage.takeScreenShot(ProfilePage.java:28)
	at com.qtpselenium.facebook.pom.pages.ProfilePage.takeScreenShot(ProfilePage.java:28)
	at com.qtpselenium.facebook.pom.pages.ProfilePage.takeScreenShot(ProfilePage.java:28)
	at com.qtpselenium.facebook.pom.pages.ProfilePage.takeScreenShot(ProfilePage.java:28)
	at com.qtpselenium.facebook.pom.pages.ProfilePage.takeScreenShot(ProfilePage.java:28)
	at com.qtpselenium.facebook.pom.pages.ProfilePage.takeScreenShot(ProfilePage.java:28)
	at com.qtpselenium.facebook.pom.pages.ProfilePage.takeScreenShot(ProfilePage.java:28)
	at com.qtpselenium.facebook.pom.pages.ProfilePage.takeScreenShot(ProfilePage.java:28)
	at com.qtpselenium.facebook.pom.pages.ProfilePage.takeScreenShot(ProfilePage.java:28)
	at com.qtpselenium.facebook.pom.pages.ProfilePage.takeScreenShot(ProfilePage.java:28)
	at com.qtpselenium.facebook.pom.pages.ProfilePage.takeScreenShot(ProfilePage.java:28)
	at com.qtpselenium.facebook.pom.pages.ProfilePage.takeScreenShot(ProfilePage.java:28)
	at com.qtpselenium.facebook.pom.pages.ProfilePage.takeScreenShot(ProfilePage.java:28)
	at com.qtpselenium.facebook.pom.pages.ProfilePage.takeScreenShot(ProfilePage.java:28)
	at com.qtpselenium.facebook.pom.pages.ProfilePage.takeScreenShot(ProfilePage.java:28)
	at com.qtpselenium.facebook.pom.pages.ProfilePage.takeScreenShot(ProfilePage.java:28)
	at com.qtpselenium.facebook.pom.pages.ProfilePage.takeScreenShot(ProfilePage.java:28)
	at com.qtpselenium.facebook.pom.pages.ProfilePage.takeScreenShot(ProfilePage.java:28)
	at com.qtpselenium.facebook.pom.pages.ProfilePage.takeScreenShot(ProfilePage.java:28)
	at com.qtpselenium.facebook.pom.pages.ProfilePage.takeScreenShot(ProfilePage.java:28)
	at com.qtpselenium.facebook.pom.pages.ProfilePage.takeScreenShot(ProfilePage.java:28)
	at com.qtpselenium.facebook.pom.pages.ProfilePage.takeScreenShot(ProfilePage.java:28)
	at com.qtpselenium.facebook.pom.pages.ProfilePage.takeScreenShot(ProfilePage.java:28)
	at com.qtpselenium.facebook.pom.pages.ProfilePage.takeScreenShot(ProfilePage.java:28)
	at com.qtpselenium.facebook.pom.pages.ProfilePage.takeScreenShot(ProfilePage.java:28)
	at com.qtpselenium.facebook.pom.pages.ProfilePage.takeScreenShot(ProfilePage.java:28)
	at com.qtpselenium.facebook.pom.pages.ProfilePage.takeScreenShot(ProfilePage.java:28)
	at com.qtpselenium.facebook.pom.pages.ProfilePage.takeScreenShot(ProfilePage.java:28)
	at com.qtpselenium.facebook.pom.pages.ProfilePage.takeScreenShot(ProfilePage.java:28)
	at com.qtpselenium.facebook.pom.pages.ProfilePage.takeScreenShot(ProfilePage.java:28)
	at com.qtpselenium.facebook.pom.pages.ProfilePage.takeScreenShot(ProfilePage.java:28)
	at com.qtpselenium.facebook.pom.pages.ProfilePage.takeScreenShot(ProfilePage.java:28)
	at com.qtpselenium.facebook.pom.pages.ProfilePage.takeScreenShot(ProfilePage.java:28)
	at com.qtpselenium.facebook.pom.pages.ProfilePage.takeScreenShot(ProfilePage.java:28)
	at com.qtpselenium.facebook.pom.pages.ProfilePage.takeScreenShot(ProfilePage.java:28)
	at com.qtpselenium.facebook.pom.pages.ProfilePage.takeScreenShot(ProfilePage.java:28)
	at com.qtpselenium.facebook.pom.pages.ProfilePage.takeScreenShot(ProfilePage.java:28)
	at com.qtpselenium.facebook.pom.pages.ProfilePage.takeScreenShot(ProfilePage.java:28)
	at com.qtpselenium.facebook.pom.pages.ProfilePage.takeScreenShot(ProfilePage.java:28)
	at com.qtpselenium.facebook.pom.pages.ProfilePage.takeScreenShot(ProfilePage.java:28)
	at com.qtpselenium.facebook.pom.pages.ProfilePage.takeScreenShot(ProfilePage.java:28)
	at com.qtpselenium.facebook.pom.pages.ProfilePage.takeScreenShot(ProfilePage.java:28)
	at com.qtpselenium.facebook.pom.pages.ProfilePage.takeScreenShot(ProfilePage.java:28)
	at com.qtpselenium.facebook.pom.pages.ProfilePage.takeScreenShot(ProfilePage.java:28)
	at com.qtpselenium.facebook.pom.pages.ProfilePage.takeScreenShot(ProfilePage.java:28)
	at com.qtpselenium.facebook.pom.pages.ProfilePage.takeScreenShot(ProfilePage.java:28)
	at com.qtpselenium.facebook.pom.pages.ProfilePage.takeScreenShot(ProfilePage.java:28)
	at com.qtpselenium.facebook.pom.pages.ProfilePage.takeScreenShot(ProfilePage.java:28)
	at com.qtpselenium.facebook.pom.pages.ProfilePage.takeScreenShot(ProfilePage.java:28)
	at com.qtpselenium.facebook.pom.pages.ProfilePage.takeScreenShot(ProfilePage.java:28)
	at com.qtpselenium.facebook.pom.pages.ProfilePage.takeScreenShot(ProfilePage.java:28)
	at com.qtpselenium.facebook.pom.pages.ProfilePage.takeScreenShot(ProfilePage.java:28)
	at com.qtpselenium.facebook.pom.pages.ProfilePage.takeScreenShot(ProfilePage.java:28)
	at com.qtpselenium.facebook.pom.pages.ProfilePage.takeScreenShot(ProfilePage.java:28)
	at com.qtpselenium.facebook.pom.pages.ProfilePage.takeScreenShot(ProfilePage.java:28)
	at com.qtpselenium.facebook.pom.pages.ProfilePage.takeScreenShot(ProfilePage.java:28)
	at com.qtpselenium.facebook.pom.pages.ProfilePage.takeScreenShot(ProfilePage.java:28)
	at com.qtpselenium.facebook.pom.pages.ProfilePage.takeScreenShot(ProfilePage.java:28)
	at com.qtpselenium.facebook.pom.pages.ProfilePage.takeScreenShot(ProfilePage.java:28)
	at com.qtpselenium.facebook.pom.pages.ProfilePage.takeScreenShot(ProfilePage.java:28)
	at com.qtpselenium.facebook.pom.pages.ProfilePage.takeScreenShot(ProfilePage.java:28)
	at com.qtpselenium.facebook.pom.pages.ProfilePage.takeScreenShot(ProfilePage.java:28)
	at com.qtpselenium.facebook.pom.pages.ProfilePage.takeScreenShot(ProfilePage.java:28)
	at com.qtpselenium.facebook.pom.pages.ProfilePage.takeScreenShot(ProfilePage.java:28)
	at com.qtpselenium.facebook.pom.pages.ProfilePage.takeScreenShot(ProfilePage.java:28)
	at com.qtpselenium.facebook.pom.pages.ProfilePage.takeScreenShot(ProfilePage.java:28)
	at com.qtpselenium.facebook.pom.pages.ProfilePage.takeScreenShot(ProfilePage.java:28)
	at com.qtpselenium.facebook.pom.pages.ProfilePage.takeScreenShot(ProfilePage.java:28)
	at com.qtpselenium.facebook.pom.pages.ProfilePage.takeScreenShot(ProfilePage.java:28)
	at com.qtpselenium.facebook.pom.pages.ProfilePage.takeScreenShot(ProfilePage.java:28)
	at com.qtpselenium.facebook.pom.pages.ProfilePage.takeScreenShot(ProfilePage.java:28)
	at com.qtpselenium.facebook.pom.pages.ProfilePage.takeScreenShot(ProfilePage.java:28)
	at com.qtpselenium.facebook.pom.pages.ProfilePage.takeScreenShot(ProfilePage.java:28)
	at com.qtpselenium.facebook.pom.pages.ProfilePage.takeScreenShot(ProfilePage.java:28)
	at com.qtpselenium.facebook.pom.pages.ProfilePage.takeScreenShot(ProfilePage.java:28)
	at com.qtpselenium.facebook.pom.pages.ProfilePage.takeScreenShot(ProfilePage.java:28)
	at com.qtpselenium.facebook.pom.pages.ProfilePage.takeScreenShot(ProfilePage.java:28)
	at com.qtpselenium.facebook.pom.pages.ProfilePage.takeScreenShot(ProfilePage.java:28)
	at com.qtpselenium.facebook.pom.pages.ProfilePage.takeScreenShot(ProfilePage.java:28)
	at com.qtpselenium.facebook.pom.pages.ProfilePage.takeScreenShot(ProfilePage.java:28)
	at com.qtpselenium.facebook.pom.pages.ProfilePage.takeScreenShot(ProfilePage.java:28)
	at com.qtpselenium.facebook.pom.pages.ProfilePage.takeScreenShot(ProfilePage.java:28)
	at com.qtpselenium.facebook.pom.pages.ProfilePage.takeScreenShot(ProfilePage.java:28)
	at com.qtpselenium.facebook.pom.pages.ProfilePage.takeScreenShot(ProfilePage.java:28)
	at com.qtpselenium.facebook.pom.pages.ProfilePage.takeScreenShot(ProfilePage.java:28)
	at com.qtpselenium.facebook.pom.pages.ProfilePage.takeScreenShot(ProfilePage.java:28)
	at com.qtpselenium.facebook.pom.pages.ProfilePage.takeScreenShot(ProfilePage.java:28)
	at com.qtpselenium.facebook.pom.pages.ProfilePage.takeScreenShot(ProfilePage.java:28)
	at com.qtpselenium.facebook.pom.pages.ProfilePage.takeScreenShot(ProfilePage.java:28)
	at com.qtpselenium.facebook.pom.pages.ProfilePage.takeScreenShot(ProfilePage.java:28)
	at com.qtpselenium.facebook.pom.pages.ProfilePage.takeScreenShot(ProfilePage.java:28)
	at com.qtpselenium.facebook.pom.pages.ProfilePage.takeScreenShot(ProfilePage.java:28)
	at com.qtpselenium.facebook.pom.pages.ProfilePage.takeScreenShot(ProfilePage.java:28)
	at com.qtpselenium.facebook.pom.pages.ProfilePage.takeScreenShot(ProfilePage.java:28)
	at com.qtpselenium.facebook.pom.pages.ProfilePage.takeScreenShot(ProfilePage.java:28)
	at com.qtpselenium.facebook.pom.pages.ProfilePage.takeScreenShot(ProfilePage.java:28)
	at com.qtpselenium.facebook.pom.pages.ProfilePage.takeScreenShot(ProfilePage.java:28)
	at com.qtpselenium.facebook.pom.pages.ProfilePage.takeScreenShot(ProfilePage.java:28)
	at com.qtpselenium.facebook.pom.pages.ProfilePage.takeScreenShot(ProfilePage.java:28)
	at com.qtpselenium.facebook.pom.pages.ProfilePage.takeScreenShot(ProfilePage.java:28)
	at com.qtpselenium.facebook.pom.pages.ProfilePage.takeScreenShot(ProfilePage.java:28)
	at com.qtpselenium.facebook.pom.pages.ProfilePage.takeScreenShot(ProfilePage.java:28)
	at com.qtpselenium.facebook.pom.pages.ProfilePage.takeScreenShot(ProfilePage.java:28)
	at com.qtpselenium.facebook.pom.pages.ProfilePage.takeScreenShot(ProfilePage.java:28)
	at com.qtpselenium.facebook.pom.pages.ProfilePage.takeScreenShot(ProfilePage.java:28)
	at com.qtpselenium.facebook.pom.pages.ProfilePage.takeScreenShot(ProfilePage.java:28)
	at com.qtpselenium.facebook.pom.pages.ProfilePage.takeScreenShot(ProfilePage.java:28)
	at com.qtpselenium.facebook.pom.pages.ProfilePage.takeScreenShot(ProfilePage.java:28)
	at com.qtpselenium.facebook.pom.pages.ProfilePage.takeScreenShot(ProfilePage.java:28)
	at com.qtpselenium.facebook.pom.pages.ProfilePage.takeScreenShot(ProfilePage.java:28)
	at com.qtpselenium.facebook.pom.pages.ProfilePage.takeScreenShot(ProfilePage.java:28)
	at com.qtpselenium.facebook.pom.pages.ProfilePage.takeScreenShot(ProfilePage.java:28)
	at com.qtpselenium.facebook.pom.pages.ProfilePage.takeScreenShot(ProfilePage.java:28)
	at com.qtpselenium.facebook.pom.pages.ProfilePage.takeScreenShot(ProfilePage.java:28)
	at com.qtpselenium.facebook.pom.pages.ProfilePage.takeScreenShot(ProfilePage.java:28)
	at com.qtpselenium.facebook.pom.pages.ProfilePage.takeScreenShot(ProfilePage.java:28)
	at com.qtpselenium.facebook.pom.pages.ProfilePage.takeScreenShot(ProfilePage.java:28)
	at com.qtpselenium.facebook.pom.pages.ProfilePage.takeScreenShot(ProfilePage.java:28)
	at com.qtpselenium.facebook.pom.pages.ProfilePage.takeScreenShot(ProfilePage.java:28)
	at com.qtpselenium.facebook.pom.pages.ProfilePage.takeScreenShot(ProfilePage.java:28)
	at com.qtpselenium.facebook.pom.pages.ProfilePage.takeScreenShot(ProfilePage.java:28)
	at com.qtpselenium.facebook.pom.pages.ProfilePage.takeScreenShot(ProfilePage.java:28)
	at com.qtpselenium.facebook.pom.pages.ProfilePage.takeScreenShot(ProfilePage.java:28)
	at com.qtpselenium.facebook.pom.pages.ProfilePage.takeScreenShot(ProfilePage.java:28)
	at com.qtpselenium.facebook.pom.pages.ProfilePage.takeScreenShot(ProfilePage.java:28)
	at com.qtpselenium.facebook.pom.pages.ProfilePage.takeScreenShot(ProfilePage.java:28)
	at com.qtpselenium.facebook.pom.pages.ProfilePage.takeScreenShot(ProfilePage.java:28)
	at com.qtpselenium.facebook.pom.pages.ProfilePage.takeScreenShot(ProfilePage.java:28)
	at com.qtpselenium.facebook.pom.pages.ProfilePage.takeScreenShot(ProfilePage.java:28)
]]>
            </full-stacktrace>
          </exception> <!-- java.lang.StackOverflowError -->
          <reporter-output>
          </reporter-output>
        </test-method> <!-- testProfile -->
        <test-method status="PASS" signature="shutDown()[pri:0, instance:com.qtpselenium.facebook.pom.testCases.ProfileTest@7a187f14]" name="shutDown" is-config="true" duration-ms="417" started-at="2018-02-14T22:18:05Z" finished-at="2018-02-14T22:18:06Z">
          <reporter-output>
          </reporter-output>
        </test-method> <!-- shutDown -->
      </class> <!-- com.qtpselenium.facebook.pom.testCases.ProfileTest -->
    </test> <!-- Default test -->
  </suite> <!-- Default suite -->
</testng-results>
